25-May-2025 14:32:55.150 정보 [main] org.apache.catalina.startup.VersionLoggerListener.log 서버 버전 이름:    Apache Tomcat/9.0.100
25-May-2025 14:32:55.172 정보 [main] org.apache.catalina.startup.VersionLoggerListener.log Server 빌드 시각:  Feb 13 2025 11:29:56 UTC
25-May-2025 14:32:55.173 정보 [main] org.apache.catalina.startup.VersionLoggerListener.log Server 버전 번호:  9.0.100.0
25-May-2025 14:32:55.173 정보 [main] org.apache.catalina.startup.VersionLoggerListener.log 운영체제 이름:     Linux
25-May-2025 14:32:55.173 정보 [main] org.apache.catalina.startup.VersionLoggerListener.log 운영체제 버전:     5.14.0-583.el9.x86_64
25-May-2025 14:32:55.173 정보 [main] org.apache.catalina.startup.VersionLoggerListener.log 아키텍처:          amd64
25-May-2025 14:32:55.174 정보 [main] org.apache.catalina.startup.VersionLoggerListener.log 자바 홈:           /usr/lib/jvm/java-11-openjdk-11.0.20.1.1-2.el9.x86_64
25-May-2025 14:32:55.174 정보 [main] org.apache.catalina.startup.VersionLoggerListener.log JVM 버전:          11.0.20.1+1-LTS
25-May-2025 14:32:55.174 정보 [main] org.apache.catalina.startup.VersionLoggerListener.log JVM 벤더:          Red Hat, Inc.
25-May-2025 14:32:55.175 정보 [main] org.apache.catalina.startup.VersionLoggerListener.log CATALINA_BASE:     /root/webHack/tomcat
25-May-2025 14:32:55.175 정보 [main] org.apache.catalina.startup.VersionLoggerListener.log CATALINA_HOME:     /root/webHack/tomcat
25-May-2025 14:32:55.265 정보 [main] org.apache.catalina.startup.VersionLoggerListener.log 명령 행 아규먼트:  --add-opens=java.base/java.lang=ALL-UNNAMED
25-May-2025 14:32:55.266 정보 [main] org.apache.catalina.startup.VersionLoggerListener.log 명령 행 아규먼트:  --add-opens=java.base/java.io=ALL-UNNAMED
25-May-2025 14:32:55.267 정보 [main] org.apache.catalina.startup.VersionLoggerListener.log 명령 행 아규먼트:  --add-opens=java.base/java.util=ALL-UNNAMED
25-May-2025 14:32:55.267 정보 [main] org.apache.catalina.startup.VersionLoggerListener.log 명령 행 아규먼트:  --add-opens=java.base/java.util.concurrent=ALL-UNNAMED
25-May-2025 14:32:55.268 정보 [main] org.apache.catalina.startup.VersionLoggerListener.log 명령 행 아규먼트:  --add-opens=java.rmi/sun.rmi.transport=ALL-UNNAMED
25-May-2025 14:32:55.268 정보 [main] org.apache.catalina.startup.VersionLoggerListener.log 명령 행 아규먼트:  -Djava.util.logging.config.file=/root/webHack/tomcat/conf/logging.properties
25-May-2025 14:32:55.269 정보 [main] org.apache.catalina.startup.VersionLoggerListener.log 명령 행 아규먼트:  -Djava.util.logging.manager=org.apache.juli.ClassLoaderLogManager
25-May-2025 14:32:55.269 정보 [main] org.apache.catalina.startup.VersionLoggerListener.log 명령 행 아규먼트:  -Duser.timezone=Asia/Seoul
25-May-2025 14:32:55.271 정보 [main] org.apache.catalina.startup.VersionLoggerListener.log 명령 행 아규먼트:  -Djdk.tls.ephemeralDHKeySize=2048
25-May-2025 14:32:55.272 정보 [main] org.apache.catalina.startup.VersionLoggerListener.log 명령 행 아규먼트:  -Djava.protocol.handler.pkgs=org.apache.catalina.webresources
25-May-2025 14:32:55.272 정보 [main] org.apache.catalina.startup.VersionLoggerListener.log 명령 행 아규먼트:  -Dsun.io.useCanonCaches=false
25-May-2025 14:32:55.273 정보 [main] org.apache.catalina.startup.VersionLoggerListener.log 명령 행 아규먼트:  -Dorg.apache.catalina.security.SecurityListener.UMASK=0027
25-May-2025 14:32:55.273 정보 [main] org.apache.catalina.startup.VersionLoggerListener.log 명령 행 아규먼트:  -Dignore.endorsed.dirs=
25-May-2025 14:32:55.274 정보 [main] org.apache.catalina.startup.VersionLoggerListener.log 명령 행 아규먼트:  -Dcatalina.base=/root/webHack/tomcat
25-May-2025 14:32:55.274 정보 [main] org.apache.catalina.startup.VersionLoggerListener.log 명령 행 아규먼트:  -Dcatalina.home=/root/webHack/tomcat
25-May-2025 14:32:55.275 정보 [main] org.apache.catalina.startup.VersionLoggerListener.log 명령 행 아규먼트:  -Djava.io.tmpdir=/root/webHack/tomcat/temp
25-May-2025 14:32:55.279 정보 [main] org.apache.catalina.core.AprLifecycleListener.lifecycleEvent 프로덕션 환경들에서 최적의 성능을 제공하는, APR 기반 Apache Tomcat Native 라이브러리가, 다음 java.library.path에서 발견되지 않습니다: [/usr/java/packages/lib:/usr/lib64:/lib64:/lib:/usr/lib]
25-May-2025 14:32:56.495 정보 [main] org.apache.coyote.AbstractProtocol.init 프로토콜 핸들러 ["http-nio-8080"]을(를) 초기화합니다.
25-May-2025 14:32:56.584 정보 [main] org.apache.catalina.startup.Catalina.load [2373] 밀리초 내에 서버가 초기화되었습니다.
25-May-2025 14:32:56.778 정보 [main] org.apache.catalina.core.StandardService.startInternal 서비스 [Catalina]을(를) 시작합니다.
25-May-2025 14:32:56.778 정보 [main] org.apache.catalina.core.StandardEngine.startInternal 서버 엔진을 시작합니다: [Apache Tomcat/9.0.100]
25-May-2025 14:32:56.808 정보 [main] org.apache.catalina.startup.HostConfig.deployDirectory 웹 애플리케이션 디렉토리 [/root/webHack/tomcat/webapps/ROOT]을(를) 배치합니다.
25-May-2025 14:32:59.117 정보 [main] org.apache.jasper.servlet.TldScanner.scanJars 적어도 하나의 JAR가 TLD들을 찾기 위해 스캔되었으나 아무 것도 찾지 못했습니다. 스캔했으나 TLD가 없는 JAR들의 전체 목록을 보시려면, 로그 레벨을 디버그 레벨로 설정하십시오. 스캔 과정에서 불필요한 JAR들을 건너뛰면, 시스템 시작 시간과 JSP 컴파일 시간을 단축시킬 수 있습니다.
25-May-2025 14:33:01.972 정보 [main] org.apache.catalina.startup.HostConfig.deployDirectory 웹 애플리케이션 디렉토리 [/root/webHack/tomcat/webapps/ROOT]에 대한 배치가 [5,162] 밀리초에 완료되었습니다.
25-May-2025 14:33:01.973 정보 [main] org.apache.catalina.startup.HostConfig.deployDirectory 웹 애플리케이션 디렉토리 [/root/webHack/tomcat/webapps/docs]을(를) 배치합니다.
25-May-2025 14:33:03.487 정보 [main] org.apache.jasper.servlet.TldScanner.scanJars 적어도 하나의 JAR가 TLD들을 찾기 위해 스캔되었으나 아무 것도 찾지 못했습니다. 스캔했으나 TLD가 없는 JAR들의 전체 목록을 보시려면, 로그 레벨을 디버그 레벨로 설정하십시오. 스캔 과정에서 불필요한 JAR들을 건너뛰면, 시스템 시작 시간과 JSP 컴파일 시간을 단축시킬 수 있습니다.
25-May-2025 14:33:03.503 정보 [main] org.apache.catalina.startup.HostConfig.deployDirectory 웹 애플리케이션 디렉토리 [/root/webHack/tomcat/webapps/docs]에 대한 배치가 [1,529] 밀리초에 완료되었습니다.
25-May-2025 14:33:03.505 정보 [main] org.apache.catalina.startup.HostConfig.deployDirectory 웹 애플리케이션 디렉토리 [/root/webHack/tomcat/webapps/examples]을(를) 배치합니다.
25-May-2025 14:33:04.836 정보 [main] org.apache.jasper.servlet.TldScanner.scanJars 적어도 하나의 JAR가 TLD들을 찾기 위해 스캔되었으나 아무 것도 찾지 못했습니다. 스캔했으나 TLD가 없는 JAR들의 전체 목록을 보시려면, 로그 레벨을 디버그 레벨로 설정하십시오. 스캔 과정에서 불필요한 JAR들을 건너뛰면, 시스템 시작 시간과 JSP 컴파일 시간을 단축시킬 수 있습니다.
25-May-2025 14:33:04.927 정보 [main] org.apache.catalina.startup.HostConfig.deployDirectory 웹 애플리케이션 디렉토리 [/root/webHack/tomcat/webapps/examples]에 대한 배치가 [1,422] 밀리초에 완료되었습니다.
25-May-2025 14:33:04.928 정보 [main] org.apache.catalina.startup.HostConfig.deployDirectory 웹 애플리케이션 디렉토리 [/root/webHack/tomcat/webapps/host-manager]을(를) 배치합니다.
25-May-2025 14:33:05.839 정보 [main] org.apache.jasper.servlet.TldScanner.scanJars 적어도 하나의 JAR가 TLD들을 찾기 위해 스캔되었으나 아무 것도 찾지 못했습니다. 스캔했으나 TLD가 없는 JAR들의 전체 목록을 보시려면, 로그 레벨을 디버그 레벨로 설정하십시오. 스캔 과정에서 불필요한 JAR들을 건너뛰면, 시스템 시작 시간과 JSP 컴파일 시간을 단축시킬 수 있습니다.
25-May-2025 14:33:05.851 정보 [main] org.apache.catalina.startup.HostConfig.deployDirectory 웹 애플리케이션 디렉토리 [/root/webHack/tomcat/webapps/host-manager]에 대한 배치가 [922] 밀리초에 완료되었습니다.
25-May-2025 14:33:05.851 정보 [main] org.apache.catalina.startup.HostConfig.deployDirectory 웹 애플리케이션 디렉토리 [/root/webHack/tomcat/webapps/manager]을(를) 배치합니다.
25-May-2025 14:33:06.642 정보 [main] org.apache.jasper.servlet.TldScanner.scanJars 적어도 하나의 JAR가 TLD들을 찾기 위해 스캔되었으나 아무 것도 찾지 못했습니다. 스캔했으나 TLD가 없는 JAR들의 전체 목록을 보시려면, 로그 레벨을 디버그 레벨로 설정하십시오. 스캔 과정에서 불필요한 JAR들을 건너뛰면, 시스템 시작 시간과 JSP 컴파일 시간을 단축시킬 수 있습니다.
25-May-2025 14:33:06.648 정보 [main] org.apache.catalina.startup.HostConfig.deployDirectory 웹 애플리케이션 디렉토리 [/root/webHack/tomcat/webapps/manager]에 대한 배치가 [796] 밀리초에 완료되었습니다.
25-May-2025 14:33:06.672 정보 [main] org.apache.coyote.AbstractProtocol.start 프로토콜 핸들러 ["http-nio-8080"]을(를) 시작합니다.
25-May-2025 14:33:06.736 정보 [main] org.apache.catalina.startup.Catalina.start 서버가 [10151] 밀리초 내에 시작되었습니다.
25-May-2025 15:18:18.605 정보 [main] org.apache.catalina.startup.VersionLoggerListener.log 서버 버전 이름:    Apache Tomcat/9.0.100
25-May-2025 15:18:18.619 정보 [main] org.apache.catalina.startup.VersionLoggerListener.log Server 빌드 시각:  Feb 13 2025 11:29:56 UTC
25-May-2025 15:18:18.620 정보 [main] org.apache.catalina.startup.VersionLoggerListener.log Server 버전 번호:  9.0.100.0
25-May-2025 15:18:18.621 정보 [main] org.apache.catalina.startup.VersionLoggerListener.log 운영체제 이름:     Linux
25-May-2025 15:18:18.622 정보 [main] org.apache.catalina.startup.VersionLoggerListener.log 운영체제 버전:     5.14.0-583.el9.x86_64
25-May-2025 15:18:18.622 정보 [main] org.apache.catalina.startup.VersionLoggerListener.log 아키텍처:          amd64
25-May-2025 15:18:18.622 정보 [main] org.apache.catalina.startup.VersionLoggerListener.log 자바 홈:           /usr/lib/jvm/java-11-openjdk-11.0.20.1.1-2.el9.x86_64
25-May-2025 15:18:18.623 정보 [main] org.apache.catalina.startup.VersionLoggerListener.log JVM 버전:          11.0.20.1+1-LTS
25-May-2025 15:18:18.623 정보 [main] org.apache.catalina.startup.VersionLoggerListener.log JVM 벤더:          Red Hat, Inc.
25-May-2025 15:18:18.624 정보 [main] org.apache.catalina.startup.VersionLoggerListener.log CATALINA_BASE:     /root/webHack/tomcat
25-May-2025 15:18:18.624 정보 [main] org.apache.catalina.startup.VersionLoggerListener.log CATALINA_HOME:     /root/webHack/tomcat
25-May-2025 15:18:18.672 정보 [main] org.apache.catalina.startup.VersionLoggerListener.log 명령 행 아규먼트:  --add-opens=java.base/java.lang=ALL-UNNAMED
25-May-2025 15:18:18.673 정보 [main] org.apache.catalina.startup.VersionLoggerListener.log 명령 행 아규먼트:  --add-opens=java.base/java.io=ALL-UNNAMED
25-May-2025 15:18:18.673 정보 [main] org.apache.catalina.startup.VersionLoggerListener.log 명령 행 아규먼트:  --add-opens=java.base/java.util=ALL-UNNAMED
25-May-2025 15:18:18.674 정보 [main] org.apache.catalina.startup.VersionLoggerListener.log 명령 행 아규먼트:  --add-opens=java.base/java.util.concurrent=ALL-UNNAMED
25-May-2025 15:18:18.674 정보 [main] org.apache.catalina.startup.VersionLoggerListener.log 명령 행 아규먼트:  --add-opens=java.rmi/sun.rmi.transport=ALL-UNNAMED
25-May-2025 15:18:18.675 정보 [main] org.apache.catalina.startup.VersionLoggerListener.log 명령 행 아규먼트:  -Djava.util.logging.config.file=/root/webHack/tomcat/conf/logging.properties
25-May-2025 15:18:18.676 정보 [main] org.apache.catalina.startup.VersionLoggerListener.log 명령 행 아규먼트:  -Djava.util.logging.manager=org.apache.juli.ClassLoaderLogManager
25-May-2025 15:18:18.676 정보 [main] org.apache.catalina.startup.VersionLoggerListener.log 명령 행 아규먼트:  -Duser.timezone=Asia/Seoul
25-May-2025 15:18:18.676 정보 [main] org.apache.catalina.startup.VersionLoggerListener.log 명령 행 아규먼트:  -Djdk.tls.ephemeralDHKeySize=2048
25-May-2025 15:18:18.677 정보 [main] org.apache.catalina.startup.VersionLoggerListener.log 명령 행 아규먼트:  -Djava.protocol.handler.pkgs=org.apache.catalina.webresources
25-May-2025 15:18:18.677 정보 [main] org.apache.catalina.startup.VersionLoggerListener.log 명령 행 아규먼트:  -Dsun.io.useCanonCaches=false
25-May-2025 15:18:18.677 정보 [main] org.apache.catalina.startup.VersionLoggerListener.log 명령 행 아규먼트:  -Dorg.apache.catalina.security.SecurityListener.UMASK=0027
25-May-2025 15:18:18.678 정보 [main] org.apache.catalina.startup.VersionLoggerListener.log 명령 행 아규먼트:  -Dignore.endorsed.dirs=
25-May-2025 15:18:18.678 정보 [main] org.apache.catalina.startup.VersionLoggerListener.log 명령 행 아규먼트:  -Dcatalina.base=/root/webHack/tomcat
25-May-2025 15:18:18.678 정보 [main] org.apache.catalina.startup.VersionLoggerListener.log 명령 행 아규먼트:  -Dcatalina.home=/root/webHack/tomcat
25-May-2025 15:18:18.678 정보 [main] org.apache.catalina.startup.VersionLoggerListener.log 명령 행 아규먼트:  -Djava.io.tmpdir=/root/webHack/tomcat/temp
25-May-2025 15:18:18.700 정보 [main] org.apache.catalina.core.AprLifecycleListener.lifecycleEvent 프로덕션 환경들에서 최적의 성능을 제공하는, APR 기반 Apache Tomcat Native 라이브러리가, 다음 java.library.path에서 발견되지 않습니다: [/usr/java/packages/lib:/usr/lib64:/lib64:/lib:/usr/lib]
25-May-2025 15:18:19.673 정보 [main] org.apache.coyote.AbstractProtocol.init 프로토콜 핸들러 ["http-nio-8080"]을(를) 초기화합니다.
25-May-2025 15:18:19.759 정보 [main] org.apache.catalina.startup.Catalina.load [2015] 밀리초 내에 서버가 초기화되었습니다.
25-May-2025 15:18:19.985 정보 [main] org.apache.catalina.core.StandardService.startInternal 서비스 [Catalina]을(를) 시작합니다.
25-May-2025 15:18:19.986 정보 [main] org.apache.catalina.core.StandardEngine.startInternal 서버 엔진을 시작합니다: [Apache Tomcat/9.0.100]
25-May-2025 15:18:20.005 정보 [main] org.apache.catalina.startup.HostConfig.deployDirectory 웹 애플리케이션 디렉토리 [/root/webHack/tomcat/webapps/ROOT]을(를) 배치합니다.
25-May-2025 15:18:22.609 정보 [main] org.apache.jasper.servlet.TldScanner.scanJars 적어도 하나의 JAR가 TLD들을 찾기 위해 스캔되었으나 아무 것도 찾지 못했습니다. 스캔했으나 TLD가 없는 JAR들의 전체 목록을 보시려면, 로그 레벨을 디버그 레벨로 설정하십시오. 스캔 과정에서 불필요한 JAR들을 건너뛰면, 시스템 시작 시간과 JSP 컴파일 시간을 단축시킬 수 있습니다.
25-May-2025 15:18:23.075 정보 [main] org.apache.catalina.startup.HostConfig.deployDirectory 웹 애플리케이션 디렉토리 [/root/webHack/tomcat/webapps/ROOT]에 대한 배치가 [3,064] 밀리초에 완료되었습니다.
25-May-2025 15:18:23.076 정보 [main] org.apache.catalina.startup.HostConfig.deployDirectory 웹 애플리케이션 디렉토리 [/root/webHack/tomcat/webapps/docs]을(를) 배치합니다.
25-May-2025 15:18:24.324 정보 [main] org.apache.jasper.servlet.TldScanner.scanJars 적어도 하나의 JAR가 TLD들을 찾기 위해 스캔되었으나 아무 것도 찾지 못했습니다. 스캔했으나 TLD가 없는 JAR들의 전체 목록을 보시려면, 로그 레벨을 디버그 레벨로 설정하십시오. 스캔 과정에서 불필요한 JAR들을 건너뛰면, 시스템 시작 시간과 JSP 컴파일 시간을 단축시킬 수 있습니다.
25-May-2025 15:18:24.329 정보 [main] org.apache.catalina.startup.HostConfig.deployDirectory 웹 애플리케이션 디렉토리 [/root/webHack/tomcat/webapps/docs]에 대한 배치가 [1,252] 밀리초에 완료되었습니다.
25-May-2025 15:18:24.329 정보 [main] org.apache.catalina.startup.HostConfig.deployDirectory 웹 애플리케이션 디렉토리 [/root/webHack/tomcat/webapps/examples]을(를) 배치합니다.
25-May-2025 15:18:25.509 정보 [main] org.apache.jasper.servlet.TldScanner.scanJars 적어도 하나의 JAR가 TLD들을 찾기 위해 스캔되었으나 아무 것도 찾지 못했습니다. 스캔했으나 TLD가 없는 JAR들의 전체 목록을 보시려면, 로그 레벨을 디버그 레벨로 설정하십시오. 스캔 과정에서 불필요한 JAR들을 건너뛰면, 시스템 시작 시간과 JSP 컴파일 시간을 단축시킬 수 있습니다.
25-May-2025 15:18:25.598 정보 [main] org.apache.catalina.startup.HostConfig.deployDirectory 웹 애플리케이션 디렉토리 [/root/webHack/tomcat/webapps/examples]에 대한 배치가 [1,269] 밀리초에 완료되었습니다.
25-May-2025 15:18:25.599 정보 [main] org.apache.catalina.startup.HostConfig.deployDirectory 웹 애플리케이션 디렉토리 [/root/webHack/tomcat/webapps/host-manager]을(를) 배치합니다.
25-May-2025 15:18:26.395 정보 [main] org.apache.jasper.servlet.TldScanner.scanJars 적어도 하나의 JAR가 TLD들을 찾기 위해 스캔되었으나 아무 것도 찾지 못했습니다. 스캔했으나 TLD가 없는 JAR들의 전체 목록을 보시려면, 로그 레벨을 디버그 레벨로 설정하십시오. 스캔 과정에서 불필요한 JAR들을 건너뛰면, 시스템 시작 시간과 JSP 컴파일 시간을 단축시킬 수 있습니다.
25-May-2025 15:18:26.404 정보 [main] org.apache.catalina.startup.HostConfig.deployDirectory 웹 애플리케이션 디렉토리 [/root/webHack/tomcat/webapps/host-manager]에 대한 배치가 [804] 밀리초에 완료되었습니다.
25-May-2025 15:18:26.404 정보 [main] org.apache.catalina.startup.HostConfig.deployDirectory 웹 애플리케이션 디렉토리 [/root/webHack/tomcat/webapps/manager]을(를) 배치합니다.
25-May-2025 15:18:27.148 정보 [main] org.apache.jasper.servlet.TldScanner.scanJars 적어도 하나의 JAR가 TLD들을 찾기 위해 스캔되었으나 아무 것도 찾지 못했습니다. 스캔했으나 TLD가 없는 JAR들의 전체 목록을 보시려면, 로그 레벨을 디버그 레벨로 설정하십시오. 스캔 과정에서 불필요한 JAR들을 건너뛰면, 시스템 시작 시간과 JSP 컴파일 시간을 단축시킬 수 있습니다.
25-May-2025 15:18:27.154 정보 [main] org.apache.catalina.startup.HostConfig.deployDirectory 웹 애플리케이션 디렉토리 [/root/webHack/tomcat/webapps/manager]에 대한 배치가 [749] 밀리초에 완료되었습니다.
25-May-2025 15:18:27.168 정보 [main] org.apache.coyote.AbstractProtocol.start 프로토콜 핸들러 ["http-nio-8080"]을(를) 시작합니다.
25-May-2025 15:18:27.204 정보 [main] org.apache.catalina.startup.Catalina.start 서버가 [7444] 밀리초 내에 시작되었습니다.
25-May-2025 15:52:57.738 정보 [http-nio-8080-exec-8] org.apache.tomcat.util.http.Parameters.processParameters 문자 디코딩이 실패했습니다. 값 [%u0039%u0031%u0032%u0033]을(를) 가진 파라미터 [username]은(는) 무시되었습니다. 주의: 여기서 인용된 이름과 값은 디코딩 실패로 인해 데이터가 손상되었을 수 있습니다. 손상되지 않은 원본 데이터를 보시려면, 로그 레벨을 디버그 레벨로 하십시오.
 비고: 파라미터 오류들이 더 발생하는 경우 DEBUG 레벨 로그로 기록될 것입니다.
