16-May-2025 09:57:16.820 정보 [main] org.apache.catalina.startup.VersionLoggerListener.log 서버 버전 이름:    Apache Tomcat/9.0.100
16-May-2025 09:57:16.830 정보 [main] org.apache.catalina.startup.VersionLoggerListener.log Server 빌드 시각:  Feb 13 2025 11:29:56 UTC
16-May-2025 09:57:16.830 정보 [main] org.apache.catalina.startup.VersionLoggerListener.log Server 버전 번호:  9.0.100.0
16-May-2025 09:57:16.830 정보 [main] org.apache.catalina.startup.VersionLoggerListener.log 운영체제 이름:     Linux
16-May-2025 09:57:16.831 정보 [main] org.apache.catalina.startup.VersionLoggerListener.log 운영체제 버전:     5.14.0-582.el9.x86_64
16-May-2025 09:57:16.831 정보 [main] org.apache.catalina.startup.VersionLoggerListener.log 아키텍처:          amd64
16-May-2025 09:57:16.831 정보 [main] org.apache.catalina.startup.VersionLoggerListener.log 자바 홈:           /usr/lib/jvm/java-11-openjdk-11.0.20.1.1-2.el9.x86_64
16-May-2025 09:57:16.831 정보 [main] org.apache.catalina.startup.VersionLoggerListener.log JVM 버전:          11.0.20.1+1-LTS
16-May-2025 09:57:16.831 정보 [main] org.apache.catalina.startup.VersionLoggerListener.log JVM 벤더:          Red Hat, Inc.
16-May-2025 09:57:16.832 정보 [main] org.apache.catalina.startup.VersionLoggerListener.log CATALINA_BASE:     /root/project/webHack/tomcat
16-May-2025 09:57:16.832 정보 [main] org.apache.catalina.startup.VersionLoggerListener.log CATALINA_HOME:     /root/project/webHack/tomcat
16-May-2025 09:57:16.887 정보 [main] org.apache.catalina.startup.VersionLoggerListener.log 명령 행 아규먼트:  --add-opens=java.base/java.lang=ALL-UNNAMED
16-May-2025 09:57:16.887 정보 [main] org.apache.catalina.startup.VersionLoggerListener.log 명령 행 아규먼트:  --add-opens=java.base/java.io=ALL-UNNAMED
16-May-2025 09:57:16.888 정보 [main] org.apache.catalina.startup.VersionLoggerListener.log 명령 행 아규먼트:  --add-opens=java.base/java.util=ALL-UNNAMED
16-May-2025 09:57:16.888 정보 [main] org.apache.catalina.startup.VersionLoggerListener.log 명령 행 아규먼트:  --add-opens=java.base/java.util.concurrent=ALL-UNNAMED
16-May-2025 09:57:16.888 정보 [main] org.apache.catalina.startup.VersionLoggerListener.log 명령 행 아규먼트:  --add-opens=java.rmi/sun.rmi.transport=ALL-UNNAMED
16-May-2025 09:57:16.889 정보 [main] org.apache.catalina.startup.VersionLoggerListener.log 명령 행 아규먼트:  -Djava.util.logging.config.file=/root/project/webHack/tomcat/conf/logging.properties
16-May-2025 09:57:16.890 정보 [main] org.apache.catalina.startup.VersionLoggerListener.log 명령 행 아규먼트:  -Djava.util.logging.manager=org.apache.juli.ClassLoaderLogManager
16-May-2025 09:57:16.890 정보 [main] org.apache.catalina.startup.VersionLoggerListener.log 명령 행 아규먼트:  -Djdk.tls.ephemeralDHKeySize=2048
16-May-2025 09:57:16.890 정보 [main] org.apache.catalina.startup.VersionLoggerListener.log 명령 행 아규먼트:  -Djava.protocol.handler.pkgs=org.apache.catalina.webresources
16-May-2025 09:57:16.891 정보 [main] org.apache.catalina.startup.VersionLoggerListener.log 명령 행 아규먼트:  -Dsun.io.useCanonCaches=false
16-May-2025 09:57:16.891 정보 [main] org.apache.catalina.startup.VersionLoggerListener.log 명령 행 아규먼트:  -Dorg.apache.catalina.security.SecurityListener.UMASK=0027
16-May-2025 09:57:16.891 정보 [main] org.apache.catalina.startup.VersionLoggerListener.log 명령 행 아규먼트:  -Dignore.endorsed.dirs=
16-May-2025 09:57:16.891 정보 [main] org.apache.catalina.startup.VersionLoggerListener.log 명령 행 아규먼트:  -Dcatalina.base=/root/project/webHack/tomcat
16-May-2025 09:57:16.891 정보 [main] org.apache.catalina.startup.VersionLoggerListener.log 명령 행 아규먼트:  -Dcatalina.home=/root/project/webHack/tomcat
16-May-2025 09:57:16.892 정보 [main] org.apache.catalina.startup.VersionLoggerListener.log 명령 행 아규먼트:  -Djava.io.tmpdir=/root/project/webHack/tomcat/temp
16-May-2025 09:57:16.896 정보 [main] org.apache.catalina.core.AprLifecycleListener.lifecycleEvent 프로덕션 환경들에서 최적의 성능을 제공하는, APR 기반 Apache Tomcat Native 라이브러리가, 다음 java.library.path에서 발견되지 않습니다: [/usr/java/packages/lib:/usr/lib64:/lib64:/lib:/usr/lib]
16-May-2025 09:57:17.789 정보 [main] org.apache.coyote.AbstractProtocol.init 프로토콜 핸들러 ["http-nio-8080"]을(를) 초기화합니다.
16-May-2025 09:57:17.868 정보 [main] org.apache.catalina.startup.Catalina.load [1862] 밀리초 내에 서버가 초기화되었습니다.
16-May-2025 09:57:18.030 정보 [main] org.apache.catalina.core.StandardService.startInternal 서비스 [Catalina]을(를) 시작합니다.
16-May-2025 09:57:18.030 정보 [main] org.apache.catalina.core.StandardEngine.startInternal 서버 엔진을 시작합니다: [Apache Tomcat/9.0.100]
16-May-2025 09:57:18.046 정보 [main] org.apache.catalina.startup.HostConfig.deployDirectory 웹 애플리케이션 디렉토리 [/root/project/webHack/tomcat/webapps/ROOT]을(를) 배치합니다.
16-May-2025 09:57:20.466 정보 [main] org.apache.jasper.servlet.TldScanner.scanJars 적어도 하나의 JAR가 TLD들을 찾기 위해 스캔되었으나 아무 것도 찾지 못했습니다. 스캔했으나 TLD가 없는 JAR들의 전체 목록을 보시려면, 로그 레벨을 디버그 레벨로 설정하십시오. 스캔 과정에서 불필요한 JAR들을 건너뛰면, 시스템 시작 시간과 JSP 컴파일 시간을 단축시킬 수 있습니다.
16-May-2025 09:57:20.876 정보 [main] org.apache.catalina.startup.HostConfig.deployDirectory 웹 애플리케이션 디렉토리 [/root/project/webHack/tomcat/webapps/ROOT]에 대한 배치가 [2,822] 밀리초에 완료되었습니다.
16-May-2025 09:57:20.877 정보 [main] org.apache.catalina.startup.HostConfig.deployDirectory 웹 애플리케이션 디렉토리 [/root/project/webHack/tomcat/webapps/docs]을(를) 배치합니다.
16-May-2025 09:57:22.556 정보 [main] org.apache.jasper.servlet.TldScanner.scanJars 적어도 하나의 JAR가 TLD들을 찾기 위해 스캔되었으나 아무 것도 찾지 못했습니다. 스캔했으나 TLD가 없는 JAR들의 전체 목록을 보시려면, 로그 레벨을 디버그 레벨로 설정하십시오. 스캔 과정에서 불필요한 JAR들을 건너뛰면, 시스템 시작 시간과 JSP 컴파일 시간을 단축시킬 수 있습니다.
16-May-2025 09:57:22.560 정보 [main] org.apache.catalina.startup.HostConfig.deployDirectory 웹 애플리케이션 디렉토리 [/root/project/webHack/tomcat/webapps/docs]에 대한 배치가 [1,683] 밀리초에 완료되었습니다.
16-May-2025 09:57:22.561 정보 [main] org.apache.catalina.startup.HostConfig.deployDirectory 웹 애플리케이션 디렉토리 [/root/project/webHack/tomcat/webapps/examples]을(를) 배치합니다.
16-May-2025 09:57:23.706 정보 [main] org.apache.jasper.servlet.TldScanner.scanJars 적어도 하나의 JAR가 TLD들을 찾기 위해 스캔되었으나 아무 것도 찾지 못했습니다. 스캔했으나 TLD가 없는 JAR들의 전체 목록을 보시려면, 로그 레벨을 디버그 레벨로 설정하십시오. 스캔 과정에서 불필요한 JAR들을 건너뛰면, 시스템 시작 시간과 JSP 컴파일 시간을 단축시킬 수 있습니다.
16-May-2025 09:57:23.791 정보 [main] org.apache.catalina.startup.HostConfig.deployDirectory 웹 애플리케이션 디렉토리 [/root/project/webHack/tomcat/webapps/examples]에 대한 배치가 [1,229] 밀리초에 완료되었습니다.
16-May-2025 09:57:23.791 정보 [main] org.apache.catalina.startup.HostConfig.deployDirectory 웹 애플리케이션 디렉토리 [/root/project/webHack/tomcat/webapps/host-manager]을(를) 배치합니다.
16-May-2025 09:57:24.539 정보 [main] org.apache.jasper.servlet.TldScanner.scanJars 적어도 하나의 JAR가 TLD들을 찾기 위해 스캔되었으나 아무 것도 찾지 못했습니다. 스캔했으나 TLD가 없는 JAR들의 전체 목록을 보시려면, 로그 레벨을 디버그 레벨로 설정하십시오. 스캔 과정에서 불필요한 JAR들을 건너뛰면, 시스템 시작 시간과 JSP 컴파일 시간을 단축시킬 수 있습니다.
16-May-2025 09:57:24.554 정보 [main] org.apache.catalina.startup.HostConfig.deployDirectory 웹 애플리케이션 디렉토리 [/root/project/webHack/tomcat/webapps/host-manager]에 대한 배치가 [763] 밀리초에 완료되었습니다.
16-May-2025 09:57:24.555 정보 [main] org.apache.catalina.startup.HostConfig.deployDirectory 웹 애플리케이션 디렉토리 [/root/project/webHack/tomcat/webapps/manager]을(를) 배치합니다.
16-May-2025 09:57:25.287 정보 [main] org.apache.jasper.servlet.TldScanner.scanJars 적어도 하나의 JAR가 TLD들을 찾기 위해 스캔되었으나 아무 것도 찾지 못했습니다. 스캔했으나 TLD가 없는 JAR들의 전체 목록을 보시려면, 로그 레벨을 디버그 레벨로 설정하십시오. 스캔 과정에서 불필요한 JAR들을 건너뛰면, 시스템 시작 시간과 JSP 컴파일 시간을 단축시킬 수 있습니다.
16-May-2025 09:57:25.292 정보 [main] org.apache.catalina.startup.HostConfig.deployDirectory 웹 애플리케이션 디렉토리 [/root/project/webHack/tomcat/webapps/manager]에 대한 배치가 [737] 밀리초에 완료되었습니다.
16-May-2025 09:57:25.308 정보 [main] org.apache.coyote.AbstractProtocol.start 프로토콜 핸들러 ["http-nio-8080"]을(를) 시작합니다.
16-May-2025 09:57:25.346 정보 [main] org.apache.catalina.startup.Catalina.start 서버가 [7477] 밀리초 내에 시작되었습니다.
16-May-2025 14:31:06.834 정보 [main] org.apache.catalina.core.StandardServer.await 셧다운 포트를 통해 유효한 셧다운 명령을 받았습니다. 서버 인스턴스를 중지시킵니다.
16-May-2025 14:31:06.871 정보 [main] org.apache.coyote.AbstractProtocol.pause 프로토콜 핸들러 ["http-nio-8080"]을(를) 일시 정지 중
16-May-2025 14:31:06.911 정보 [main] org.apache.catalina.core.StandardService.stopInternal 서비스 [Catalina]을(를) 중지시킵니다.
16-May-2025 14:31:07.387 정보 [main] org.apache.coyote.AbstractProtocol.stop 프로토콜 핸들러 ["http-nio-8080"]을(를) 중지시킵니다.
16-May-2025 14:31:07.561 정보 [main] org.apache.coyote.AbstractProtocol.destroy 프로토콜 핸들러 ["http-nio-8080"]을(를) 소멸시킵니다.
16-May-2025 16:06:19.863 정보 [main] org.apache.catalina.startup.VersionLoggerListener.log 서버 버전 이름:    Apache Tomcat/9.0.100
16-May-2025 16:06:19.874 정보 [main] org.apache.catalina.startup.VersionLoggerListener.log Server 빌드 시각:  Feb 13 2025 11:29:56 UTC
16-May-2025 16:06:19.875 정보 [main] org.apache.catalina.startup.VersionLoggerListener.log Server 버전 번호:  9.0.100.0
16-May-2025 16:06:19.875 정보 [main] org.apache.catalina.startup.VersionLoggerListener.log 운영체제 이름:     Linux
16-May-2025 16:06:19.875 정보 [main] org.apache.catalina.startup.VersionLoggerListener.log 운영체제 버전:     5.14.0-582.el9.x86_64
16-May-2025 16:06:19.876 정보 [main] org.apache.catalina.startup.VersionLoggerListener.log 아키텍처:          amd64
16-May-2025 16:06:19.876 정보 [main] org.apache.catalina.startup.VersionLoggerListener.log 자바 홈:           /usr/lib/jvm/java-11-openjdk-11.0.20.1.1-2.el9.x86_64
16-May-2025 16:06:19.876 정보 [main] org.apache.catalina.startup.VersionLoggerListener.log JVM 버전:          11.0.20.1+1-LTS
16-May-2025 16:06:19.877 정보 [main] org.apache.catalina.startup.VersionLoggerListener.log JVM 벤더:          Red Hat, Inc.
16-May-2025 16:06:19.877 정보 [main] org.apache.catalina.startup.VersionLoggerListener.log CATALINA_BASE:     /root/project/webHack/tomcat
16-May-2025 16:06:19.877 정보 [main] org.apache.catalina.startup.VersionLoggerListener.log CATALINA_HOME:     /root/project/webHack/tomcat
16-May-2025 16:06:19.907 정보 [main] org.apache.catalina.startup.VersionLoggerListener.log 명령 행 아규먼트:  --add-opens=java.base/java.lang=ALL-UNNAMED
16-May-2025 16:06:19.908 정보 [main] org.apache.catalina.startup.VersionLoggerListener.log 명령 행 아규먼트:  --add-opens=java.base/java.io=ALL-UNNAMED
16-May-2025 16:06:19.908 정보 [main] org.apache.catalina.startup.VersionLoggerListener.log 명령 행 아규먼트:  --add-opens=java.base/java.util=ALL-UNNAMED
16-May-2025 16:06:19.909 정보 [main] org.apache.catalina.startup.VersionLoggerListener.log 명령 행 아규먼트:  --add-opens=java.base/java.util.concurrent=ALL-UNNAMED
16-May-2025 16:06:19.909 정보 [main] org.apache.catalina.startup.VersionLoggerListener.log 명령 행 아규먼트:  --add-opens=java.rmi/sun.rmi.transport=ALL-UNNAMED
16-May-2025 16:06:19.909 정보 [main] org.apache.catalina.startup.VersionLoggerListener.log 명령 행 아규먼트:  -Djava.util.logging.config.file=/root/project/webHack/tomcat/conf/logging.properties
16-May-2025 16:06:19.910 정보 [main] org.apache.catalina.startup.VersionLoggerListener.log 명령 행 아규먼트:  -Djava.util.logging.manager=org.apache.juli.ClassLoaderLogManager
16-May-2025 16:06:19.910 정보 [main] org.apache.catalina.startup.VersionLoggerListener.log 명령 행 아규먼트:  -Djdk.tls.ephemeralDHKeySize=2048
16-May-2025 16:06:19.910 정보 [main] org.apache.catalina.startup.VersionLoggerListener.log 명령 행 아규먼트:  -Djava.protocol.handler.pkgs=org.apache.catalina.webresources
16-May-2025 16:06:19.910 정보 [main] org.apache.catalina.startup.VersionLoggerListener.log 명령 행 아규먼트:  -Dsun.io.useCanonCaches=false
16-May-2025 16:06:19.910 정보 [main] org.apache.catalina.startup.VersionLoggerListener.log 명령 행 아규먼트:  -Dorg.apache.catalina.security.SecurityListener.UMASK=0027
16-May-2025 16:06:19.910 정보 [main] org.apache.catalina.startup.VersionLoggerListener.log 명령 행 아규먼트:  -Dignore.endorsed.dirs=
16-May-2025 16:06:19.910 정보 [main] org.apache.catalina.startup.VersionLoggerListener.log 명령 행 아규먼트:  -Dcatalina.base=/root/project/webHack/tomcat
16-May-2025 16:06:19.910 정보 [main] org.apache.catalina.startup.VersionLoggerListener.log 명령 행 아규먼트:  -Dcatalina.home=/root/project/webHack/tomcat
16-May-2025 16:06:19.911 정보 [main] org.apache.catalina.startup.VersionLoggerListener.log 명령 행 아규먼트:  -Djava.io.tmpdir=/root/project/webHack/tomcat/temp
16-May-2025 16:06:19.914 정보 [main] org.apache.catalina.core.AprLifecycleListener.lifecycleEvent 프로덕션 환경들에서 최적의 성능을 제공하는, APR 기반 Apache Tomcat Native 라이브러리가, 다음 java.library.path에서 발견되지 않습니다: [/usr/java/packages/lib:/usr/lib64:/lib64:/lib:/usr/lib]
16-May-2025 16:06:20.631 정보 [main] org.apache.coyote.AbstractProtocol.init 프로토콜 핸들러 ["http-nio-8080"]을(를) 초기화합니다.
16-May-2025 16:06:20.687 정보 [main] org.apache.catalina.startup.Catalina.load [1463] 밀리초 내에 서버가 초기화되었습니다.
16-May-2025 16:06:20.816 정보 [main] org.apache.catalina.core.StandardService.startInternal 서비스 [Catalina]을(를) 시작합니다.
16-May-2025 16:06:20.816 정보 [main] org.apache.catalina.core.StandardEngine.startInternal 서버 엔진을 시작합니다: [Apache Tomcat/9.0.100]
16-May-2025 16:06:20.854 정보 [main] org.apache.catalina.startup.HostConfig.deployDirectory 웹 애플리케이션 디렉토리 [/root/project/webHack/tomcat/webapps/ROOT]을(를) 배치합니다.
16-May-2025 16:06:23.306 정보 [main] org.apache.jasper.servlet.TldScanner.scanJars 적어도 하나의 JAR가 TLD들을 찾기 위해 스캔되었으나 아무 것도 찾지 못했습니다. 스캔했으나 TLD가 없는 JAR들의 전체 목록을 보시려면, 로그 레벨을 디버그 레벨로 설정하십시오. 스캔 과정에서 불필요한 JAR들을 건너뛰면, 시스템 시작 시간과 JSP 컴파일 시간을 단축시킬 수 있습니다.
16-May-2025 16:06:23.723 정보 [main] org.apache.catalina.startup.HostConfig.deployDirectory 웹 애플리케이션 디렉토리 [/root/project/webHack/tomcat/webapps/ROOT]에 대한 배치가 [2,865] 밀리초에 완료되었습니다.
16-May-2025 16:06:23.724 정보 [main] org.apache.catalina.startup.HostConfig.deployDirectory 웹 애플리케이션 디렉토리 [/root/project/webHack/tomcat/webapps/docs]을(를) 배치합니다.
16-May-2025 16:06:24.497 정보 [main] org.apache.jasper.servlet.TldScanner.scanJars 적어도 하나의 JAR가 TLD들을 찾기 위해 스캔되었으나 아무 것도 찾지 못했습니다. 스캔했으나 TLD가 없는 JAR들의 전체 목록을 보시려면, 로그 레벨을 디버그 레벨로 설정하십시오. 스캔 과정에서 불필요한 JAR들을 건너뛰면, 시스템 시작 시간과 JSP 컴파일 시간을 단축시킬 수 있습니다.
16-May-2025 16:06:24.502 정보 [main] org.apache.catalina.startup.HostConfig.deployDirectory 웹 애플리케이션 디렉토리 [/root/project/webHack/tomcat/webapps/docs]에 대한 배치가 [777] 밀리초에 완료되었습니다.
16-May-2025 16:06:24.503 정보 [main] org.apache.catalina.startup.HostConfig.deployDirectory 웹 애플리케이션 디렉토리 [/root/project/webHack/tomcat/webapps/examples]을(를) 배치합니다.
16-May-2025 16:06:25.470 정보 [main] org.apache.jasper.servlet.TldScanner.scanJars 적어도 하나의 JAR가 TLD들을 찾기 위해 스캔되었으나 아무 것도 찾지 못했습니다. 스캔했으나 TLD가 없는 JAR들의 전체 목록을 보시려면, 로그 레벨을 디버그 레벨로 설정하십시오. 스캔 과정에서 불필요한 JAR들을 건너뛰면, 시스템 시작 시간과 JSP 컴파일 시간을 단축시킬 수 있습니다.
16-May-2025 16:06:25.547 정보 [main] org.apache.catalina.startup.HostConfig.deployDirectory 웹 애플리케이션 디렉토리 [/root/project/webHack/tomcat/webapps/examples]에 대한 배치가 [1,045] 밀리초에 완료되었습니다.
16-May-2025 16:06:25.548 정보 [main] org.apache.catalina.startup.HostConfig.deployDirectory 웹 애플리케이션 디렉토리 [/root/project/webHack/tomcat/webapps/host-manager]을(를) 배치합니다.
16-May-2025 16:06:26.540 정보 [main] org.apache.jasper.servlet.TldScanner.scanJars 적어도 하나의 JAR가 TLD들을 찾기 위해 스캔되었으나 아무 것도 찾지 못했습니다. 스캔했으나 TLD가 없는 JAR들의 전체 목록을 보시려면, 로그 레벨을 디버그 레벨로 설정하십시오. 스캔 과정에서 불필요한 JAR들을 건너뛰면, 시스템 시작 시간과 JSP 컴파일 시간을 단축시킬 수 있습니다.
16-May-2025 16:06:26.548 정보 [main] org.apache.catalina.startup.HostConfig.deployDirectory 웹 애플리케이션 디렉토리 [/root/project/webHack/tomcat/webapps/host-manager]에 대한 배치가 [1,001] 밀리초에 완료되었습니다.
16-May-2025 16:06:26.549 정보 [main] org.apache.catalina.startup.HostConfig.deployDirectory 웹 애플리케이션 디렉토리 [/root/project/webHack/tomcat/webapps/manager]을(를) 배치합니다.
16-May-2025 16:06:28.173 정보 [main] org.apache.jasper.servlet.TldScanner.scanJars 적어도 하나의 JAR가 TLD들을 찾기 위해 스캔되었으나 아무 것도 찾지 못했습니다. 스캔했으나 TLD가 없는 JAR들의 전체 목록을 보시려면, 로그 레벨을 디버그 레벨로 설정하십시오. 스캔 과정에서 불필요한 JAR들을 건너뛰면, 시스템 시작 시간과 JSP 컴파일 시간을 단축시킬 수 있습니다.
16-May-2025 16:06:28.178 정보 [main] org.apache.catalina.startup.HostConfig.deployDirectory 웹 애플리케이션 디렉토리 [/root/project/webHack/tomcat/webapps/manager]에 대한 배치가 [1,629] 밀리초에 완료되었습니다.
16-May-2025 16:06:28.191 정보 [main] org.apache.coyote.AbstractProtocol.start 프로토콜 핸들러 ["http-nio-8080"]을(를) 시작합니다.
16-May-2025 16:06:28.228 정보 [main] org.apache.catalina.startup.Catalina.start 서버가 [7539] 밀리초 내에 시작되었습니다.
16-May-2025 17:17:00.444 경고 [main] org.apache.catalina.core.StandardServer.await 셧다운 명령을 위해 listen하고 있는 소켓이, accept()를 호출 한 후, 예기치 않은 제한 시간 초과([4,232,155] 밀리초)를 발생시켰습니다. 버그 56684가 발생한 경우일까요?
	java.net.SocketTimeoutException: Accept timed out
		at java.base/java.net.PlainSocketImpl.socketAccept(Native Method)
		at java.base/java.net.AbstractPlainSocketImpl.accept(AbstractPlainSocketImpl.java:474)
		at java.base/java.net.ServerSocket.implAccept(ServerSocket.java:565)
		at java.base/java.net.ServerSocket.accept(ServerSocket.java:533)
		at org.apache.catalina.core.StandardServer.await(StandardServer.java:561)
		at org.apache.catalina.startup.Catalina.await(Catalina.java:829)
		at org.apache.catalina.startup.Catalina.start(Catalina.java:777)
		at java.base/jdk.internal.reflect.NativeMethodAccessorImpl.invoke0(Native Method)
		at java.base/jdk.internal.reflect.NativeMethodAccessorImpl.invoke(NativeMethodAccessorImpl.java:62)
		at java.base/jdk.internal.reflect.DelegatingMethodAccessorImpl.invoke(DelegatingMethodAccessorImpl.java:43)
		at java.base/java.lang.reflect.Method.invoke(Method.java:566)
		at org.apache.catalina.startup.Bootstrap.start(Bootstrap.java:345)
		at org.apache.catalina.startup.Bootstrap.main(Bootstrap.java:473)
16-May-2025 17:17:00.549 정보 [Thread-1] org.apache.coyote.AbstractProtocol.pause 프로토콜 핸들러 ["http-nio-8080"]을(를) 일시 정지 중
16-May-2025 17:17:00.736 정보 [Thread-1] org.apache.catalina.core.StandardService.stopInternal 서비스 [Catalina]을(를) 중지시킵니다.
16-May-2025 17:17:01.666 정보 [Thread-1] org.apache.coyote.AbstractProtocol.stop 프로토콜 핸들러 ["http-nio-8080"]을(를) 중지시킵니다.
16-May-2025 17:17:02.023 정보 [Thread-1] org.apache.coyote.AbstractProtocol.destroy 프로토콜 핸들러 ["http-nio-8080"]을(를) 소멸시킵니다.
