14-May-2025 09:38:28.104 정보 [main] org.apache.catalina.startup.VersionLoggerListener.log 서버 버전 이름:    Apache Tomcat/9.0.100
14-May-2025 09:38:28.114 정보 [main] org.apache.catalina.startup.VersionLoggerListener.log Server 빌드 시각:  Feb 13 2025 11:29:56 UTC
14-May-2025 09:38:28.115 정보 [main] org.apache.catalina.startup.VersionLoggerListener.log Server 버전 번호:  9.0.100.0
14-May-2025 09:38:28.115 정보 [main] org.apache.catalina.startup.VersionLoggerListener.log 운영체제 이름:     Linux
14-May-2025 09:38:28.115 정보 [main] org.apache.catalina.startup.VersionLoggerListener.log 운영체제 버전:     5.14.0-582.el9.x86_64
14-May-2025 09:38:28.116 정보 [main] org.apache.catalina.startup.VersionLoggerListener.log 아키텍처:          amd64
14-May-2025 09:38:28.116 정보 [main] org.apache.catalina.startup.VersionLoggerListener.log 자바 홈:           /usr/lib/jvm/java-11-openjdk-11.0.20.1.1-2.el9.x86_64
14-May-2025 09:38:28.116 정보 [main] org.apache.catalina.startup.VersionLoggerListener.log JVM 버전:          11.0.20.1+1-LTS
14-May-2025 09:38:28.117 정보 [main] org.apache.catalina.startup.VersionLoggerListener.log JVM 벤더:          Red Hat, Inc.
14-May-2025 09:38:28.117 정보 [main] org.apache.catalina.startup.VersionLoggerListener.log CATALINA_BASE:     /root/project/webHack/tomcat
14-May-2025 09:38:28.117 정보 [main] org.apache.catalina.startup.VersionLoggerListener.log CATALINA_HOME:     /root/project/webHack/tomcat
14-May-2025 09:38:28.143 정보 [main] org.apache.catalina.startup.VersionLoggerListener.log 명령 행 아규먼트:  --add-opens=java.base/java.lang=ALL-UNNAMED
14-May-2025 09:38:28.145 정보 [main] org.apache.catalina.startup.VersionLoggerListener.log 명령 행 아규먼트:  --add-opens=java.base/java.io=ALL-UNNAMED
14-May-2025 09:38:28.145 정보 [main] org.apache.catalina.startup.VersionLoggerListener.log 명령 행 아규먼트:  --add-opens=java.base/java.util=ALL-UNNAMED
14-May-2025 09:38:28.146 정보 [main] org.apache.catalina.startup.VersionLoggerListener.log 명령 행 아규먼트:  --add-opens=java.base/java.util.concurrent=ALL-UNNAMED
14-May-2025 09:38:28.146 정보 [main] org.apache.catalina.startup.VersionLoggerListener.log 명령 행 아규먼트:  --add-opens=java.rmi/sun.rmi.transport=ALL-UNNAMED
14-May-2025 09:38:28.146 정보 [main] org.apache.catalina.startup.VersionLoggerListener.log 명령 행 아규먼트:  -Djava.util.logging.config.file=/root/project/webHack/tomcat/conf/logging.properties
14-May-2025 09:38:28.146 정보 [main] org.apache.catalina.startup.VersionLoggerListener.log 명령 행 아규먼트:  -Djava.util.logging.manager=org.apache.juli.ClassLoaderLogManager
14-May-2025 09:38:28.147 정보 [main] org.apache.catalina.startup.VersionLoggerListener.log 명령 행 아규먼트:  -Djdk.tls.ephemeralDHKeySize=2048
14-May-2025 09:38:28.147 정보 [main] org.apache.catalina.startup.VersionLoggerListener.log 명령 행 아규먼트:  -Djava.protocol.handler.pkgs=org.apache.catalina.webresources
14-May-2025 09:38:28.147 정보 [main] org.apache.catalina.startup.VersionLoggerListener.log 명령 행 아규먼트:  -Dsun.io.useCanonCaches=false
14-May-2025 09:38:28.147 정보 [main] org.apache.catalina.startup.VersionLoggerListener.log 명령 행 아규먼트:  -Dorg.apache.catalina.security.SecurityListener.UMASK=0027
14-May-2025 09:38:28.147 정보 [main] org.apache.catalina.startup.VersionLoggerListener.log 명령 행 아규먼트:  -Dignore.endorsed.dirs=
14-May-2025 09:38:28.148 정보 [main] org.apache.catalina.startup.VersionLoggerListener.log 명령 행 아규먼트:  -Dcatalina.base=/root/project/webHack/tomcat
14-May-2025 09:38:28.148 정보 [main] org.apache.catalina.startup.VersionLoggerListener.log 명령 행 아규먼트:  -Dcatalina.home=/root/project/webHack/tomcat
14-May-2025 09:38:28.148 정보 [main] org.apache.catalina.startup.VersionLoggerListener.log 명령 행 아규먼트:  -Djava.io.tmpdir=/root/project/webHack/tomcat/temp
14-May-2025 09:38:28.153 정보 [main] org.apache.catalina.core.AprLifecycleListener.lifecycleEvent 프로덕션 환경들에서 최적의 성능을 제공하는, APR 기반 Apache Tomcat Native 라이브러리가, 다음 java.library.path에서 발견되지 않습니다: [/usr/java/packages/lib:/usr/lib64:/lib64:/lib:/usr/lib]
14-May-2025 09:38:28.995 정보 [main] org.apache.coyote.AbstractProtocol.init 프로토콜 핸들러 ["http-nio-8080"]을(를) 초기화합니다.
14-May-2025 09:38:29.043 정보 [main] org.apache.catalina.startup.Catalina.load [1394] 밀리초 내에 서버가 초기화되었습니다.
14-May-2025 09:38:29.165 정보 [main] org.apache.catalina.core.StandardService.startInternal 서비스 [Catalina]을(를) 시작합니다.
14-May-2025 09:38:29.165 정보 [main] org.apache.catalina.core.StandardEngine.startInternal 서버 엔진을 시작합니다: [Apache Tomcat/9.0.100]
14-May-2025 09:38:29.176 정보 [main] org.apache.catalina.startup.HostConfig.deployDirectory 웹 애플리케이션 디렉토리 [/root/project/webHack/tomcat/webapps/ROOT]을(를) 배치합니다.
14-May-2025 09:38:31.009 정보 [main] org.apache.jasper.servlet.TldScanner.scanJars 적어도 하나의 JAR가 TLD들을 찾기 위해 스캔되었으나 아무 것도 찾지 못했습니다. 스캔했으나 TLD가 없는 JAR들의 전체 목록을 보시려면, 로그 레벨을 디버그 레벨로 설정하십시오. 스캔 과정에서 불필요한 JAR들을 건너뛰면, 시스템 시작 시간과 JSP 컴파일 시간을 단축시킬 수 있습니다.
14-May-2025 09:38:31.306 정보 [main] org.apache.catalina.startup.HostConfig.deployDirectory 웹 애플리케이션 디렉토리 [/root/project/webHack/tomcat/webapps/ROOT]에 대한 배치가 [2,126] 밀리초에 완료되었습니다.
14-May-2025 09:38:31.306 정보 [main] org.apache.catalina.startup.HostConfig.deployDirectory 웹 애플리케이션 디렉토리 [/root/project/webHack/tomcat/webapps/docs]을(를) 배치합니다.
14-May-2025 09:38:32.193 정보 [main] org.apache.jasper.servlet.TldScanner.scanJars 적어도 하나의 JAR가 TLD들을 찾기 위해 스캔되었으나 아무 것도 찾지 못했습니다. 스캔했으나 TLD가 없는 JAR들의 전체 목록을 보시려면, 로그 레벨을 디버그 레벨로 설정하십시오. 스캔 과정에서 불필요한 JAR들을 건너뛰면, 시스템 시작 시간과 JSP 컴파일 시간을 단축시킬 수 있습니다.
14-May-2025 09:38:32.197 정보 [main] org.apache.catalina.startup.HostConfig.deployDirectory 웹 애플리케이션 디렉토리 [/root/project/webHack/tomcat/webapps/docs]에 대한 배치가 [891] 밀리초에 완료되었습니다.
14-May-2025 09:38:32.198 정보 [main] org.apache.catalina.startup.HostConfig.deployDirectory 웹 애플리케이션 디렉토리 [/root/project/webHack/tomcat/webapps/examples]을(를) 배치합니다.
14-May-2025 09:38:33.291 정보 [main] org.apache.jasper.servlet.TldScanner.scanJars 적어도 하나의 JAR가 TLD들을 찾기 위해 스캔되었으나 아무 것도 찾지 못했습니다. 스캔했으나 TLD가 없는 JAR들의 전체 목록을 보시려면, 로그 레벨을 디버그 레벨로 설정하십시오. 스캔 과정에서 불필요한 JAR들을 건너뛰면, 시스템 시작 시간과 JSP 컴파일 시간을 단축시킬 수 있습니다.
14-May-2025 09:38:33.358 정보 [main] org.apache.catalina.startup.HostConfig.deployDirectory 웹 애플리케이션 디렉토리 [/root/project/webHack/tomcat/webapps/examples]에 대한 배치가 [1,160] 밀리초에 완료되었습니다.
14-May-2025 09:38:33.359 정보 [main] org.apache.catalina.startup.HostConfig.deployDirectory 웹 애플리케이션 디렉토리 [/root/project/webHack/tomcat/webapps/host-manager]을(를) 배치합니다.
14-May-2025 09:38:34.129 정보 [main] org.apache.jasper.servlet.TldScanner.scanJars 적어도 하나의 JAR가 TLD들을 찾기 위해 스캔되었으나 아무 것도 찾지 못했습니다. 스캔했으나 TLD가 없는 JAR들의 전체 목록을 보시려면, 로그 레벨을 디버그 레벨로 설정하십시오. 스캔 과정에서 불필요한 JAR들을 건너뛰면, 시스템 시작 시간과 JSP 컴파일 시간을 단축시킬 수 있습니다.
14-May-2025 09:38:34.137 정보 [main] org.apache.catalina.startup.HostConfig.deployDirectory 웹 애플리케이션 디렉토리 [/root/project/webHack/tomcat/webapps/host-manager]에 대한 배치가 [778] 밀리초에 완료되었습니다.
14-May-2025 09:38:34.138 정보 [main] org.apache.catalina.startup.HostConfig.deployDirectory 웹 애플리케이션 디렉토리 [/root/project/webHack/tomcat/webapps/manager]을(를) 배치합니다.
14-May-2025 09:38:34.996 정보 [main] org.apache.jasper.servlet.TldScanner.scanJars 적어도 하나의 JAR가 TLD들을 찾기 위해 스캔되었으나 아무 것도 찾지 못했습니다. 스캔했으나 TLD가 없는 JAR들의 전체 목록을 보시려면, 로그 레벨을 디버그 레벨로 설정하십시오. 스캔 과정에서 불필요한 JAR들을 건너뛰면, 시스템 시작 시간과 JSP 컴파일 시간을 단축시킬 수 있습니다.
14-May-2025 09:38:35.000 정보 [main] org.apache.catalina.startup.HostConfig.deployDirectory 웹 애플리케이션 디렉토리 [/root/project/webHack/tomcat/webapps/manager]에 대한 배치가 [862] 밀리초에 완료되었습니다.
14-May-2025 09:38:35.008 정보 [main] org.apache.coyote.AbstractProtocol.start 프로토콜 핸들러 ["http-nio-8080"]을(를) 시작합니다.
14-May-2025 09:38:35.040 정보 [main] org.apache.catalina.startup.Catalina.start 서버가 [5995] 밀리초 내에 시작되었습니다.
14-May-2025 10:23:59.289 정보 [main] org.apache.catalina.core.StandardServer.await 셧다운 포트를 통해 유효한 셧다운 명령을 받았습니다. 서버 인스턴스를 중지시킵니다.
14-May-2025 10:23:59.290 정보 [main] org.apache.coyote.AbstractProtocol.pause 프로토콜 핸들러 ["http-nio-8080"]을(를) 일시 정지 중
14-May-2025 10:23:59.293 정보 [main] org.apache.catalina.core.StandardService.stopInternal 서비스 [Catalina]을(를) 중지시킵니다.
14-May-2025 10:23:59.394 정보 [main] org.apache.coyote.AbstractProtocol.stop 프로토콜 핸들러 ["http-nio-8080"]을(를) 중지시킵니다.
14-May-2025 10:23:59.416 정보 [main] org.apache.coyote.AbstractProtocol.destroy 프로토콜 핸들러 ["http-nio-8080"]을(를) 소멸시킵니다.
14-May-2025 12:15:10.111 정보 [main] org.apache.catalina.startup.VersionLoggerListener.log 서버 버전 이름:    Apache Tomcat/9.0.100
14-May-2025 12:15:10.123 정보 [main] org.apache.catalina.startup.VersionLoggerListener.log Server 빌드 시각:  Feb 13 2025 11:29:56 UTC
14-May-2025 12:15:10.124 정보 [main] org.apache.catalina.startup.VersionLoggerListener.log Server 버전 번호:  9.0.100.0
14-May-2025 12:15:10.124 정보 [main] org.apache.catalina.startup.VersionLoggerListener.log 운영체제 이름:     Linux
14-May-2025 12:15:10.124 정보 [main] org.apache.catalina.startup.VersionLoggerListener.log 운영체제 버전:     5.14.0-582.el9.x86_64
14-May-2025 12:15:10.125 정보 [main] org.apache.catalina.startup.VersionLoggerListener.log 아키텍처:          amd64
14-May-2025 12:15:10.125 정보 [main] org.apache.catalina.startup.VersionLoggerListener.log 자바 홈:           /usr/lib/jvm/java-11-openjdk-11.0.20.1.1-2.el9.x86_64
14-May-2025 12:15:10.125 정보 [main] org.apache.catalina.startup.VersionLoggerListener.log JVM 버전:          11.0.20.1+1-LTS
14-May-2025 12:15:10.125 정보 [main] org.apache.catalina.startup.VersionLoggerListener.log JVM 벤더:          Red Hat, Inc.
14-May-2025 12:15:10.126 정보 [main] org.apache.catalina.startup.VersionLoggerListener.log CATALINA_BASE:     /root/project/webHack/tomcat
14-May-2025 12:15:10.126 정보 [main] org.apache.catalina.startup.VersionLoggerListener.log CATALINA_HOME:     /root/project/webHack/tomcat
14-May-2025 12:15:10.169 정보 [main] org.apache.catalina.startup.VersionLoggerListener.log 명령 행 아규먼트:  --add-opens=java.base/java.lang=ALL-UNNAMED
14-May-2025 12:15:10.170 정보 [main] org.apache.catalina.startup.VersionLoggerListener.log 명령 행 아규먼트:  --add-opens=java.base/java.io=ALL-UNNAMED
14-May-2025 12:15:10.170 정보 [main] org.apache.catalina.startup.VersionLoggerListener.log 명령 행 아규먼트:  --add-opens=java.base/java.util=ALL-UNNAMED
14-May-2025 12:15:10.171 정보 [main] org.apache.catalina.startup.VersionLoggerListener.log 명령 행 아규먼트:  --add-opens=java.base/java.util.concurrent=ALL-UNNAMED
14-May-2025 12:15:10.171 정보 [main] org.apache.catalina.startup.VersionLoggerListener.log 명령 행 아규먼트:  --add-opens=java.rmi/sun.rmi.transport=ALL-UNNAMED
14-May-2025 12:15:10.172 정보 [main] org.apache.catalina.startup.VersionLoggerListener.log 명령 행 아규먼트:  -Djava.util.logging.config.file=/root/project/webHack/tomcat/conf/logging.properties
14-May-2025 12:15:10.172 정보 [main] org.apache.catalina.startup.VersionLoggerListener.log 명령 행 아규먼트:  -Djava.util.logging.manager=org.apache.juli.ClassLoaderLogManager
14-May-2025 12:15:10.172 정보 [main] org.apache.catalina.startup.VersionLoggerListener.log 명령 행 아규먼트:  -Djdk.tls.ephemeralDHKeySize=2048
14-May-2025 12:15:10.173 정보 [main] org.apache.catalina.startup.VersionLoggerListener.log 명령 행 아규먼트:  -Djava.protocol.handler.pkgs=org.apache.catalina.webresources
14-May-2025 12:15:10.173 정보 [main] org.apache.catalina.startup.VersionLoggerListener.log 명령 행 아규먼트:  -Dsun.io.useCanonCaches=false
14-May-2025 12:15:10.173 정보 [main] org.apache.catalina.startup.VersionLoggerListener.log 명령 행 아규먼트:  -Dorg.apache.catalina.security.SecurityListener.UMASK=0027
14-May-2025 12:15:10.173 정보 [main] org.apache.catalina.startup.VersionLoggerListener.log 명령 행 아규먼트:  -Dignore.endorsed.dirs=
14-May-2025 12:15:10.174 정보 [main] org.apache.catalina.startup.VersionLoggerListener.log 명령 행 아규먼트:  -Dcatalina.base=/root/project/webHack/tomcat
14-May-2025 12:15:10.174 정보 [main] org.apache.catalina.startup.VersionLoggerListener.log 명령 행 아규먼트:  -Dcatalina.home=/root/project/webHack/tomcat
14-May-2025 12:15:10.174 정보 [main] org.apache.catalina.startup.VersionLoggerListener.log 명령 행 아규먼트:  -Djava.io.tmpdir=/root/project/webHack/tomcat/temp
14-May-2025 12:15:10.178 정보 [main] org.apache.catalina.core.AprLifecycleListener.lifecycleEvent 프로덕션 환경들에서 최적의 성능을 제공하는, APR 기반 Apache Tomcat Native 라이브러리가, 다음 java.library.path에서 발견되지 않습니다: [/usr/java/packages/lib:/usr/lib64:/lib64:/lib:/usr/lib]
14-May-2025 12:15:10.934 정보 [main] org.apache.coyote.AbstractProtocol.init 프로토콜 핸들러 ["http-nio-8080"]을(를) 초기화합니다.
14-May-2025 12:15:10.996 정보 [main] org.apache.catalina.startup.Catalina.load [1460] 밀리초 내에 서버가 초기화되었습니다.
14-May-2025 12:15:11.122 정보 [main] org.apache.catalina.core.StandardService.startInternal 서비스 [Catalina]을(를) 시작합니다.
14-May-2025 12:15:11.123 정보 [main] org.apache.catalina.core.StandardEngine.startInternal 서버 엔진을 시작합니다: [Apache Tomcat/9.0.100]
14-May-2025 12:15:11.137 정보 [main] org.apache.catalina.startup.HostConfig.deployDirectory 웹 애플리케이션 디렉토리 [/root/project/webHack/tomcat/webapps/ROOT]을(를) 배치합니다.
14-May-2025 12:15:12.800 정보 [main] org.apache.jasper.servlet.TldScanner.scanJars 적어도 하나의 JAR가 TLD들을 찾기 위해 스캔되었으나 아무 것도 찾지 못했습니다. 스캔했으나 TLD가 없는 JAR들의 전체 목록을 보시려면, 로그 레벨을 디버그 레벨로 설정하십시오. 스캔 과정에서 불필요한 JAR들을 건너뛰면, 시스템 시작 시간과 JSP 컴파일 시간을 단축시킬 수 있습니다.
14-May-2025 12:15:14.867 정보 [main] org.apache.catalina.startup.HostConfig.deployDirectory 웹 애플리케이션 디렉토리 [/root/project/webHack/tomcat/webapps/ROOT]에 대한 배치가 [3,729] 밀리초에 완료되었습니다.
14-May-2025 12:15:14.868 정보 [main] org.apache.catalina.startup.HostConfig.deployDirectory 웹 애플리케이션 디렉토리 [/root/project/webHack/tomcat/webapps/docs]을(를) 배치합니다.
14-May-2025 12:15:15.652 정보 [main] org.apache.jasper.servlet.TldScanner.scanJars 적어도 하나의 JAR가 TLD들을 찾기 위해 스캔되었으나 아무 것도 찾지 못했습니다. 스캔했으나 TLD가 없는 JAR들의 전체 목록을 보시려면, 로그 레벨을 디버그 레벨로 설정하십시오. 스캔 과정에서 불필요한 JAR들을 건너뛰면, 시스템 시작 시간과 JSP 컴파일 시간을 단축시킬 수 있습니다.
14-May-2025 12:15:15.656 정보 [main] org.apache.catalina.startup.HostConfig.deployDirectory 웹 애플리케이션 디렉토리 [/root/project/webHack/tomcat/webapps/docs]에 대한 배치가 [787] 밀리초에 완료되었습니다.
14-May-2025 12:15:15.656 정보 [main] org.apache.catalina.startup.HostConfig.deployDirectory 웹 애플리케이션 디렉토리 [/root/project/webHack/tomcat/webapps/examples]을(를) 배치합니다.
14-May-2025 12:15:16.692 정보 [main] org.apache.jasper.servlet.TldScanner.scanJars 적어도 하나의 JAR가 TLD들을 찾기 위해 스캔되었으나 아무 것도 찾지 못했습니다. 스캔했으나 TLD가 없는 JAR들의 전체 목록을 보시려면, 로그 레벨을 디버그 레벨로 설정하십시오. 스캔 과정에서 불필요한 JAR들을 건너뛰면, 시스템 시작 시간과 JSP 컴파일 시간을 단축시킬 수 있습니다.
14-May-2025 12:15:16.760 정보 [main] org.apache.catalina.startup.HostConfig.deployDirectory 웹 애플리케이션 디렉토리 [/root/project/webHack/tomcat/webapps/examples]에 대한 배치가 [1,104] 밀리초에 완료되었습니다.
14-May-2025 12:15:16.760 정보 [main] org.apache.catalina.startup.HostConfig.deployDirectory 웹 애플리케이션 디렉토리 [/root/project/webHack/tomcat/webapps/host-manager]을(를) 배치합니다.
14-May-2025 12:15:17.412 정보 [main] org.apache.jasper.servlet.TldScanner.scanJars 적어도 하나의 JAR가 TLD들을 찾기 위해 스캔되었으나 아무 것도 찾지 못했습니다. 스캔했으나 TLD가 없는 JAR들의 전체 목록을 보시려면, 로그 레벨을 디버그 레벨로 설정하십시오. 스캔 과정에서 불필요한 JAR들을 건너뛰면, 시스템 시작 시간과 JSP 컴파일 시간을 단축시킬 수 있습니다.
14-May-2025 12:15:17.421 정보 [main] org.apache.catalina.startup.HostConfig.deployDirectory 웹 애플리케이션 디렉토리 [/root/project/webHack/tomcat/webapps/host-manager]에 대한 배치가 [660] 밀리초에 완료되었습니다.
14-May-2025 12:15:17.421 정보 [main] org.apache.catalina.startup.HostConfig.deployDirectory 웹 애플리케이션 디렉토리 [/root/project/webHack/tomcat/webapps/manager]을(를) 배치합니다.
14-May-2025 12:15:18.321 정보 [main] org.apache.jasper.servlet.TldScanner.scanJars 적어도 하나의 JAR가 TLD들을 찾기 위해 스캔되었으나 아무 것도 찾지 못했습니다. 스캔했으나 TLD가 없는 JAR들의 전체 목록을 보시려면, 로그 레벨을 디버그 레벨로 설정하십시오. 스캔 과정에서 불필요한 JAR들을 건너뛰면, 시스템 시작 시간과 JSP 컴파일 시간을 단축시킬 수 있습니다.
14-May-2025 12:15:18.326 정보 [main] org.apache.catalina.startup.HostConfig.deployDirectory 웹 애플리케이션 디렉토리 [/root/project/webHack/tomcat/webapps/manager]에 대한 배치가 [904] 밀리초에 완료되었습니다.
14-May-2025 12:15:18.334 정보 [main] org.apache.coyote.AbstractProtocol.start 프로토콜 핸들러 ["http-nio-8080"]을(를) 시작합니다.
14-May-2025 12:15:18.389 정보 [main] org.apache.catalina.startup.Catalina.start 서버가 [7392] 밀리초 내에 시작되었습니다.
14-May-2025 12:15:48.409 정보 [Catalina-utility-1] org.apache.catalina.startup.HostConfig.reload 컨텍스트 []을(를) 다시 로드합니다.
14-May-2025 12:15:48.414 정보 [Catalina-utility-1] org.apache.catalina.core.StandardContext.reload 이름이 []인 컨텍스트를 다시 로드하는 작업이 시작되었습니다.
14-May-2025 12:15:49.346 정보 [Catalina-utility-1] org.apache.jasper.servlet.TldScanner.scanJars 적어도 하나의 JAR가 TLD들을 찾기 위해 스캔되었으나 아무 것도 찾지 못했습니다. 스캔했으나 TLD가 없는 JAR들의 전체 목록을 보시려면, 로그 레벨을 디버그 레벨로 설정하십시오. 스캔 과정에서 불필요한 JAR들을 건너뛰면, 시스템 시작 시간과 JSP 컴파일 시간을 단축시킬 수 있습니다.
14-May-2025 12:15:49.639 정보 [Catalina-utility-1] org.apache.catalina.core.StandardContext.reload 이름이 []인 컨텍스트를 다시 로드하는 것을 완료했습니다.
14-May-2025 12:16:03.189 정보 [main] org.apache.catalina.core.StandardServer.await 셧다운 포트를 통해 유효한 셧다운 명령을 받았습니다. 서버 인스턴스를 중지시킵니다.
14-May-2025 12:16:03.190 정보 [main] org.apache.coyote.AbstractProtocol.pause 프로토콜 핸들러 ["http-nio-8080"]을(를) 일시 정지 중
14-May-2025 12:16:03.196 정보 [main] org.apache.catalina.core.StandardService.stopInternal 서비스 [Catalina]을(를) 중지시킵니다.
14-May-2025 12:16:03.265 정보 [main] org.apache.coyote.AbstractProtocol.stop 프로토콜 핸들러 ["http-nio-8080"]을(를) 중지시킵니다.
14-May-2025 12:16:03.283 정보 [main] org.apache.coyote.AbstractProtocol.destroy 프로토콜 핸들러 ["http-nio-8080"]을(를) 소멸시킵니다.
14-May-2025 12:16:05.135 정보 [main] org.apache.catalina.startup.VersionLoggerListener.log 서버 버전 이름:    Apache Tomcat/9.0.100
14-May-2025 12:16:05.145 정보 [main] org.apache.catalina.startup.VersionLoggerListener.log Server 빌드 시각:  Feb 13 2025 11:29:56 UTC
14-May-2025 12:16:05.146 정보 [main] org.apache.catalina.startup.VersionLoggerListener.log Server 버전 번호:  9.0.100.0
14-May-2025 12:16:05.146 정보 [main] org.apache.catalina.startup.VersionLoggerListener.log 운영체제 이름:     Linux
14-May-2025 12:16:05.146 정보 [main] org.apache.catalina.startup.VersionLoggerListener.log 운영체제 버전:     5.14.0-582.el9.x86_64
14-May-2025 12:16:05.147 정보 [main] org.apache.catalina.startup.VersionLoggerListener.log 아키텍처:          amd64
14-May-2025 12:16:05.147 정보 [main] org.apache.catalina.startup.VersionLoggerListener.log 자바 홈:           /usr/lib/jvm/java-11-openjdk-11.0.20.1.1-2.el9.x86_64
14-May-2025 12:16:05.148 정보 [main] org.apache.catalina.startup.VersionLoggerListener.log JVM 버전:          11.0.20.1+1-LTS
14-May-2025 12:16:05.148 정보 [main] org.apache.catalina.startup.VersionLoggerListener.log JVM 벤더:          Red Hat, Inc.
14-May-2025 12:16:05.148 정보 [main] org.apache.catalina.startup.VersionLoggerListener.log CATALINA_BASE:     /root/project/webHack/tomcat
14-May-2025 12:16:05.149 정보 [main] org.apache.catalina.startup.VersionLoggerListener.log CATALINA_HOME:     /root/project/webHack/tomcat
14-May-2025 12:16:05.173 정보 [main] org.apache.catalina.startup.VersionLoggerListener.log 명령 행 아규먼트:  --add-opens=java.base/java.lang=ALL-UNNAMED
14-May-2025 12:16:05.173 정보 [main] org.apache.catalina.startup.VersionLoggerListener.log 명령 행 아규먼트:  --add-opens=java.base/java.io=ALL-UNNAMED
14-May-2025 12:16:05.173 정보 [main] org.apache.catalina.startup.VersionLoggerListener.log 명령 행 아규먼트:  --add-opens=java.base/java.util=ALL-UNNAMED
14-May-2025 12:16:05.174 정보 [main] org.apache.catalina.startup.VersionLoggerListener.log 명령 행 아규먼트:  --add-opens=java.base/java.util.concurrent=ALL-UNNAMED
14-May-2025 12:16:05.175 정보 [main] org.apache.catalina.startup.VersionLoggerListener.log 명령 행 아규먼트:  --add-opens=java.rmi/sun.rmi.transport=ALL-UNNAMED
14-May-2025 12:16:05.175 정보 [main] org.apache.catalina.startup.VersionLoggerListener.log 명령 행 아규먼트:  -Djava.util.logging.config.file=/root/project/webHack/tomcat/conf/logging.properties
14-May-2025 12:16:05.176 정보 [main] org.apache.catalina.startup.VersionLoggerListener.log 명령 행 아규먼트:  -Djava.util.logging.manager=org.apache.juli.ClassLoaderLogManager
14-May-2025 12:16:05.177 정보 [main] org.apache.catalina.startup.VersionLoggerListener.log 명령 행 아규먼트:  -Djdk.tls.ephemeralDHKeySize=2048
14-May-2025 12:16:05.177 정보 [main] org.apache.catalina.startup.VersionLoggerListener.log 명령 행 아규먼트:  -Djava.protocol.handler.pkgs=org.apache.catalina.webresources
14-May-2025 12:16:05.177 정보 [main] org.apache.catalina.startup.VersionLoggerListener.log 명령 행 아규먼트:  -Dsun.io.useCanonCaches=false
14-May-2025 12:16:05.177 정보 [main] org.apache.catalina.startup.VersionLoggerListener.log 명령 행 아규먼트:  -Dorg.apache.catalina.security.SecurityListener.UMASK=0027
14-May-2025 12:16:05.178 정보 [main] org.apache.catalina.startup.VersionLoggerListener.log 명령 행 아규먼트:  -Dignore.endorsed.dirs=
14-May-2025 12:16:05.178 정보 [main] org.apache.catalina.startup.VersionLoggerListener.log 명령 행 아규먼트:  -Dcatalina.base=/root/project/webHack/tomcat
14-May-2025 12:16:05.178 정보 [main] org.apache.catalina.startup.VersionLoggerListener.log 명령 행 아규먼트:  -Dcatalina.home=/root/project/webHack/tomcat
14-May-2025 12:16:05.178 정보 [main] org.apache.catalina.startup.VersionLoggerListener.log 명령 행 아규먼트:  -Djava.io.tmpdir=/root/project/webHack/tomcat/temp
14-May-2025 12:16:05.182 정보 [main] org.apache.catalina.core.AprLifecycleListener.lifecycleEvent 프로덕션 환경들에서 최적의 성능을 제공하는, APR 기반 Apache Tomcat Native 라이브러리가, 다음 java.library.path에서 발견되지 않습니다: [/usr/java/packages/lib:/usr/lib64:/lib64:/lib:/usr/lib]
14-May-2025 12:16:05.753 정보 [main] org.apache.coyote.AbstractProtocol.init 프로토콜 핸들러 ["http-nio-8080"]을(를) 초기화합니다.
14-May-2025 12:16:05.792 정보 [main] org.apache.catalina.startup.Catalina.load [1069] 밀리초 내에 서버가 초기화되었습니다.
14-May-2025 12:16:05.897 정보 [main] org.apache.catalina.core.StandardService.startInternal 서비스 [Catalina]을(를) 시작합니다.
14-May-2025 12:16:05.898 정보 [main] org.apache.catalina.core.StandardEngine.startInternal 서버 엔진을 시작합니다: [Apache Tomcat/9.0.100]
14-May-2025 12:16:05.911 정보 [main] org.apache.catalina.startup.HostConfig.deployDirectory 웹 애플리케이션 디렉토리 [/root/project/webHack/tomcat/webapps/ROOT]을(를) 배치합니다.
14-May-2025 12:16:07.476 정보 [main] org.apache.jasper.servlet.TldScanner.scanJars 적어도 하나의 JAR가 TLD들을 찾기 위해 스캔되었으나 아무 것도 찾지 못했습니다. 스캔했으나 TLD가 없는 JAR들의 전체 목록을 보시려면, 로그 레벨을 디버그 레벨로 설정하십시오. 스캔 과정에서 불필요한 JAR들을 건너뛰면, 시스템 시작 시간과 JSP 컴파일 시간을 단축시킬 수 있습니다.
14-May-2025 12:16:07.720 정보 [main] org.apache.catalina.startup.HostConfig.deployDirectory 웹 애플리케이션 디렉토리 [/root/project/webHack/tomcat/webapps/ROOT]에 대한 배치가 [1,805] 밀리초에 완료되었습니다.
14-May-2025 12:16:07.720 정보 [main] org.apache.catalina.startup.HostConfig.deployDirectory 웹 애플리케이션 디렉토리 [/root/project/webHack/tomcat/webapps/docs]을(를) 배치합니다.
14-May-2025 12:16:08.576 정보 [main] org.apache.jasper.servlet.TldScanner.scanJars 적어도 하나의 JAR가 TLD들을 찾기 위해 스캔되었으나 아무 것도 찾지 못했습니다. 스캔했으나 TLD가 없는 JAR들의 전체 목록을 보시려면, 로그 레벨을 디버그 레벨로 설정하십시오. 스캔 과정에서 불필요한 JAR들을 건너뛰면, 시스템 시작 시간과 JSP 컴파일 시간을 단축시킬 수 있습니다.
14-May-2025 12:16:08.579 정보 [main] org.apache.catalina.startup.HostConfig.deployDirectory 웹 애플리케이션 디렉토리 [/root/project/webHack/tomcat/webapps/docs]에 대한 배치가 [859] 밀리초에 완료되었습니다.
14-May-2025 12:16:08.580 정보 [main] org.apache.catalina.startup.HostConfig.deployDirectory 웹 애플리케이션 디렉토리 [/root/project/webHack/tomcat/webapps/examples]을(를) 배치합니다.
14-May-2025 12:16:09.595 정보 [main] org.apache.jasper.servlet.TldScanner.scanJars 적어도 하나의 JAR가 TLD들을 찾기 위해 스캔되었으나 아무 것도 찾지 못했습니다. 스캔했으나 TLD가 없는 JAR들의 전체 목록을 보시려면, 로그 레벨을 디버그 레벨로 설정하십시오. 스캔 과정에서 불필요한 JAR들을 건너뛰면, 시스템 시작 시간과 JSP 컴파일 시간을 단축시킬 수 있습니다.
14-May-2025 12:16:09.661 정보 [main] org.apache.catalina.startup.HostConfig.deployDirectory 웹 애플리케이션 디렉토리 [/root/project/webHack/tomcat/webapps/examples]에 대한 배치가 [1,082] 밀리초에 완료되었습니다.
14-May-2025 12:16:09.662 정보 [main] org.apache.catalina.startup.HostConfig.deployDirectory 웹 애플리케이션 디렉토리 [/root/project/webHack/tomcat/webapps/host-manager]을(를) 배치합니다.
14-May-2025 12:16:10.435 정보 [main] org.apache.jasper.servlet.TldScanner.scanJars 적어도 하나의 JAR가 TLD들을 찾기 위해 스캔되었으나 아무 것도 찾지 못했습니다. 스캔했으나 TLD가 없는 JAR들의 전체 목록을 보시려면, 로그 레벨을 디버그 레벨로 설정하십시오. 스캔 과정에서 불필요한 JAR들을 건너뛰면, 시스템 시작 시간과 JSP 컴파일 시간을 단축시킬 수 있습니다.
14-May-2025 12:16:10.443 정보 [main] org.apache.catalina.startup.HostConfig.deployDirectory 웹 애플리케이션 디렉토리 [/root/project/webHack/tomcat/webapps/host-manager]에 대한 배치가 [781] 밀리초에 완료되었습니다.
14-May-2025 12:16:10.444 정보 [main] org.apache.catalina.startup.HostConfig.deployDirectory 웹 애플리케이션 디렉토리 [/root/project/webHack/tomcat/webapps/manager]을(를) 배치합니다.
14-May-2025 12:16:11.120 정보 [main] org.apache.jasper.servlet.TldScanner.scanJars 적어도 하나의 JAR가 TLD들을 찾기 위해 스캔되었으나 아무 것도 찾지 못했습니다. 스캔했으나 TLD가 없는 JAR들의 전체 목록을 보시려면, 로그 레벨을 디버그 레벨로 설정하십시오. 스캔 과정에서 불필요한 JAR들을 건너뛰면, 시스템 시작 시간과 JSP 컴파일 시간을 단축시킬 수 있습니다.
14-May-2025 12:16:11.125 정보 [main] org.apache.catalina.startup.HostConfig.deployDirectory 웹 애플리케이션 디렉토리 [/root/project/webHack/tomcat/webapps/manager]에 대한 배치가 [681] 밀리초에 완료되었습니다.
14-May-2025 12:16:11.133 정보 [main] org.apache.coyote.AbstractProtocol.start 프로토콜 핸들러 ["http-nio-8080"]을(를) 시작합니다.
14-May-2025 12:16:11.154 정보 [main] org.apache.catalina.startup.Catalina.start 서버가 [5361] 밀리초 내에 시작되었습니다.
14-May-2025 14:01:47.112 정보 [http-nio-8080-exec-6] org.apache.coyote.http11.Http11Processor.service HTTP 요청 헤더를 파싱하는 중 오류 발생
 비고: HTTP 요청 파싱 오류들이 더 발생하는 경우 DEBUG 레벨 로그로 기록될 것입니다.
	java.lang.IllegalArgumentException: HTTP 프로토콜에서 유효하지 않은 문자가 발견되었습니다.
		at org.apache.coyote.http11.Http11InputBuffer.parseRequestLine(Http11InputBuffer.java:561)
		at org.apache.coyote.http11.Http11Processor.service(Http11Processor.java:269)
		at org.apache.coyote.AbstractProcessorLight.process(AbstractProcessorLight.java:63)
		at org.apache.coyote.AbstractProtocol$ConnectionHandler.process(AbstractProtocol.java:937)
		at org.apache.tomcat.util.net.NioEndpoint$SocketProcessor.doRun(NioEndpoint.java:1793)
		at org.apache.tomcat.util.net.SocketProcessorBase.run(SocketProcessorBase.java:52)
		at org.apache.tomcat.util.threads.ThreadPoolExecutor.runWorker(ThreadPoolExecutor.java:1190)
		at org.apache.tomcat.util.threads.ThreadPoolExecutor$Worker.run(ThreadPoolExecutor.java:659)
		at org.apache.tomcat.util.threads.TaskThread$WrappingRunnable.run(TaskThread.java:63)
		at java.base/java.lang.Thread.run(Thread.java:829)
14-May-2025 20:12:42.797 정보 [main] org.apache.catalina.startup.VersionLoggerListener.log 서버 버전 이름:    Apache Tomcat/9.0.100
14-May-2025 20:12:42.814 정보 [main] org.apache.catalina.startup.VersionLoggerListener.log Server 빌드 시각:  Feb 13 2025 11:29:56 UTC
14-May-2025 20:12:42.815 정보 [main] org.apache.catalina.startup.VersionLoggerListener.log Server 버전 번호:  9.0.100.0
14-May-2025 20:12:42.815 정보 [main] org.apache.catalina.startup.VersionLoggerListener.log 운영체제 이름:     Linux
14-May-2025 20:12:42.816 정보 [main] org.apache.catalina.startup.VersionLoggerListener.log 운영체제 버전:     5.14.0-479.el9.x86_64
14-May-2025 20:12:42.817 정보 [main] org.apache.catalina.startup.VersionLoggerListener.log 아키텍처:          amd64
14-May-2025 20:12:42.818 정보 [main] org.apache.catalina.startup.VersionLoggerListener.log 자바 홈:           /usr/lib/jvm/java-11-openjdk-11.0.20.1.1-2.el9.x86_64
14-May-2025 20:12:42.818 정보 [main] org.apache.catalina.startup.VersionLoggerListener.log JVM 버전:          11.0.20.1+1-LTS
14-May-2025 20:12:42.819 정보 [main] org.apache.catalina.startup.VersionLoggerListener.log JVM 벤더:          Red Hat, Inc.
14-May-2025 20:12:42.820 정보 [main] org.apache.catalina.startup.VersionLoggerListener.log CATALINA_BASE:     /root/webHack/tomcat
14-May-2025 20:12:42.820 정보 [main] org.apache.catalina.startup.VersionLoggerListener.log CATALINA_HOME:     /root/webHack/tomcat
14-May-2025 20:12:42.879 정보 [main] org.apache.catalina.startup.VersionLoggerListener.log 명령 행 아규먼트:  --add-opens=java.base/java.lang=ALL-UNNAMED
14-May-2025 20:12:42.879 정보 [main] org.apache.catalina.startup.VersionLoggerListener.log 명령 행 아규먼트:  --add-opens=java.base/java.io=ALL-UNNAMED
14-May-2025 20:12:42.880 정보 [main] org.apache.catalina.startup.VersionLoggerListener.log 명령 행 아규먼트:  --add-opens=java.base/java.util=ALL-UNNAMED
14-May-2025 20:12:42.880 정보 [main] org.apache.catalina.startup.VersionLoggerListener.log 명령 행 아규먼트:  --add-opens=java.base/java.util.concurrent=ALL-UNNAMED
14-May-2025 20:12:42.881 정보 [main] org.apache.catalina.startup.VersionLoggerListener.log 명령 행 아규먼트:  --add-opens=java.rmi/sun.rmi.transport=ALL-UNNAMED
14-May-2025 20:12:42.881 정보 [main] org.apache.catalina.startup.VersionLoggerListener.log 명령 행 아규먼트:  -Djava.util.logging.config.file=/root/webHack/tomcat/conf/logging.properties
14-May-2025 20:12:42.883 정보 [main] org.apache.catalina.startup.VersionLoggerListener.log 명령 행 아규먼트:  -Djava.util.logging.manager=org.apache.juli.ClassLoaderLogManager
14-May-2025 20:12:42.883 정보 [main] org.apache.catalina.startup.VersionLoggerListener.log 명령 행 아규먼트:  -Djdk.tls.ephemeralDHKeySize=2048
14-May-2025 20:12:42.883 정보 [main] org.apache.catalina.startup.VersionLoggerListener.log 명령 행 아규먼트:  -Djava.protocol.handler.pkgs=org.apache.catalina.webresources
14-May-2025 20:12:42.884 정보 [main] org.apache.catalina.startup.VersionLoggerListener.log 명령 행 아규먼트:  -Dsun.io.useCanonCaches=false
14-May-2025 20:12:42.884 정보 [main] org.apache.catalina.startup.VersionLoggerListener.log 명령 행 아규먼트:  -Dorg.apache.catalina.security.SecurityListener.UMASK=0027
14-May-2025 20:12:42.885 정보 [main] org.apache.catalina.startup.VersionLoggerListener.log 명령 행 아규먼트:  -Dignore.endorsed.dirs=
14-May-2025 20:12:42.885 정보 [main] org.apache.catalina.startup.VersionLoggerListener.log 명령 행 아규먼트:  -Dcatalina.base=/root/webHack/tomcat
14-May-2025 20:12:42.886 정보 [main] org.apache.catalina.startup.VersionLoggerListener.log 명령 행 아규먼트:  -Dcatalina.home=/root/webHack/tomcat
14-May-2025 20:12:42.886 정보 [main] org.apache.catalina.startup.VersionLoggerListener.log 명령 행 아규먼트:  -Djava.io.tmpdir=/root/webHack/tomcat/temp
14-May-2025 20:12:42.890 정보 [main] org.apache.catalina.core.AprLifecycleListener.lifecycleEvent 프로덕션 환경들에서 최적의 성능을 제공하는, APR 기반 Apache Tomcat Native 라이브러리가, 다음 java.library.path에서 발견되지 않습니다: [/usr/java/packages/lib:/usr/lib64:/lib64:/lib:/usr/lib]
14-May-2025 20:12:43.791 정보 [main] org.apache.coyote.AbstractProtocol.init 프로토콜 핸들러 ["http-nio-8080"]을(를) 초기화합니다.
14-May-2025 20:12:43.865 정보 [main] org.apache.catalina.startup.Catalina.load [1701] 밀리초 내에 서버가 초기화되었습니다.
14-May-2025 20:12:44.033 정보 [main] org.apache.catalina.core.StandardService.startInternal 서비스 [Catalina]을(를) 시작합니다.
14-May-2025 20:12:44.034 정보 [main] org.apache.catalina.core.StandardEngine.startInternal 서버 엔진을 시작합니다: [Apache Tomcat/9.0.100]
14-May-2025 20:12:44.052 정보 [main] org.apache.catalina.startup.HostConfig.deployDirectory 웹 애플리케이션 디렉토리 [/root/webHack/tomcat/webapps/ROOT]을(를) 배치합니다.
14-May-2025 20:12:45.926 정보 [main] org.apache.jasper.servlet.TldScanner.scanJars 적어도 하나의 JAR가 TLD들을 찾기 위해 스캔되었으나 아무 것도 찾지 못했습니다. 스캔했으나 TLD가 없는 JAR들의 전체 목록을 보시려면, 로그 레벨을 디버그 레벨로 설정하십시오. 스캔 과정에서 불필요한 JAR들을 건너뛰면, 시스템 시작 시간과 JSP 컴파일 시간을 단축시킬 수 있습니다.
14-May-2025 20:12:48.420 정보 [main] org.apache.catalina.startup.HostConfig.deployDirectory 웹 애플리케이션 디렉토리 [/root/webHack/tomcat/webapps/ROOT]에 대한 배치가 [4,365] 밀리초에 완료되었습니다.
14-May-2025 20:12:48.421 정보 [main] org.apache.catalina.startup.HostConfig.deployDirectory 웹 애플리케이션 디렉토리 [/root/webHack/tomcat/webapps/docs]을(를) 배치합니다.
14-May-2025 20:12:49.513 정보 [main] org.apache.jasper.servlet.TldScanner.scanJars 적어도 하나의 JAR가 TLD들을 찾기 위해 스캔되었으나 아무 것도 찾지 못했습니다. 스캔했으나 TLD가 없는 JAR들의 전체 목록을 보시려면, 로그 레벨을 디버그 레벨로 설정하십시오. 스캔 과정에서 불필요한 JAR들을 건너뛰면, 시스템 시작 시간과 JSP 컴파일 시간을 단축시킬 수 있습니다.
14-May-2025 20:12:49.518 정보 [main] org.apache.catalina.startup.HostConfig.deployDirectory 웹 애플리케이션 디렉토리 [/root/webHack/tomcat/webapps/docs]에 대한 배치가 [1,097] 밀리초에 완료되었습니다.
14-May-2025 20:12:49.519 정보 [main] org.apache.catalina.startup.HostConfig.deployDirectory 웹 애플리케이션 디렉토리 [/root/webHack/tomcat/webapps/examples]을(를) 배치합니다.
14-May-2025 20:12:51.223 정보 [main] org.apache.jasper.servlet.TldScanner.scanJars 적어도 하나의 JAR가 TLD들을 찾기 위해 스캔되었으나 아무 것도 찾지 못했습니다. 스캔했으나 TLD가 없는 JAR들의 전체 목록을 보시려면, 로그 레벨을 디버그 레벨로 설정하십시오. 스캔 과정에서 불필요한 JAR들을 건너뛰면, 시스템 시작 시간과 JSP 컴파일 시간을 단축시킬 수 있습니다.
14-May-2025 20:12:51.312 정보 [main] org.apache.catalina.startup.HostConfig.deployDirectory 웹 애플리케이션 디렉토리 [/root/webHack/tomcat/webapps/examples]에 대한 배치가 [1,792] 밀리초에 완료되었습니다.
14-May-2025 20:12:51.312 정보 [main] org.apache.catalina.startup.HostConfig.deployDirectory 웹 애플리케이션 디렉토리 [/root/webHack/tomcat/webapps/host-manager]을(를) 배치합니다.
14-May-2025 20:12:52.041 정보 [main] org.apache.jasper.servlet.TldScanner.scanJars 적어도 하나의 JAR가 TLD들을 찾기 위해 스캔되었으나 아무 것도 찾지 못했습니다. 스캔했으나 TLD가 없는 JAR들의 전체 목록을 보시려면, 로그 레벨을 디버그 레벨로 설정하십시오. 스캔 과정에서 불필요한 JAR들을 건너뛰면, 시스템 시작 시간과 JSP 컴파일 시간을 단축시킬 수 있습니다.
14-May-2025 20:12:52.049 정보 [main] org.apache.catalina.startup.HostConfig.deployDirectory 웹 애플리케이션 디렉토리 [/root/webHack/tomcat/webapps/host-manager]에 대한 배치가 [737] 밀리초에 완료되었습니다.
14-May-2025 20:12:52.050 정보 [main] org.apache.catalina.startup.HostConfig.deployDirectory 웹 애플리케이션 디렉토리 [/root/webHack/tomcat/webapps/manager]을(를) 배치합니다.
14-May-2025 20:12:52.741 정보 [main] org.apache.jasper.servlet.TldScanner.scanJars 적어도 하나의 JAR가 TLD들을 찾기 위해 스캔되었으나 아무 것도 찾지 못했습니다. 스캔했으나 TLD가 없는 JAR들의 전체 목록을 보시려면, 로그 레벨을 디버그 레벨로 설정하십시오. 스캔 과정에서 불필요한 JAR들을 건너뛰면, 시스템 시작 시간과 JSP 컴파일 시간을 단축시킬 수 있습니다.
14-May-2025 20:12:52.747 정보 [main] org.apache.catalina.startup.HostConfig.deployDirectory 웹 애플리케이션 디렉토리 [/root/webHack/tomcat/webapps/manager]에 대한 배치가 [696] 밀리초에 완료되었습니다.
14-May-2025 20:12:52.770 정보 [main] org.apache.coyote.AbstractProtocol.start 프로토콜 핸들러 ["http-nio-8080"]을(를) 시작합니다.
14-May-2025 20:12:52.820 정보 [main] org.apache.catalina.startup.Catalina.start 서버가 [8954] 밀리초 내에 시작되었습니다.
14-May-2025 20:21:13.005 정보 [Catalina-utility-1] org.apache.catalina.startup.HostConfig.reload 컨텍스트 []을(를) 다시 로드합니다.
14-May-2025 20:21:13.010 정보 [Catalina-utility-1] org.apache.catalina.core.StandardContext.reload 이름이 []인 컨텍스트를 다시 로드하는 작업이 시작되었습니다.
14-May-2025 20:21:13.947 정보 [Catalina-utility-1] org.apache.jasper.servlet.TldScanner.scanJars 적어도 하나의 JAR가 TLD들을 찾기 위해 스캔되었으나 아무 것도 찾지 못했습니다. 스캔했으나 TLD가 없는 JAR들의 전체 목록을 보시려면, 로그 레벨을 디버그 레벨로 설정하십시오. 스캔 과정에서 불필요한 JAR들을 건너뛰면, 시스템 시작 시간과 JSP 컴파일 시간을 단축시킬 수 있습니다.
14-May-2025 20:21:14.269 정보 [Catalina-utility-1] org.apache.catalina.core.StandardContext.reload 이름이 []인 컨텍스트를 다시 로드하는 것을 완료했습니다.
14-May-2025 22:30:09.993 정보 [Thread-1] org.apache.coyote.AbstractProtocol.pause 프로토콜 핸들러 ["http-nio-8080"]을(를) 일시 정지 중
14-May-2025 22:30:10.001 정보 [Thread-1] org.apache.catalina.core.StandardService.stopInternal 서비스 [Catalina]을(를) 중지시킵니다.
14-May-2025 22:30:10.144 정보 [Thread-1] org.apache.coyote.AbstractProtocol.stop 프로토콜 핸들러 ["http-nio-8080"]을(를) 중지시킵니다.
14-May-2025 22:30:10.164 정보 [Thread-1] org.apache.coyote.AbstractProtocol.destroy 프로토콜 핸들러 ["http-nio-8080"]을(를) 소멸시킵니다.
