23-May-2025 09:38:47.017 정보 [main] org.apache.catalina.startup.VersionLoggerListener.log 서버 버전 이름:    Apache Tomcat/9.0.100
23-May-2025 09:38:47.033 정보 [main] org.apache.catalina.startup.VersionLoggerListener.log Server 빌드 시각:  Feb 13 2025 11:29:56 UTC
23-May-2025 09:38:47.033 정보 [main] org.apache.catalina.startup.VersionLoggerListener.log Server 버전 번호:  9.0.100.0
23-May-2025 09:38:47.033 정보 [main] org.apache.catalina.startup.VersionLoggerListener.log 운영체제 이름:     Linux
23-May-2025 09:38:47.034 정보 [main] org.apache.catalina.startup.VersionLoggerListener.log 운영체제 버전:     5.14.0-582.el9.x86_64
23-May-2025 09:38:47.034 정보 [main] org.apache.catalina.startup.VersionLoggerListener.log 아키텍처:          amd64
23-May-2025 09:38:47.034 정보 [main] org.apache.catalina.startup.VersionLoggerListener.log 자바 홈:           /usr/lib/jvm/java-11-openjdk-11.0.20.1.1-2.el9.x86_64
23-May-2025 09:38:47.035 정보 [main] org.apache.catalina.startup.VersionLoggerListener.log JVM 버전:          11.0.20.1+1-LTS
23-May-2025 09:38:47.036 정보 [main] org.apache.catalina.startup.VersionLoggerListener.log JVM 벤더:          Red Hat, Inc.
23-May-2025 09:38:47.037 정보 [main] org.apache.catalina.startup.VersionLoggerListener.log CATALINA_BASE:     /root/project/webHack/tomcat
23-May-2025 09:38:47.037 정보 [main] org.apache.catalina.startup.VersionLoggerListener.log CATALINA_HOME:     /root/project/webHack/tomcat
23-May-2025 09:38:47.067 정보 [main] org.apache.catalina.startup.VersionLoggerListener.log 명령 행 아규먼트:  --add-opens=java.base/java.lang=ALL-UNNAMED
23-May-2025 09:38:47.068 정보 [main] org.apache.catalina.startup.VersionLoggerListener.log 명령 행 아규먼트:  --add-opens=java.base/java.io=ALL-UNNAMED
23-May-2025 09:38:47.068 정보 [main] org.apache.catalina.startup.VersionLoggerListener.log 명령 행 아규먼트:  --add-opens=java.base/java.util=ALL-UNNAMED
23-May-2025 09:38:47.068 정보 [main] org.apache.catalina.startup.VersionLoggerListener.log 명령 행 아규먼트:  --add-opens=java.base/java.util.concurrent=ALL-UNNAMED
23-May-2025 09:38:47.068 정보 [main] org.apache.catalina.startup.VersionLoggerListener.log 명령 행 아규먼트:  --add-opens=java.rmi/sun.rmi.transport=ALL-UNNAMED
23-May-2025 09:38:47.069 정보 [main] org.apache.catalina.startup.VersionLoggerListener.log 명령 행 아규먼트:  -Djava.util.logging.config.file=/root/project/webHack/tomcat/conf/logging.properties
23-May-2025 09:38:47.070 정보 [main] org.apache.catalina.startup.VersionLoggerListener.log 명령 행 아규먼트:  -Djava.util.logging.manager=org.apache.juli.ClassLoaderLogManager
23-May-2025 09:38:47.071 정보 [main] org.apache.catalina.startup.VersionLoggerListener.log 명령 행 아규먼트:  -Djdk.tls.ephemeralDHKeySize=2048
23-May-2025 09:38:47.071 정보 [main] org.apache.catalina.startup.VersionLoggerListener.log 명령 행 아규먼트:  -Djava.protocol.handler.pkgs=org.apache.catalina.webresources
23-May-2025 09:38:47.071 정보 [main] org.apache.catalina.startup.VersionLoggerListener.log 명령 행 아규먼트:  -Dsun.io.useCanonCaches=false
23-May-2025 09:38:47.071 정보 [main] org.apache.catalina.startup.VersionLoggerListener.log 명령 행 아규먼트:  -Dorg.apache.catalina.security.SecurityListener.UMASK=0027
23-May-2025 09:38:47.072 정보 [main] org.apache.catalina.startup.VersionLoggerListener.log 명령 행 아규먼트:  -Dignore.endorsed.dirs=
23-May-2025 09:38:47.072 정보 [main] org.apache.catalina.startup.VersionLoggerListener.log 명령 행 아규먼트:  -Dcatalina.base=/root/project/webHack/tomcat
23-May-2025 09:38:47.073 정보 [main] org.apache.catalina.startup.VersionLoggerListener.log 명령 행 아규먼트:  -Dcatalina.home=/root/project/webHack/tomcat
23-May-2025 09:38:47.073 정보 [main] org.apache.catalina.startup.VersionLoggerListener.log 명령 행 아규먼트:  -Djava.io.tmpdir=/root/project/webHack/tomcat/temp
23-May-2025 09:38:47.077 정보 [main] org.apache.catalina.core.AprLifecycleListener.lifecycleEvent 프로덕션 환경들에서 최적의 성능을 제공하는, APR 기반 Apache Tomcat Native 라이브러리가, 다음 java.library.path에서 발견되지 않습니다: [/usr/java/packages/lib:/usr/lib64:/lib64:/lib:/usr/lib]
23-May-2025 09:38:47.805 정보 [main] org.apache.coyote.AbstractProtocol.init 프로토콜 핸들러 ["http-nio-8080"]을(를) 초기화합니다.
23-May-2025 09:38:47.843 심각 [main] org.apache.catalina.util.LifecycleBase.handleSubClassException 구성요소 [Connector["http-nio-8080"]]을(를) 초기화하지 못했습니다.
	org.apache.catalina.LifecycleException: 프로토콜 핸들러 초기화가 실패했습니다.
		at org.apache.catalina.connector.Connector.initInternal(Connector.java:1048)
		at org.apache.catalina.util.LifecycleBase.init(LifecycleBase.java:122)
		at org.apache.catalina.core.StandardService.initInternal(StandardService.java:525)
		at org.apache.catalina.util.LifecycleBase.init(LifecycleBase.java:122)
		at org.apache.catalina.core.StandardServer.initInternal(StandardServer.java:986)
		at org.apache.catalina.util.LifecycleBase.init(LifecycleBase.java:122)
		at org.apache.catalina.startup.Catalina.load(Catalina.java:690)
		at org.apache.catalina.startup.Catalina.load(Catalina.java:713)
		at java.base/jdk.internal.reflect.NativeMethodAccessorImpl.invoke0(Native Method)
		at java.base/jdk.internal.reflect.NativeMethodAccessorImpl.invoke(NativeMethodAccessorImpl.java:62)
		at java.base/jdk.internal.reflect.DelegatingMethodAccessorImpl.invoke(DelegatingMethodAccessorImpl.java:43)
		at java.base/java.lang.reflect.Method.invoke(Method.java:566)
		at org.apache.catalina.startup.Bootstrap.load(Bootstrap.java:302)
		at org.apache.catalina.startup.Bootstrap.main(Bootstrap.java:472)
	Caused by: java.net.BindException: 주소가 이미 사용 중입니다
		at java.base/sun.nio.ch.Net.bind0(Native Method)
		at java.base/sun.nio.ch.Net.bind(Net.java:459)
		at java.base/sun.nio.ch.Net.bind(Net.java:448)
		at java.base/sun.nio.ch.ServerSocketChannelImpl.bind(ServerSocketChannelImpl.java:227)
		at org.apache.tomcat.util.net.NioEndpoint.initServerSocket(NioEndpoint.java:268)
		at org.apache.tomcat.util.net.NioEndpoint.bind(NioEndpoint.java:223)
		at org.apache.tomcat.util.net.AbstractEndpoint.bindWithCleanup(AbstractEndpoint.java:1373)
		at org.apache.tomcat.util.net.AbstractEndpoint.init(AbstractEndpoint.java:1386)
		at org.apache.coyote.AbstractProtocol.init(AbstractProtocol.java:663)
		at org.apache.coyote.http11.AbstractHttp11Protocol.init(AbstractHttp11Protocol.java:80)
		at org.apache.catalina.connector.Connector.initInternal(Connector.java:1046)
		... 13 more
23-May-2025 09:38:47.848 정보 [main] org.apache.catalina.startup.Catalina.load [1490] 밀리초 내에 서버가 초기화되었습니다.
23-May-2025 09:38:47.976 정보 [main] org.apache.catalina.core.StandardService.startInternal 서비스 [Catalina]을(를) 시작합니다.
23-May-2025 09:38:47.977 정보 [main] org.apache.catalina.core.StandardEngine.startInternal 서버 엔진을 시작합니다: [Apache Tomcat/9.0.100]
23-May-2025 09:38:47.995 정보 [main] org.apache.catalina.startup.HostConfig.deployDirectory 웹 애플리케이션 디렉토리 [/root/project/webHack/tomcat/webapps/ROOT]을(를) 배치합니다.
23-May-2025 09:38:50.965 정보 [main] org.apache.jasper.servlet.TldScanner.scanJars 적어도 하나의 JAR가 TLD들을 찾기 위해 스캔되었으나 아무 것도 찾지 못했습니다. 스캔했으나 TLD가 없는 JAR들의 전체 목록을 보시려면, 로그 레벨을 디버그 레벨로 설정하십시오. 스캔 과정에서 불필요한 JAR들을 건너뛰면, 시스템 시작 시간과 JSP 컴파일 시간을 단축시킬 수 있습니다.
23-May-2025 09:38:53.437 정보 [main] org.apache.catalina.startup.HostConfig.deployDirectory 웹 애플리케이션 디렉토리 [/root/project/webHack/tomcat/webapps/ROOT]에 대한 배치가 [5,442] 밀리초에 완료되었습니다.
23-May-2025 09:38:53.438 정보 [main] org.apache.catalina.startup.HostConfig.deployDirectory 웹 애플리케이션 디렉토리 [/root/project/webHack/tomcat/webapps/docs]을(를) 배치합니다.
23-May-2025 09:38:54.335 정보 [main] org.apache.jasper.servlet.TldScanner.scanJars 적어도 하나의 JAR가 TLD들을 찾기 위해 스캔되었으나 아무 것도 찾지 못했습니다. 스캔했으나 TLD가 없는 JAR들의 전체 목록을 보시려면, 로그 레벨을 디버그 레벨로 설정하십시오. 스캔 과정에서 불필요한 JAR들을 건너뛰면, 시스템 시작 시간과 JSP 컴파일 시간을 단축시킬 수 있습니다.
23-May-2025 09:38:54.338 정보 [main] org.apache.catalina.startup.HostConfig.deployDirectory 웹 애플리케이션 디렉토리 [/root/project/webHack/tomcat/webapps/docs]에 대한 배치가 [900] 밀리초에 완료되었습니다.
23-May-2025 09:38:54.338 정보 [main] org.apache.catalina.startup.HostConfig.deployDirectory 웹 애플리케이션 디렉토리 [/root/project/webHack/tomcat/webapps/examples]을(를) 배치합니다.
23-May-2025 09:38:55.435 정보 [main] org.apache.jasper.servlet.TldScanner.scanJars 적어도 하나의 JAR가 TLD들을 찾기 위해 스캔되었으나 아무 것도 찾지 못했습니다. 스캔했으나 TLD가 없는 JAR들의 전체 목록을 보시려면, 로그 레벨을 디버그 레벨로 설정하십시오. 스캔 과정에서 불필요한 JAR들을 건너뛰면, 시스템 시작 시간과 JSP 컴파일 시간을 단축시킬 수 있습니다.
23-May-2025 09:38:55.513 정보 [main] org.apache.catalina.startup.HostConfig.deployDirectory 웹 애플리케이션 디렉토리 [/root/project/webHack/tomcat/webapps/examples]에 대한 배치가 [1,175] 밀리초에 완료되었습니다.
23-May-2025 09:38:55.514 정보 [main] org.apache.catalina.startup.HostConfig.deployDirectory 웹 애플리케이션 디렉토리 [/root/project/webHack/tomcat/webapps/host-manager]을(를) 배치합니다.
23-May-2025 09:38:56.319 정보 [main] org.apache.jasper.servlet.TldScanner.scanJars 적어도 하나의 JAR가 TLD들을 찾기 위해 스캔되었으나 아무 것도 찾지 못했습니다. 스캔했으나 TLD가 없는 JAR들의 전체 목록을 보시려면, 로그 레벨을 디버그 레벨로 설정하십시오. 스캔 과정에서 불필요한 JAR들을 건너뛰면, 시스템 시작 시간과 JSP 컴파일 시간을 단축시킬 수 있습니다.
23-May-2025 09:38:56.326 정보 [main] org.apache.catalina.startup.HostConfig.deployDirectory 웹 애플리케이션 디렉토리 [/root/project/webHack/tomcat/webapps/host-manager]에 대한 배치가 [812] 밀리초에 완료되었습니다.
23-May-2025 09:38:56.327 정보 [main] org.apache.catalina.startup.HostConfig.deployDirectory 웹 애플리케이션 디렉토리 [/root/project/webHack/tomcat/webapps/manager]을(를) 배치합니다.
23-May-2025 09:38:57.140 정보 [main] org.apache.jasper.servlet.TldScanner.scanJars 적어도 하나의 JAR가 TLD들을 찾기 위해 스캔되었으나 아무 것도 찾지 못했습니다. 스캔했으나 TLD가 없는 JAR들의 전체 목록을 보시려면, 로그 레벨을 디버그 레벨로 설정하십시오. 스캔 과정에서 불필요한 JAR들을 건너뛰면, 시스템 시작 시간과 JSP 컴파일 시간을 단축시킬 수 있습니다.
23-May-2025 09:38:57.146 정보 [main] org.apache.catalina.startup.HostConfig.deployDirectory 웹 애플리케이션 디렉토리 [/root/project/webHack/tomcat/webapps/manager]에 대한 배치가 [818] 밀리초에 완료되었습니다.
23-May-2025 09:38:57.165 정보 [main] org.apache.catalina.startup.Catalina.start 서버가 [9316] 밀리초 내에 시작되었습니다.
23-May-2025 09:38:57.174 심각 [main] org.apache.catalina.core.StandardServer.await 주소 [localhost]와(과) 포트 [8005]에, 서버 셧다운 소켓을 생성하지 못했습니다. (base 포트 [8005], offset [0])
	java.net.BindException: 주소가 이미 사용 중입니다 (Bind failed)
		at java.base/java.net.PlainSocketImpl.socketBind(Native Method)
		at java.base/java.net.AbstractPlainSocketImpl.bind(AbstractPlainSocketImpl.java:452)
		at java.base/java.net.ServerSocket.bind(ServerSocket.java:395)
		at java.base/java.net.ServerSocket.<init>(ServerSocket.java:257)
		at org.apache.catalina.core.StandardServer.await(StandardServer.java:537)
		at org.apache.catalina.startup.Catalina.await(Catalina.java:829)
		at org.apache.catalina.startup.Catalina.start(Catalina.java:777)
		at java.base/jdk.internal.reflect.NativeMethodAccessorImpl.invoke0(Native Method)
		at java.base/jdk.internal.reflect.NativeMethodAccessorImpl.invoke(NativeMethodAccessorImpl.java:62)
		at java.base/jdk.internal.reflect.DelegatingMethodAccessorImpl.invoke(DelegatingMethodAccessorImpl.java:43)
		at java.base/java.lang.reflect.Method.invoke(Method.java:566)
		at org.apache.catalina.startup.Bootstrap.start(Bootstrap.java:345)
		at org.apache.catalina.startup.Bootstrap.main(Bootstrap.java:473)
23-May-2025 09:38:57.176 정보 [main] org.apache.coyote.AbstractProtocol.pause 프로토콜 핸들러 ["http-nio-8080"]을(를) 일시 정지 중
23-May-2025 09:38:57.176 정보 [main] org.apache.catalina.core.StandardService.stopInternal 서비스 [Catalina]을(를) 중지시킵니다.
23-May-2025 09:38:57.243 정보 [main] org.apache.coyote.AbstractProtocol.stop 프로토콜 핸들러 ["http-nio-8080"]을(를) 중지시킵니다.
23-May-2025 09:38:57.246 정보 [main] org.apache.coyote.AbstractProtocol.destroy 프로토콜 핸들러 ["http-nio-8080"]을(를) 소멸시킵니다.
23-May-2025 09:49:47.614 정보 [Catalina-utility-1] org.apache.catalina.startup.HostConfig.reload 컨텍스트 []을(를) 다시 로드합니다.
23-May-2025 09:49:47.655 정보 [Catalina-utility-1] org.apache.catalina.core.StandardContext.reload 이름이 []인 컨텍스트를 다시 로드하는 작업이 시작되었습니다.
23-May-2025 09:49:51.205 정보 [Catalina-utility-1] org.apache.jasper.servlet.TldScanner.scanJars 적어도 하나의 JAR가 TLD들을 찾기 위해 스캔되었으나 아무 것도 찾지 못했습니다. 스캔했으나 TLD가 없는 JAR들의 전체 목록을 보시려면, 로그 레벨을 디버그 레벨로 설정하십시오. 스캔 과정에서 불필요한 JAR들을 건너뛰면, 시스템 시작 시간과 JSP 컴파일 시간을 단축시킬 수 있습니다.
23-May-2025 09:49:51.292 정보 [Catalina-utility-1] org.apache.catalina.core.StandardContext.reload 이름이 []인 컨텍스트를 다시 로드하는 것을 완료했습니다.
23-May-2025 10:38:09.231 정보 [main] org.apache.catalina.core.StandardServer.await 셧다운 포트를 통해 유효한 셧다운 명령을 받았습니다. 서버 인스턴스를 중지시킵니다.
23-May-2025 10:38:09.240 정보 [main] org.apache.coyote.AbstractProtocol.pause 프로토콜 핸들러 ["http-nio-8080"]을(를) 일시 정지 중
23-May-2025 10:38:09.267 정보 [main] org.apache.catalina.core.StandardService.stopInternal 서비스 [Catalina]을(를) 중지시킵니다.
23-May-2025 10:38:09.371 정보 [main] org.apache.coyote.AbstractProtocol.stop 프로토콜 핸들러 ["http-nio-8080"]을(를) 중지시킵니다.
23-May-2025 10:38:09.463 정보 [main] org.apache.coyote.AbstractProtocol.destroy 프로토콜 핸들러 ["http-nio-8080"]을(를) 소멸시킵니다.
23-May-2025 10:38:15.276 정보 [main] org.apache.catalina.startup.VersionLoggerListener.log 서버 버전 이름:    Apache Tomcat/9.0.100
23-May-2025 10:38:15.287 정보 [main] org.apache.catalina.startup.VersionLoggerListener.log Server 빌드 시각:  Feb 13 2025 11:29:56 UTC
23-May-2025 10:38:15.288 정보 [main] org.apache.catalina.startup.VersionLoggerListener.log Server 버전 번호:  9.0.100.0
23-May-2025 10:38:15.289 정보 [main] org.apache.catalina.startup.VersionLoggerListener.log 운영체제 이름:     Linux
23-May-2025 10:38:15.289 정보 [main] org.apache.catalina.startup.VersionLoggerListener.log 운영체제 버전:     5.14.0-582.el9.x86_64
23-May-2025 10:38:15.289 정보 [main] org.apache.catalina.startup.VersionLoggerListener.log 아키텍처:          amd64
23-May-2025 10:38:15.290 정보 [main] org.apache.catalina.startup.VersionLoggerListener.log 자바 홈:           /usr/lib/jvm/java-11-openjdk-11.0.20.1.1-2.el9.x86_64
23-May-2025 10:38:15.290 정보 [main] org.apache.catalina.startup.VersionLoggerListener.log JVM 버전:          11.0.20.1+1-LTS
23-May-2025 10:38:15.290 정보 [main] org.apache.catalina.startup.VersionLoggerListener.log JVM 벤더:          Red Hat, Inc.
23-May-2025 10:38:15.291 정보 [main] org.apache.catalina.startup.VersionLoggerListener.log CATALINA_BASE:     /root/project/webHack/tomcat
23-May-2025 10:38:15.291 정보 [main] org.apache.catalina.startup.VersionLoggerListener.log CATALINA_HOME:     /root/project/webHack/tomcat
23-May-2025 10:38:15.321 정보 [main] org.apache.catalina.startup.VersionLoggerListener.log 명령 행 아규먼트:  --add-opens=java.base/java.lang=ALL-UNNAMED
23-May-2025 10:38:15.322 정보 [main] org.apache.catalina.startup.VersionLoggerListener.log 명령 행 아규먼트:  --add-opens=java.base/java.io=ALL-UNNAMED
23-May-2025 10:38:15.323 정보 [main] org.apache.catalina.startup.VersionLoggerListener.log 명령 행 아규먼트:  --add-opens=java.base/java.util=ALL-UNNAMED
23-May-2025 10:38:15.323 정보 [main] org.apache.catalina.startup.VersionLoggerListener.log 명령 행 아규먼트:  --add-opens=java.base/java.util.concurrent=ALL-UNNAMED
23-May-2025 10:38:15.323 정보 [main] org.apache.catalina.startup.VersionLoggerListener.log 명령 행 아규먼트:  --add-opens=java.rmi/sun.rmi.transport=ALL-UNNAMED
23-May-2025 10:38:15.323 정보 [main] org.apache.catalina.startup.VersionLoggerListener.log 명령 행 아규먼트:  -Djava.util.logging.config.file=/root/project/webHack/tomcat/conf/logging.properties
23-May-2025 10:38:15.324 정보 [main] org.apache.catalina.startup.VersionLoggerListener.log 명령 행 아규먼트:  -Djava.util.logging.manager=org.apache.juli.ClassLoaderLogManager
23-May-2025 10:38:15.324 정보 [main] org.apache.catalina.startup.VersionLoggerListener.log 명령 행 아규먼트:  -Duser.timezone=Asia/Seoul
23-May-2025 10:38:15.325 정보 [main] org.apache.catalina.startup.VersionLoggerListener.log 명령 행 아규먼트:  -Djdk.tls.ephemeralDHKeySize=2048
23-May-2025 10:38:15.325 정보 [main] org.apache.catalina.startup.VersionLoggerListener.log 명령 행 아규먼트:  -Djava.protocol.handler.pkgs=org.apache.catalina.webresources
23-May-2025 10:38:15.325 정보 [main] org.apache.catalina.startup.VersionLoggerListener.log 명령 행 아규먼트:  -Dsun.io.useCanonCaches=false
23-May-2025 10:38:15.326 정보 [main] org.apache.catalina.startup.VersionLoggerListener.log 명령 행 아규먼트:  -Dorg.apache.catalina.security.SecurityListener.UMASK=0027
23-May-2025 10:38:15.326 정보 [main] org.apache.catalina.startup.VersionLoggerListener.log 명령 행 아규먼트:  -Dignore.endorsed.dirs=
23-May-2025 10:38:15.326 정보 [main] org.apache.catalina.startup.VersionLoggerListener.log 명령 행 아규먼트:  -Dcatalina.base=/root/project/webHack/tomcat
23-May-2025 10:38:15.326 정보 [main] org.apache.catalina.startup.VersionLoggerListener.log 명령 행 아규먼트:  -Dcatalina.home=/root/project/webHack/tomcat
23-May-2025 10:38:15.327 정보 [main] org.apache.catalina.startup.VersionLoggerListener.log 명령 행 아규먼트:  -Djava.io.tmpdir=/root/project/webHack/tomcat/temp
23-May-2025 10:38:15.330 정보 [main] org.apache.catalina.core.AprLifecycleListener.lifecycleEvent 프로덕션 환경들에서 최적의 성능을 제공하는, APR 기반 Apache Tomcat Native 라이브러리가, 다음 java.library.path에서 발견되지 않습니다: [/usr/java/packages/lib:/usr/lib64:/lib64:/lib:/usr/lib]
23-May-2025 10:38:16.029 정보 [main] org.apache.coyote.AbstractProtocol.init 프로토콜 핸들러 ["http-nio-8080"]을(를) 초기화합니다.
23-May-2025 10:38:16.109 정보 [main] org.apache.catalina.startup.Catalina.load [1360] 밀리초 내에 서버가 초기화되었습니다.
23-May-2025 10:38:16.255 정보 [main] org.apache.catalina.core.StandardService.startInternal 서비스 [Catalina]을(를) 시작합니다.
23-May-2025 10:38:16.256 정보 [main] org.apache.catalina.core.StandardEngine.startInternal 서버 엔진을 시작합니다: [Apache Tomcat/9.0.100]
23-May-2025 10:38:16.275 정보 [main] org.apache.catalina.startup.HostConfig.deployDirectory 웹 애플리케이션 디렉토리 [/root/project/webHack/tomcat/webapps/ROOT]을(를) 배치합니다.
23-May-2025 10:38:18.386 정보 [main] org.apache.jasper.servlet.TldScanner.scanJars 적어도 하나의 JAR가 TLD들을 찾기 위해 스캔되었으나 아무 것도 찾지 못했습니다. 스캔했으나 TLD가 없는 JAR들의 전체 목록을 보시려면, 로그 레벨을 디버그 레벨로 설정하십시오. 스캔 과정에서 불필요한 JAR들을 건너뛰면, 시스템 시작 시간과 JSP 컴파일 시간을 단축시킬 수 있습니다.
23-May-2025 10:38:18.695 정보 [main] org.apache.catalina.startup.HostConfig.deployDirectory 웹 애플리케이션 디렉토리 [/root/project/webHack/tomcat/webapps/ROOT]에 대한 배치가 [2,416] 밀리초에 완료되었습니다.
23-May-2025 10:38:18.696 정보 [main] org.apache.catalina.startup.HostConfig.deployDirectory 웹 애플리케이션 디렉토리 [/root/project/webHack/tomcat/webapps/docs]을(를) 배치합니다.
23-May-2025 10:38:19.522 정보 [main] org.apache.jasper.servlet.TldScanner.scanJars 적어도 하나의 JAR가 TLD들을 찾기 위해 스캔되었으나 아무 것도 찾지 못했습니다. 스캔했으나 TLD가 없는 JAR들의 전체 목록을 보시려면, 로그 레벨을 디버그 레벨로 설정하십시오. 스캔 과정에서 불필요한 JAR들을 건너뛰면, 시스템 시작 시간과 JSP 컴파일 시간을 단축시킬 수 있습니다.
23-May-2025 10:38:19.526 정보 [main] org.apache.catalina.startup.HostConfig.deployDirectory 웹 애플리케이션 디렉토리 [/root/project/webHack/tomcat/webapps/docs]에 대한 배치가 [830] 밀리초에 완료되었습니다.
23-May-2025 10:38:19.526 정보 [main] org.apache.catalina.startup.HostConfig.deployDirectory 웹 애플리케이션 디렉토리 [/root/project/webHack/tomcat/webapps/examples]을(를) 배치합니다.
23-May-2025 10:38:20.577 정보 [main] org.apache.jasper.servlet.TldScanner.scanJars 적어도 하나의 JAR가 TLD들을 찾기 위해 스캔되었으나 아무 것도 찾지 못했습니다. 스캔했으나 TLD가 없는 JAR들의 전체 목록을 보시려면, 로그 레벨을 디버그 레벨로 설정하십시오. 스캔 과정에서 불필요한 JAR들을 건너뛰면, 시스템 시작 시간과 JSP 컴파일 시간을 단축시킬 수 있습니다.
23-May-2025 10:38:20.655 정보 [main] org.apache.catalina.startup.HostConfig.deployDirectory 웹 애플리케이션 디렉토리 [/root/project/webHack/tomcat/webapps/examples]에 대한 배치가 [1,128] 밀리초에 완료되었습니다.
23-May-2025 10:38:20.655 정보 [main] org.apache.catalina.startup.HostConfig.deployDirectory 웹 애플리케이션 디렉토리 [/root/project/webHack/tomcat/webapps/host-manager]을(를) 배치합니다.
23-May-2025 10:38:21.404 정보 [main] org.apache.jasper.servlet.TldScanner.scanJars 적어도 하나의 JAR가 TLD들을 찾기 위해 스캔되었으나 아무 것도 찾지 못했습니다. 스캔했으나 TLD가 없는 JAR들의 전체 목록을 보시려면, 로그 레벨을 디버그 레벨로 설정하십시오. 스캔 과정에서 불필요한 JAR들을 건너뛰면, 시스템 시작 시간과 JSP 컴파일 시간을 단축시킬 수 있습니다.
23-May-2025 10:38:21.413 정보 [main] org.apache.catalina.startup.HostConfig.deployDirectory 웹 애플리케이션 디렉토리 [/root/project/webHack/tomcat/webapps/host-manager]에 대한 배치가 [758] 밀리초에 완료되었습니다.
23-May-2025 10:38:21.414 정보 [main] org.apache.catalina.startup.HostConfig.deployDirectory 웹 애플리케이션 디렉토리 [/root/project/webHack/tomcat/webapps/manager]을(를) 배치합니다.
23-May-2025 10:38:22.128 정보 [main] org.apache.jasper.servlet.TldScanner.scanJars 적어도 하나의 JAR가 TLD들을 찾기 위해 스캔되었으나 아무 것도 찾지 못했습니다. 스캔했으나 TLD가 없는 JAR들의 전체 목록을 보시려면, 로그 레벨을 디버그 레벨로 설정하십시오. 스캔 과정에서 불필요한 JAR들을 건너뛰면, 시스템 시작 시간과 JSP 컴파일 시간을 단축시킬 수 있습니다.
23-May-2025 10:38:22.135 정보 [main] org.apache.catalina.startup.HostConfig.deployDirectory 웹 애플리케이션 디렉토리 [/root/project/webHack/tomcat/webapps/manager]에 대한 배치가 [721] 밀리초에 완료되었습니다.
23-May-2025 10:38:22.150 정보 [main] org.apache.coyote.AbstractProtocol.start 프로토콜 핸들러 ["http-nio-8080"]을(를) 시작합니다.
23-May-2025 10:38:22.187 정보 [main] org.apache.catalina.startup.Catalina.start 서버가 [6077] 밀리초 내에 시작되었습니다.
23-May-2025 10:39:42.245 정보 [main] org.apache.catalina.core.StandardServer.await 셧다운 포트를 통해 유효한 셧다운 명령을 받았습니다. 서버 인스턴스를 중지시킵니다.
23-May-2025 10:39:42.248 정보 [main] org.apache.coyote.AbstractProtocol.pause 프로토콜 핸들러 ["http-nio-8080"]을(를) 일시 정지 중
23-May-2025 10:39:42.256 정보 [main] org.apache.catalina.core.StandardService.stopInternal 서비스 [Catalina]을(를) 중지시킵니다.
23-May-2025 10:39:42.326 정보 [main] org.apache.coyote.AbstractProtocol.stop 프로토콜 핸들러 ["http-nio-8080"]을(를) 중지시킵니다.
23-May-2025 10:39:42.342 정보 [main] org.apache.coyote.AbstractProtocol.destroy 프로토콜 핸들러 ["http-nio-8080"]을(를) 소멸시킵니다.
23-May-2025 10:39:47.549 정보 [main] org.apache.catalina.startup.VersionLoggerListener.log 서버 버전 이름:    Apache Tomcat/9.0.100
23-May-2025 10:39:47.559 정보 [main] org.apache.catalina.startup.VersionLoggerListener.log Server 빌드 시각:  Feb 13 2025 11:29:56 UTC
23-May-2025 10:39:47.559 정보 [main] org.apache.catalina.startup.VersionLoggerListener.log Server 버전 번호:  9.0.100.0
23-May-2025 10:39:47.560 정보 [main] org.apache.catalina.startup.VersionLoggerListener.log 운영체제 이름:     Linux
23-May-2025 10:39:47.560 정보 [main] org.apache.catalina.startup.VersionLoggerListener.log 운영체제 버전:     5.14.0-582.el9.x86_64
23-May-2025 10:39:47.560 정보 [main] org.apache.catalina.startup.VersionLoggerListener.log 아키텍처:          amd64
23-May-2025 10:39:47.560 정보 [main] org.apache.catalina.startup.VersionLoggerListener.log 자바 홈:           /usr/lib/jvm/java-11-openjdk-11.0.20.1.1-2.el9.x86_64
23-May-2025 10:39:47.561 정보 [main] org.apache.catalina.startup.VersionLoggerListener.log JVM 버전:          11.0.20.1+1-LTS
23-May-2025 10:39:47.562 정보 [main] org.apache.catalina.startup.VersionLoggerListener.log JVM 벤더:          Red Hat, Inc.
23-May-2025 10:39:47.562 정보 [main] org.apache.catalina.startup.VersionLoggerListener.log CATALINA_BASE:     /root/project/webHack/tomcat
23-May-2025 10:39:47.562 정보 [main] org.apache.catalina.startup.VersionLoggerListener.log CATALINA_HOME:     /root/project/webHack/tomcat
23-May-2025 10:39:47.595 정보 [main] org.apache.catalina.startup.VersionLoggerListener.log 명령 행 아규먼트:  --add-opens=java.base/java.lang=ALL-UNNAMED
23-May-2025 10:39:47.595 정보 [main] org.apache.catalina.startup.VersionLoggerListener.log 명령 행 아규먼트:  --add-opens=java.base/java.io=ALL-UNNAMED
23-May-2025 10:39:47.595 정보 [main] org.apache.catalina.startup.VersionLoggerListener.log 명령 행 아규먼트:  --add-opens=java.base/java.util=ALL-UNNAMED
23-May-2025 10:39:47.595 정보 [main] org.apache.catalina.startup.VersionLoggerListener.log 명령 행 아규먼트:  --add-opens=java.base/java.util.concurrent=ALL-UNNAMED
23-May-2025 10:39:47.596 정보 [main] org.apache.catalina.startup.VersionLoggerListener.log 명령 행 아규먼트:  --add-opens=java.rmi/sun.rmi.transport=ALL-UNNAMED
23-May-2025 10:39:47.596 정보 [main] org.apache.catalina.startup.VersionLoggerListener.log 명령 행 아규먼트:  -Djava.util.logging.config.file=/root/project/webHack/tomcat/conf/logging.properties
23-May-2025 10:39:47.597 정보 [main] org.apache.catalina.startup.VersionLoggerListener.log 명령 행 아규먼트:  -Djava.util.logging.manager=org.apache.juli.ClassLoaderLogManager
23-May-2025 10:39:47.597 정보 [main] org.apache.catalina.startup.VersionLoggerListener.log 명령 행 아규먼트:  -Duser.timezone=Asia/Seoul
23-May-2025 10:39:47.597 정보 [main] org.apache.catalina.startup.VersionLoggerListener.log 명령 행 아규먼트:  -Djdk.tls.ephemeralDHKeySize=2048
23-May-2025 10:39:47.597 정보 [main] org.apache.catalina.startup.VersionLoggerListener.log 명령 행 아규먼트:  -Djava.protocol.handler.pkgs=org.apache.catalina.webresources
23-May-2025 10:39:47.598 정보 [main] org.apache.catalina.startup.VersionLoggerListener.log 명령 행 아규먼트:  -Dsun.io.useCanonCaches=false
23-May-2025 10:39:47.598 정보 [main] org.apache.catalina.startup.VersionLoggerListener.log 명령 행 아규먼트:  -Dorg.apache.catalina.security.SecurityListener.UMASK=0027
23-May-2025 10:39:47.598 정보 [main] org.apache.catalina.startup.VersionLoggerListener.log 명령 행 아규먼트:  -Dignore.endorsed.dirs=
23-May-2025 10:39:47.598 정보 [main] org.apache.catalina.startup.VersionLoggerListener.log 명령 행 아규먼트:  -Dcatalina.base=/root/project/webHack/tomcat
23-May-2025 10:39:47.598 정보 [main] org.apache.catalina.startup.VersionLoggerListener.log 명령 행 아규먼트:  -Dcatalina.home=/root/project/webHack/tomcat
23-May-2025 10:39:47.598 정보 [main] org.apache.catalina.startup.VersionLoggerListener.log 명령 행 아규먼트:  -Djava.io.tmpdir=/root/project/webHack/tomcat/temp
23-May-2025 10:39:47.653 정보 [main] org.apache.catalina.core.AprLifecycleListener.lifecycleEvent 프로덕션 환경들에서 최적의 성능을 제공하는, APR 기반 Apache Tomcat Native 라이브러리가, 다음 java.library.path에서 발견되지 않습니다: [/usr/java/packages/lib:/usr/lib64:/lib64:/lib:/usr/lib]
23-May-2025 10:39:48.295 정보 [main] org.apache.coyote.AbstractProtocol.init 프로토콜 핸들러 ["http-nio-8080"]을(를) 초기화합니다.
23-May-2025 10:39:48.337 정보 [main] org.apache.catalina.startup.Catalina.load [1237] 밀리초 내에 서버가 초기화되었습니다.
23-May-2025 10:39:48.453 정보 [main] org.apache.catalina.core.StandardService.startInternal 서비스 [Catalina]을(를) 시작합니다.
23-May-2025 10:39:48.453 정보 [main] org.apache.catalina.core.StandardEngine.startInternal 서버 엔진을 시작합니다: [Apache Tomcat/9.0.100]
23-May-2025 10:39:48.467 정보 [main] org.apache.catalina.startup.HostConfig.deployDirectory 웹 애플리케이션 디렉토리 [/root/project/webHack/tomcat/webapps/ROOT]을(를) 배치합니다.
23-May-2025 10:39:49.942 정보 [main] org.apache.jasper.servlet.TldScanner.scanJars 적어도 하나의 JAR가 TLD들을 찾기 위해 스캔되었으나 아무 것도 찾지 못했습니다. 스캔했으나 TLD가 없는 JAR들의 전체 목록을 보시려면, 로그 레벨을 디버그 레벨로 설정하십시오. 스캔 과정에서 불필요한 JAR들을 건너뛰면, 시스템 시작 시간과 JSP 컴파일 시간을 단축시킬 수 있습니다.
23-May-2025 10:39:50.223 정보 [main] org.apache.catalina.startup.HostConfig.deployDirectory 웹 애플리케이션 디렉토리 [/root/project/webHack/tomcat/webapps/ROOT]에 대한 배치가 [1,754] 밀리초에 완료되었습니다.
23-May-2025 10:39:50.224 정보 [main] org.apache.catalina.startup.HostConfig.deployDirectory 웹 애플리케이션 디렉토리 [/root/project/webHack/tomcat/webapps/docs]을(를) 배치합니다.
23-May-2025 10:39:51.090 정보 [main] org.apache.jasper.servlet.TldScanner.scanJars 적어도 하나의 JAR가 TLD들을 찾기 위해 스캔되었으나 아무 것도 찾지 못했습니다. 스캔했으나 TLD가 없는 JAR들의 전체 목록을 보시려면, 로그 레벨을 디버그 레벨로 설정하십시오. 스캔 과정에서 불필요한 JAR들을 건너뛰면, 시스템 시작 시간과 JSP 컴파일 시간을 단축시킬 수 있습니다.
23-May-2025 10:39:51.095 정보 [main] org.apache.catalina.startup.HostConfig.deployDirectory 웹 애플리케이션 디렉토리 [/root/project/webHack/tomcat/webapps/docs]에 대한 배치가 [871] 밀리초에 완료되었습니다.
23-May-2025 10:39:51.096 정보 [main] org.apache.catalina.startup.HostConfig.deployDirectory 웹 애플리케이션 디렉토리 [/root/project/webHack/tomcat/webapps/examples]을(를) 배치합니다.
23-May-2025 10:39:52.164 정보 [main] org.apache.jasper.servlet.TldScanner.scanJars 적어도 하나의 JAR가 TLD들을 찾기 위해 스캔되었으나 아무 것도 찾지 못했습니다. 스캔했으나 TLD가 없는 JAR들의 전체 목록을 보시려면, 로그 레벨을 디버그 레벨로 설정하십시오. 스캔 과정에서 불필요한 JAR들을 건너뛰면, 시스템 시작 시간과 JSP 컴파일 시간을 단축시킬 수 있습니다.
23-May-2025 10:39:52.257 정보 [main] org.apache.catalina.startup.HostConfig.deployDirectory 웹 애플리케이션 디렉토리 [/root/project/webHack/tomcat/webapps/examples]에 대한 배치가 [1,161] 밀리초에 완료되었습니다.
23-May-2025 10:39:52.258 정보 [main] org.apache.catalina.startup.HostConfig.deployDirectory 웹 애플리케이션 디렉토리 [/root/project/webHack/tomcat/webapps/host-manager]을(를) 배치합니다.
23-May-2025 10:39:53.027 정보 [main] org.apache.jasper.servlet.TldScanner.scanJars 적어도 하나의 JAR가 TLD들을 찾기 위해 스캔되었으나 아무 것도 찾지 못했습니다. 스캔했으나 TLD가 없는 JAR들의 전체 목록을 보시려면, 로그 레벨을 디버그 레벨로 설정하십시오. 스캔 과정에서 불필요한 JAR들을 건너뛰면, 시스템 시작 시간과 JSP 컴파일 시간을 단축시킬 수 있습니다.
23-May-2025 10:39:53.035 정보 [main] org.apache.catalina.startup.HostConfig.deployDirectory 웹 애플리케이션 디렉토리 [/root/project/webHack/tomcat/webapps/host-manager]에 대한 배치가 [777] 밀리초에 완료되었습니다.
23-May-2025 10:39:53.036 정보 [main] org.apache.catalina.startup.HostConfig.deployDirectory 웹 애플리케이션 디렉토리 [/root/project/webHack/tomcat/webapps/manager]을(를) 배치합니다.
23-May-2025 10:39:53.968 정보 [main] org.apache.jasper.servlet.TldScanner.scanJars 적어도 하나의 JAR가 TLD들을 찾기 위해 스캔되었으나 아무 것도 찾지 못했습니다. 스캔했으나 TLD가 없는 JAR들의 전체 목록을 보시려면, 로그 레벨을 디버그 레벨로 설정하십시오. 스캔 과정에서 불필요한 JAR들을 건너뛰면, 시스템 시작 시간과 JSP 컴파일 시간을 단축시킬 수 있습니다.
23-May-2025 10:39:53.973 정보 [main] org.apache.catalina.startup.HostConfig.deployDirectory 웹 애플리케이션 디렉토리 [/root/project/webHack/tomcat/webapps/manager]에 대한 배치가 [938] 밀리초에 완료되었습니다.
23-May-2025 10:39:53.986 정보 [main] org.apache.coyote.AbstractProtocol.start 프로토콜 핸들러 ["http-nio-8080"]을(를) 시작합니다.
23-May-2025 10:39:54.013 정보 [main] org.apache.catalina.startup.Catalina.start 서버가 [5675] 밀리초 내에 시작되었습니다.
23-May-2025 10:41:51.549 정보 [main] org.apache.catalina.core.StandardServer.await 셧다운 포트를 통해 유효한 셧다운 명령을 받았습니다. 서버 인스턴스를 중지시킵니다.
23-May-2025 10:41:51.551 정보 [main] org.apache.coyote.AbstractProtocol.pause 프로토콜 핸들러 ["http-nio-8080"]을(를) 일시 정지 중
23-May-2025 10:41:51.555 정보 [main] org.apache.catalina.core.StandardService.stopInternal 서비스 [Catalina]을(를) 중지시킵니다.
23-May-2025 10:41:51.614 정보 [main] org.apache.coyote.AbstractProtocol.stop 프로토콜 핸들러 ["http-nio-8080"]을(를) 중지시킵니다.
23-May-2025 10:41:51.633 정보 [main] org.apache.coyote.AbstractProtocol.destroy 프로토콜 핸들러 ["http-nio-8080"]을(를) 소멸시킵니다.
23-May-2025 10:42:07.333 정보 [main] org.apache.catalina.startup.VersionLoggerListener.log 서버 버전 이름:    Apache Tomcat/9.0.100
23-May-2025 10:42:07.344 정보 [main] org.apache.catalina.startup.VersionLoggerListener.log Server 빌드 시각:  Feb 13 2025 11:29:56 UTC
23-May-2025 10:42:07.345 정보 [main] org.apache.catalina.startup.VersionLoggerListener.log Server 버전 번호:  9.0.100.0
23-May-2025 10:42:07.345 정보 [main] org.apache.catalina.startup.VersionLoggerListener.log 운영체제 이름:     Linux
23-May-2025 10:42:07.346 정보 [main] org.apache.catalina.startup.VersionLoggerListener.log 운영체제 버전:     5.14.0-582.el9.x86_64
23-May-2025 10:42:07.347 정보 [main] org.apache.catalina.startup.VersionLoggerListener.log 아키텍처:          amd64
23-May-2025 10:42:07.347 정보 [main] org.apache.catalina.startup.VersionLoggerListener.log 자바 홈:           /usr/lib/jvm/java-11-openjdk-11.0.20.1.1-2.el9.x86_64
23-May-2025 10:42:07.348 정보 [main] org.apache.catalina.startup.VersionLoggerListener.log JVM 버전:          11.0.20.1+1-LTS
23-May-2025 10:42:07.348 정보 [main] org.apache.catalina.startup.VersionLoggerListener.log JVM 벤더:          Red Hat, Inc.
23-May-2025 10:42:07.348 정보 [main] org.apache.catalina.startup.VersionLoggerListener.log CATALINA_BASE:     /root/project/webHack/tomcat
23-May-2025 10:42:07.348 정보 [main] org.apache.catalina.startup.VersionLoggerListener.log CATALINA_HOME:     /root/project/webHack/tomcat
23-May-2025 10:42:07.375 정보 [main] org.apache.catalina.startup.VersionLoggerListener.log 명령 행 아규먼트:  --add-opens=java.base/java.lang=ALL-UNNAMED
23-May-2025 10:42:07.378 정보 [main] org.apache.catalina.startup.VersionLoggerListener.log 명령 행 아규먼트:  --add-opens=java.base/java.io=ALL-UNNAMED
23-May-2025 10:42:07.378 정보 [main] org.apache.catalina.startup.VersionLoggerListener.log 명령 행 아규먼트:  --add-opens=java.base/java.util=ALL-UNNAMED
23-May-2025 10:42:07.379 정보 [main] org.apache.catalina.startup.VersionLoggerListener.log 명령 행 아규먼트:  --add-opens=java.base/java.util.concurrent=ALL-UNNAMED
23-May-2025 10:42:07.379 정보 [main] org.apache.catalina.startup.VersionLoggerListener.log 명령 행 아규먼트:  --add-opens=java.rmi/sun.rmi.transport=ALL-UNNAMED
23-May-2025 10:42:07.379 정보 [main] org.apache.catalina.startup.VersionLoggerListener.log 명령 행 아규먼트:  -Djava.util.logging.config.file=/root/project/webHack/tomcat/conf/logging.properties
23-May-2025 10:42:07.380 정보 [main] org.apache.catalina.startup.VersionLoggerListener.log 명령 행 아규먼트:  -Djava.util.logging.manager=org.apache.juli.ClassLoaderLogManager
23-May-2025 10:42:07.380 정보 [main] org.apache.catalina.startup.VersionLoggerListener.log 명령 행 아규먼트:  -Duser.timezone=Asia/Seoul
23-May-2025 10:42:07.380 정보 [main] org.apache.catalina.startup.VersionLoggerListener.log 명령 행 아규먼트:  -Djdk.tls.ephemeralDHKeySize=2048
23-May-2025 10:42:07.381 정보 [main] org.apache.catalina.startup.VersionLoggerListener.log 명령 행 아규먼트:  -Djava.protocol.handler.pkgs=org.apache.catalina.webresources
23-May-2025 10:42:07.381 정보 [main] org.apache.catalina.startup.VersionLoggerListener.log 명령 행 아규먼트:  -Dsun.io.useCanonCaches=false
23-May-2025 10:42:07.381 정보 [main] org.apache.catalina.startup.VersionLoggerListener.log 명령 행 아규먼트:  -Dorg.apache.catalina.security.SecurityListener.UMASK=0027
23-May-2025 10:42:07.381 정보 [main] org.apache.catalina.startup.VersionLoggerListener.log 명령 행 아규먼트:  -Dignore.endorsed.dirs=
23-May-2025 10:42:07.382 정보 [main] org.apache.catalina.startup.VersionLoggerListener.log 명령 행 아규먼트:  -Dcatalina.base=/root/project/webHack/tomcat
23-May-2025 10:42:07.382 정보 [main] org.apache.catalina.startup.VersionLoggerListener.log 명령 행 아규먼트:  -Dcatalina.home=/root/project/webHack/tomcat
23-May-2025 10:42:07.382 정보 [main] org.apache.catalina.startup.VersionLoggerListener.log 명령 행 아규먼트:  -Djava.io.tmpdir=/root/project/webHack/tomcat/temp
23-May-2025 10:42:07.386 정보 [main] org.apache.catalina.core.AprLifecycleListener.lifecycleEvent 프로덕션 환경들에서 최적의 성능을 제공하는, APR 기반 Apache Tomcat Native 라이브러리가, 다음 java.library.path에서 발견되지 않습니다: [/usr/java/packages/lib:/usr/lib64:/lib64:/lib:/usr/lib]
23-May-2025 10:42:08.038 정보 [main] org.apache.coyote.AbstractProtocol.init 프로토콜 핸들러 ["http-nio-8080"]을(를) 초기화합니다.
23-May-2025 10:42:08.086 정보 [main] org.apache.catalina.startup.Catalina.load [1164] 밀리초 내에 서버가 초기화되었습니다.
23-May-2025 10:42:08.206 정보 [main] org.apache.catalina.core.StandardService.startInternal 서비스 [Catalina]을(를) 시작합니다.
23-May-2025 10:42:08.207 정보 [main] org.apache.catalina.core.StandardEngine.startInternal 서버 엔진을 시작합니다: [Apache Tomcat/9.0.100]
23-May-2025 10:42:08.223 정보 [main] org.apache.catalina.startup.HostConfig.deployDirectory 웹 애플리케이션 디렉토리 [/root/project/webHack/tomcat/webapps/ROOT]을(를) 배치합니다.
23-May-2025 10:42:09.780 정보 [main] org.apache.jasper.servlet.TldScanner.scanJars 적어도 하나의 JAR가 TLD들을 찾기 위해 스캔되었으나 아무 것도 찾지 못했습니다. 스캔했으나 TLD가 없는 JAR들의 전체 목록을 보시려면, 로그 레벨을 디버그 레벨로 설정하십시오. 스캔 과정에서 불필요한 JAR들을 건너뛰면, 시스템 시작 시간과 JSP 컴파일 시간을 단축시킬 수 있습니다.
23-May-2025 10:42:10.045 정보 [main] org.apache.catalina.startup.HostConfig.deployDirectory 웹 애플리케이션 디렉토리 [/root/project/webHack/tomcat/webapps/ROOT]에 대한 배치가 [1,818] 밀리초에 완료되었습니다.
23-May-2025 10:42:10.046 정보 [main] org.apache.catalina.startup.HostConfig.deployDirectory 웹 애플리케이션 디렉토리 [/root/project/webHack/tomcat/webapps/docs]을(를) 배치합니다.
23-May-2025 10:42:10.888 정보 [main] org.apache.jasper.servlet.TldScanner.scanJars 적어도 하나의 JAR가 TLD들을 찾기 위해 스캔되었으나 아무 것도 찾지 못했습니다. 스캔했으나 TLD가 없는 JAR들의 전체 목록을 보시려면, 로그 레벨을 디버그 레벨로 설정하십시오. 스캔 과정에서 불필요한 JAR들을 건너뛰면, 시스템 시작 시간과 JSP 컴파일 시간을 단축시킬 수 있습니다.
23-May-2025 10:42:10.892 정보 [main] org.apache.catalina.startup.HostConfig.deployDirectory 웹 애플리케이션 디렉토리 [/root/project/webHack/tomcat/webapps/docs]에 대한 배치가 [846] 밀리초에 완료되었습니다.
23-May-2025 10:42:10.892 정보 [main] org.apache.catalina.startup.HostConfig.deployDirectory 웹 애플리케이션 디렉토리 [/root/project/webHack/tomcat/webapps/examples]을(를) 배치합니다.
23-May-2025 10:42:11.955 정보 [main] org.apache.jasper.servlet.TldScanner.scanJars 적어도 하나의 JAR가 TLD들을 찾기 위해 스캔되었으나 아무 것도 찾지 못했습니다. 스캔했으나 TLD가 없는 JAR들의 전체 목록을 보시려면, 로그 레벨을 디버그 레벨로 설정하십시오. 스캔 과정에서 불필요한 JAR들을 건너뛰면, 시스템 시작 시간과 JSP 컴파일 시간을 단축시킬 수 있습니다.
23-May-2025 10:42:12.030 정보 [main] org.apache.catalina.startup.HostConfig.deployDirectory 웹 애플리케이션 디렉토리 [/root/project/webHack/tomcat/webapps/examples]에 대한 배치가 [1,138] 밀리초에 완료되었습니다.
23-May-2025 10:42:12.031 정보 [main] org.apache.catalina.startup.HostConfig.deployDirectory 웹 애플리케이션 디렉토리 [/root/project/webHack/tomcat/webapps/host-manager]을(를) 배치합니다.
23-May-2025 10:42:12.860 정보 [main] org.apache.jasper.servlet.TldScanner.scanJars 적어도 하나의 JAR가 TLD들을 찾기 위해 스캔되었으나 아무 것도 찾지 못했습니다. 스캔했으나 TLD가 없는 JAR들의 전체 목록을 보시려면, 로그 레벨을 디버그 레벨로 설정하십시오. 스캔 과정에서 불필요한 JAR들을 건너뛰면, 시스템 시작 시간과 JSP 컴파일 시간을 단축시킬 수 있습니다.
23-May-2025 10:42:12.867 정보 [main] org.apache.catalina.startup.HostConfig.deployDirectory 웹 애플리케이션 디렉토리 [/root/project/webHack/tomcat/webapps/host-manager]에 대한 배치가 [836] 밀리초에 완료되었습니다.
23-May-2025 10:42:12.868 정보 [main] org.apache.catalina.startup.HostConfig.deployDirectory 웹 애플리케이션 디렉토리 [/root/project/webHack/tomcat/webapps/manager]을(를) 배치합니다.
23-May-2025 10:42:13.606 정보 [main] org.apache.jasper.servlet.TldScanner.scanJars 적어도 하나의 JAR가 TLD들을 찾기 위해 스캔되었으나 아무 것도 찾지 못했습니다. 스캔했으나 TLD가 없는 JAR들의 전체 목록을 보시려면, 로그 레벨을 디버그 레벨로 설정하십시오. 스캔 과정에서 불필요한 JAR들을 건너뛰면, 시스템 시작 시간과 JSP 컴파일 시간을 단축시킬 수 있습니다.
23-May-2025 10:42:13.611 정보 [main] org.apache.catalina.startup.HostConfig.deployDirectory 웹 애플리케이션 디렉토리 [/root/project/webHack/tomcat/webapps/manager]에 대한 배치가 [743] 밀리초에 완료되었습니다.
23-May-2025 10:42:13.629 정보 [main] org.apache.coyote.AbstractProtocol.start 프로토콜 핸들러 ["http-nio-8080"]을(를) 시작합니다.
23-May-2025 10:42:13.652 정보 [main] org.apache.catalina.startup.Catalina.start 서버가 [5564] 밀리초 내에 시작되었습니다.
23-May-2025 10:57:51.626 정보 [main] org.apache.catalina.core.StandardServer.await 셧다운 포트를 통해 유효한 셧다운 명령을 받았습니다. 서버 인스턴스를 중지시킵니다.
23-May-2025 10:57:51.628 정보 [main] org.apache.coyote.AbstractProtocol.pause 프로토콜 핸들러 ["http-nio-8080"]을(를) 일시 정지 중
23-May-2025 10:57:51.631 정보 [main] org.apache.catalina.core.StandardService.stopInternal 서비스 [Catalina]을(를) 중지시킵니다.
23-May-2025 10:57:51.697 정보 [main] org.apache.coyote.AbstractProtocol.stop 프로토콜 핸들러 ["http-nio-8080"]을(를) 중지시킵니다.
23-May-2025 10:57:51.716 정보 [main] org.apache.coyote.AbstractProtocol.destroy 프로토콜 핸들러 ["http-nio-8080"]을(를) 소멸시킵니다.
23-May-2025 10:57:56.432 정보 [main] org.apache.catalina.startup.VersionLoggerListener.log 서버 버전 이름:    Apache Tomcat/9.0.100
23-May-2025 10:57:56.441 정보 [main] org.apache.catalina.startup.VersionLoggerListener.log Server 빌드 시각:  Feb 13 2025 11:29:56 UTC
23-May-2025 10:57:56.442 정보 [main] org.apache.catalina.startup.VersionLoggerListener.log Server 버전 번호:  9.0.100.0
23-May-2025 10:57:56.442 정보 [main] org.apache.catalina.startup.VersionLoggerListener.log 운영체제 이름:     Linux
23-May-2025 10:57:56.442 정보 [main] org.apache.catalina.startup.VersionLoggerListener.log 운영체제 버전:     5.14.0-582.el9.x86_64
23-May-2025 10:57:56.442 정보 [main] org.apache.catalina.startup.VersionLoggerListener.log 아키텍처:          amd64
23-May-2025 10:57:56.442 정보 [main] org.apache.catalina.startup.VersionLoggerListener.log 자바 홈:           /usr/lib/jvm/java-11-openjdk-11.0.20.1.1-2.el9.x86_64
23-May-2025 10:57:56.443 정보 [main] org.apache.catalina.startup.VersionLoggerListener.log JVM 버전:          11.0.20.1+1-LTS
23-May-2025 10:57:56.443 정보 [main] org.apache.catalina.startup.VersionLoggerListener.log JVM 벤더:          Red Hat, Inc.
23-May-2025 10:57:56.443 정보 [main] org.apache.catalina.startup.VersionLoggerListener.log CATALINA_BASE:     /root/project/webHack/tomcat
23-May-2025 10:57:56.444 정보 [main] org.apache.catalina.startup.VersionLoggerListener.log CATALINA_HOME:     /root/project/webHack/tomcat
23-May-2025 10:57:56.471 정보 [main] org.apache.catalina.startup.VersionLoggerListener.log 명령 행 아규먼트:  --add-opens=java.base/java.lang=ALL-UNNAMED
23-May-2025 10:57:56.471 정보 [main] org.apache.catalina.startup.VersionLoggerListener.log 명령 행 아규먼트:  --add-opens=java.base/java.io=ALL-UNNAMED
23-May-2025 10:57:56.471 정보 [main] org.apache.catalina.startup.VersionLoggerListener.log 명령 행 아규먼트:  --add-opens=java.base/java.util=ALL-UNNAMED
23-May-2025 10:57:56.471 정보 [main] org.apache.catalina.startup.VersionLoggerListener.log 명령 행 아규먼트:  --add-opens=java.base/java.util.concurrent=ALL-UNNAMED
23-May-2025 10:57:56.472 정보 [main] org.apache.catalina.startup.VersionLoggerListener.log 명령 행 아규먼트:  --add-opens=java.rmi/sun.rmi.transport=ALL-UNNAMED
23-May-2025 10:57:56.472 정보 [main] org.apache.catalina.startup.VersionLoggerListener.log 명령 행 아규먼트:  -Djava.util.logging.config.file=/root/project/webHack/tomcat/conf/logging.properties
23-May-2025 10:57:56.473 정보 [main] org.apache.catalina.startup.VersionLoggerListener.log 명령 행 아규먼트:  -Djava.util.logging.manager=org.apache.juli.ClassLoaderLogManager
23-May-2025 10:57:56.474 정보 [main] org.apache.catalina.startup.VersionLoggerListener.log 명령 행 아규먼트:  -Duser.timezone=Asia/Seoul
23-May-2025 10:57:56.474 정보 [main] org.apache.catalina.startup.VersionLoggerListener.log 명령 행 아규먼트:  -Djdk.tls.ephemeralDHKeySize=2048
23-May-2025 10:57:56.474 정보 [main] org.apache.catalina.startup.VersionLoggerListener.log 명령 행 아규먼트:  -Djava.protocol.handler.pkgs=org.apache.catalina.webresources
23-May-2025 10:57:56.474 정보 [main] org.apache.catalina.startup.VersionLoggerListener.log 명령 행 아규먼트:  -Dsun.io.useCanonCaches=false
23-May-2025 10:57:56.475 정보 [main] org.apache.catalina.startup.VersionLoggerListener.log 명령 행 아규먼트:  -Dorg.apache.catalina.security.SecurityListener.UMASK=0027
23-May-2025 10:57:56.475 정보 [main] org.apache.catalina.startup.VersionLoggerListener.log 명령 행 아규먼트:  -Dignore.endorsed.dirs=
23-May-2025 10:57:56.475 정보 [main] org.apache.catalina.startup.VersionLoggerListener.log 명령 행 아규먼트:  -Dcatalina.base=/root/project/webHack/tomcat
23-May-2025 10:57:56.475 정보 [main] org.apache.catalina.startup.VersionLoggerListener.log 명령 행 아규먼트:  -Dcatalina.home=/root/project/webHack/tomcat
23-May-2025 10:57:56.476 정보 [main] org.apache.catalina.startup.VersionLoggerListener.log 명령 행 아규먼트:  -Djava.io.tmpdir=/root/project/webHack/tomcat/temp
23-May-2025 10:57:56.480 정보 [main] org.apache.catalina.core.AprLifecycleListener.lifecycleEvent 프로덕션 환경들에서 최적의 성능을 제공하는, APR 기반 Apache Tomcat Native 라이브러리가, 다음 java.library.path에서 발견되지 않습니다: [/usr/java/packages/lib:/usr/lib64:/lib64:/lib:/usr/lib]
23-May-2025 10:57:57.140 정보 [main] org.apache.coyote.AbstractProtocol.init 프로토콜 핸들러 ["http-nio-8080"]을(를) 초기화합니다.
23-May-2025 10:57:57.183 정보 [main] org.apache.catalina.startup.Catalina.load [1159] 밀리초 내에 서버가 초기화되었습니다.
23-May-2025 10:57:57.295 정보 [main] org.apache.catalina.core.StandardService.startInternal 서비스 [Catalina]을(를) 시작합니다.
23-May-2025 10:57:57.295 정보 [main] org.apache.catalina.core.StandardEngine.startInternal 서버 엔진을 시작합니다: [Apache Tomcat/9.0.100]
23-May-2025 10:57:57.309 정보 [main] org.apache.catalina.startup.HostConfig.deployDirectory 웹 애플리케이션 디렉토리 [/root/project/webHack/tomcat/webapps/ROOT]을(를) 배치합니다.
23-May-2025 10:57:58.929 정보 [main] org.apache.jasper.servlet.TldScanner.scanJars 적어도 하나의 JAR가 TLD들을 찾기 위해 스캔되었으나 아무 것도 찾지 못했습니다. 스캔했으나 TLD가 없는 JAR들의 전체 목록을 보시려면, 로그 레벨을 디버그 레벨로 설정하십시오. 스캔 과정에서 불필요한 JAR들을 건너뛰면, 시스템 시작 시간과 JSP 컴파일 시간을 단축시킬 수 있습니다.
23-May-2025 10:57:59.198 정보 [main] org.apache.catalina.startup.HostConfig.deployDirectory 웹 애플리케이션 디렉토리 [/root/project/webHack/tomcat/webapps/ROOT]에 대한 배치가 [1,887] 밀리초에 완료되었습니다.
23-May-2025 10:57:59.199 정보 [main] org.apache.catalina.startup.HostConfig.deployDirectory 웹 애플리케이션 디렉토리 [/root/project/webHack/tomcat/webapps/docs]을(를) 배치합니다.
23-May-2025 10:58:00.071 정보 [main] org.apache.jasper.servlet.TldScanner.scanJars 적어도 하나의 JAR가 TLD들을 찾기 위해 스캔되었으나 아무 것도 찾지 못했습니다. 스캔했으나 TLD가 없는 JAR들의 전체 목록을 보시려면, 로그 레벨을 디버그 레벨로 설정하십시오. 스캔 과정에서 불필요한 JAR들을 건너뛰면, 시스템 시작 시간과 JSP 컴파일 시간을 단축시킬 수 있습니다.
23-May-2025 10:58:00.075 정보 [main] org.apache.catalina.startup.HostConfig.deployDirectory 웹 애플리케이션 디렉토리 [/root/project/webHack/tomcat/webapps/docs]에 대한 배치가 [876] 밀리초에 완료되었습니다.
23-May-2025 10:58:00.076 정보 [main] org.apache.catalina.startup.HostConfig.deployDirectory 웹 애플리케이션 디렉토리 [/root/project/webHack/tomcat/webapps/examples]을(를) 배치합니다.
23-May-2025 10:58:01.161 정보 [main] org.apache.jasper.servlet.TldScanner.scanJars 적어도 하나의 JAR가 TLD들을 찾기 위해 스캔되었으나 아무 것도 찾지 못했습니다. 스캔했으나 TLD가 없는 JAR들의 전체 목록을 보시려면, 로그 레벨을 디버그 레벨로 설정하십시오. 스캔 과정에서 불필요한 JAR들을 건너뛰면, 시스템 시작 시간과 JSP 컴파일 시간을 단축시킬 수 있습니다.
23-May-2025 10:58:01.233 정보 [main] org.apache.catalina.startup.HostConfig.deployDirectory 웹 애플리케이션 디렉토리 [/root/project/webHack/tomcat/webapps/examples]에 대한 배치가 [1,158] 밀리초에 완료되었습니다.
23-May-2025 10:58:01.234 정보 [main] org.apache.catalina.startup.HostConfig.deployDirectory 웹 애플리케이션 디렉토리 [/root/project/webHack/tomcat/webapps/host-manager]을(를) 배치합니다.
23-May-2025 10:58:02.027 정보 [main] org.apache.jasper.servlet.TldScanner.scanJars 적어도 하나의 JAR가 TLD들을 찾기 위해 스캔되었으나 아무 것도 찾지 못했습니다. 스캔했으나 TLD가 없는 JAR들의 전체 목록을 보시려면, 로그 레벨을 디버그 레벨로 설정하십시오. 스캔 과정에서 불필요한 JAR들을 건너뛰면, 시스템 시작 시간과 JSP 컴파일 시간을 단축시킬 수 있습니다.
23-May-2025 10:58:02.036 정보 [main] org.apache.catalina.startup.HostConfig.deployDirectory 웹 애플리케이션 디렉토리 [/root/project/webHack/tomcat/webapps/host-manager]에 대한 배치가 [803] 밀리초에 완료되었습니다.
23-May-2025 10:58:02.037 정보 [main] org.apache.catalina.startup.HostConfig.deployDirectory 웹 애플리케이션 디렉토리 [/root/project/webHack/tomcat/webapps/manager]을(를) 배치합니다.
23-May-2025 10:58:02.829 정보 [main] org.apache.jasper.servlet.TldScanner.scanJars 적어도 하나의 JAR가 TLD들을 찾기 위해 스캔되었으나 아무 것도 찾지 못했습니다. 스캔했으나 TLD가 없는 JAR들의 전체 목록을 보시려면, 로그 레벨을 디버그 레벨로 설정하십시오. 스캔 과정에서 불필요한 JAR들을 건너뛰면, 시스템 시작 시간과 JSP 컴파일 시간을 단축시킬 수 있습니다.
23-May-2025 10:58:02.834 정보 [main] org.apache.catalina.startup.HostConfig.deployDirectory 웹 애플리케이션 디렉토리 [/root/project/webHack/tomcat/webapps/manager]에 대한 배치가 [796] 밀리초에 완료되었습니다.
23-May-2025 10:58:02.846 정보 [main] org.apache.coyote.AbstractProtocol.start 프로토콜 핸들러 ["http-nio-8080"]을(를) 시작합니다.
23-May-2025 10:58:02.872 정보 [main] org.apache.catalina.startup.Catalina.start 서버가 [5687] 밀리초 내에 시작되었습니다.
23-May-2025 11:04:15.615 정보 [main] org.apache.catalina.core.StandardServer.await 셧다운 포트를 통해 유효한 셧다운 명령을 받았습니다. 서버 인스턴스를 중지시킵니다.
23-May-2025 11:04:15.616 정보 [main] org.apache.coyote.AbstractProtocol.pause 프로토콜 핸들러 ["http-nio-8080"]을(를) 일시 정지 중
23-May-2025 11:04:15.620 정보 [main] org.apache.catalina.core.StandardService.stopInternal 서비스 [Catalina]을(를) 중지시킵니다.
23-May-2025 11:04:15.719 정보 [main] org.apache.coyote.AbstractProtocol.stop 프로토콜 핸들러 ["http-nio-8080"]을(를) 중지시킵니다.
23-May-2025 11:04:15.746 정보 [main] org.apache.coyote.AbstractProtocol.destroy 프로토콜 핸들러 ["http-nio-8080"]을(를) 소멸시킵니다.
23-May-2025 11:04:18.702 정보 [main] org.apache.catalina.startup.VersionLoggerListener.log 서버 버전 이름:    Apache Tomcat/9.0.100
23-May-2025 11:04:18.711 정보 [main] org.apache.catalina.startup.VersionLoggerListener.log Server 빌드 시각:  Feb 13 2025 11:29:56 UTC
23-May-2025 11:04:18.712 정보 [main] org.apache.catalina.startup.VersionLoggerListener.log Server 버전 번호:  9.0.100.0
23-May-2025 11:04:18.712 정보 [main] org.apache.catalina.startup.VersionLoggerListener.log 운영체제 이름:     Linux
23-May-2025 11:04:18.712 정보 [main] org.apache.catalina.startup.VersionLoggerListener.log 운영체제 버전:     5.14.0-582.el9.x86_64
23-May-2025 11:04:18.713 정보 [main] org.apache.catalina.startup.VersionLoggerListener.log 아키텍처:          amd64
23-May-2025 11:04:18.713 정보 [main] org.apache.catalina.startup.VersionLoggerListener.log 자바 홈:           /usr/lib/jvm/java-11-openjdk-11.0.20.1.1-2.el9.x86_64
23-May-2025 11:04:18.713 정보 [main] org.apache.catalina.startup.VersionLoggerListener.log JVM 버전:          11.0.20.1+1-LTS
23-May-2025 11:04:18.713 정보 [main] org.apache.catalina.startup.VersionLoggerListener.log JVM 벤더:          Red Hat, Inc.
23-May-2025 11:04:18.713 정보 [main] org.apache.catalina.startup.VersionLoggerListener.log CATALINA_BASE:     /root/project/webHack/tomcat
23-May-2025 11:04:18.713 정보 [main] org.apache.catalina.startup.VersionLoggerListener.log CATALINA_HOME:     /root/project/webHack/tomcat
23-May-2025 11:04:18.736 정보 [main] org.apache.catalina.startup.VersionLoggerListener.log 명령 행 아규먼트:  --add-opens=java.base/java.lang=ALL-UNNAMED
23-May-2025 11:04:18.736 정보 [main] org.apache.catalina.startup.VersionLoggerListener.log 명령 행 아규먼트:  --add-opens=java.base/java.io=ALL-UNNAMED
23-May-2025 11:04:18.737 정보 [main] org.apache.catalina.startup.VersionLoggerListener.log 명령 행 아규먼트:  --add-opens=java.base/java.util=ALL-UNNAMED
23-May-2025 11:04:18.737 정보 [main] org.apache.catalina.startup.VersionLoggerListener.log 명령 행 아규먼트:  --add-opens=java.base/java.util.concurrent=ALL-UNNAMED
23-May-2025 11:04:18.737 정보 [main] org.apache.catalina.startup.VersionLoggerListener.log 명령 행 아규먼트:  --add-opens=java.rmi/sun.rmi.transport=ALL-UNNAMED
23-May-2025 11:04:18.738 정보 [main] org.apache.catalina.startup.VersionLoggerListener.log 명령 행 아규먼트:  -Djava.util.logging.config.file=/root/project/webHack/tomcat/conf/logging.properties
23-May-2025 11:04:18.739 정보 [main] org.apache.catalina.startup.VersionLoggerListener.log 명령 행 아규먼트:  -Djava.util.logging.manager=org.apache.juli.ClassLoaderLogManager
23-May-2025 11:04:18.740 정보 [main] org.apache.catalina.startup.VersionLoggerListener.log 명령 행 아규먼트:  -Duser.timezone=Asia/Seoul
23-May-2025 11:04:18.740 정보 [main] org.apache.catalina.startup.VersionLoggerListener.log 명령 행 아규먼트:  -Djdk.tls.ephemeralDHKeySize=2048
23-May-2025 11:04:18.740 정보 [main] org.apache.catalina.startup.VersionLoggerListener.log 명령 행 아규먼트:  -Djava.protocol.handler.pkgs=org.apache.catalina.webresources
23-May-2025 11:04:18.740 정보 [main] org.apache.catalina.startup.VersionLoggerListener.log 명령 행 아규먼트:  -Dsun.io.useCanonCaches=false
23-May-2025 11:04:18.740 정보 [main] org.apache.catalina.startup.VersionLoggerListener.log 명령 행 아규먼트:  -Dorg.apache.catalina.security.SecurityListener.UMASK=0027
23-May-2025 11:04:18.740 정보 [main] org.apache.catalina.startup.VersionLoggerListener.log 명령 행 아규먼트:  -Dignore.endorsed.dirs=
23-May-2025 11:04:18.740 정보 [main] org.apache.catalina.startup.VersionLoggerListener.log 명령 행 아규먼트:  -Dcatalina.base=/root/project/webHack/tomcat
23-May-2025 11:04:18.741 정보 [main] org.apache.catalina.startup.VersionLoggerListener.log 명령 행 아규먼트:  -Dcatalina.home=/root/project/webHack/tomcat
23-May-2025 11:04:18.741 정보 [main] org.apache.catalina.startup.VersionLoggerListener.log 명령 행 아규먼트:  -Djava.io.tmpdir=/root/project/webHack/tomcat/temp
23-May-2025 11:04:18.749 정보 [main] org.apache.catalina.core.AprLifecycleListener.lifecycleEvent 프로덕션 환경들에서 최적의 성능을 제공하는, APR 기반 Apache Tomcat Native 라이브러리가, 다음 java.library.path에서 발견되지 않습니다: [/usr/java/packages/lib:/usr/lib64:/lib64:/lib:/usr/lib]
23-May-2025 11:04:19.385 정보 [main] org.apache.coyote.AbstractProtocol.init 프로토콜 핸들러 ["http-nio-8080"]을(를) 초기화합니다.
23-May-2025 11:04:19.428 정보 [main] org.apache.catalina.startup.Catalina.load [1135] 밀리초 내에 서버가 초기화되었습니다.
23-May-2025 11:04:19.541 정보 [main] org.apache.catalina.core.StandardService.startInternal 서비스 [Catalina]을(를) 시작합니다.
23-May-2025 11:04:19.542 정보 [main] org.apache.catalina.core.StandardEngine.startInternal 서버 엔진을 시작합니다: [Apache Tomcat/9.0.100]
23-May-2025 11:04:19.580 정보 [main] org.apache.catalina.startup.HostConfig.deployDirectory 웹 애플리케이션 디렉토리 [/root/project/webHack/tomcat/webapps/ROOT]을(를) 배치합니다.
23-May-2025 11:04:21.163 정보 [main] org.apache.jasper.servlet.TldScanner.scanJars 적어도 하나의 JAR가 TLD들을 찾기 위해 스캔되었으나 아무 것도 찾지 못했습니다. 스캔했으나 TLD가 없는 JAR들의 전체 목록을 보시려면, 로그 레벨을 디버그 레벨로 설정하십시오. 스캔 과정에서 불필요한 JAR들을 건너뛰면, 시스템 시작 시간과 JSP 컴파일 시간을 단축시킬 수 있습니다.
23-May-2025 11:04:21.427 정보 [main] org.apache.catalina.startup.HostConfig.deployDirectory 웹 애플리케이션 디렉토리 [/root/project/webHack/tomcat/webapps/ROOT]에 대한 배치가 [1,844] 밀리초에 완료되었습니다.
23-May-2025 11:04:21.428 정보 [main] org.apache.catalina.startup.HostConfig.deployDirectory 웹 애플리케이션 디렉토리 [/root/project/webHack/tomcat/webapps/docs]을(를) 배치합니다.
23-May-2025 11:04:22.277 정보 [main] org.apache.jasper.servlet.TldScanner.scanJars 적어도 하나의 JAR가 TLD들을 찾기 위해 스캔되었으나 아무 것도 찾지 못했습니다. 스캔했으나 TLD가 없는 JAR들의 전체 목록을 보시려면, 로그 레벨을 디버그 레벨로 설정하십시오. 스캔 과정에서 불필요한 JAR들을 건너뛰면, 시스템 시작 시간과 JSP 컴파일 시간을 단축시킬 수 있습니다.
23-May-2025 11:04:22.280 정보 [main] org.apache.catalina.startup.HostConfig.deployDirectory 웹 애플리케이션 디렉토리 [/root/project/webHack/tomcat/webapps/docs]에 대한 배치가 [852] 밀리초에 완료되었습니다.
23-May-2025 11:04:22.280 정보 [main] org.apache.catalina.startup.HostConfig.deployDirectory 웹 애플리케이션 디렉토리 [/root/project/webHack/tomcat/webapps/examples]을(를) 배치합니다.
23-May-2025 11:04:23.309 정보 [main] org.apache.jasper.servlet.TldScanner.scanJars 적어도 하나의 JAR가 TLD들을 찾기 위해 스캔되었으나 아무 것도 찾지 못했습니다. 스캔했으나 TLD가 없는 JAR들의 전체 목록을 보시려면, 로그 레벨을 디버그 레벨로 설정하십시오. 스캔 과정에서 불필요한 JAR들을 건너뛰면, 시스템 시작 시간과 JSP 컴파일 시간을 단축시킬 수 있습니다.
23-May-2025 11:04:23.379 정보 [main] org.apache.catalina.startup.HostConfig.deployDirectory 웹 애플리케이션 디렉토리 [/root/project/webHack/tomcat/webapps/examples]에 대한 배치가 [1,098] 밀리초에 완료되었습니다.
23-May-2025 11:04:23.379 정보 [main] org.apache.catalina.startup.HostConfig.deployDirectory 웹 애플리케이션 디렉토리 [/root/project/webHack/tomcat/webapps/host-manager]을(를) 배치합니다.
23-May-2025 11:04:24.202 정보 [main] org.apache.jasper.servlet.TldScanner.scanJars 적어도 하나의 JAR가 TLD들을 찾기 위해 스캔되었으나 아무 것도 찾지 못했습니다. 스캔했으나 TLD가 없는 JAR들의 전체 목록을 보시려면, 로그 레벨을 디버그 레벨로 설정하십시오. 스캔 과정에서 불필요한 JAR들을 건너뛰면, 시스템 시작 시간과 JSP 컴파일 시간을 단축시킬 수 있습니다.
23-May-2025 11:04:24.210 정보 [main] org.apache.catalina.startup.HostConfig.deployDirectory 웹 애플리케이션 디렉토리 [/root/project/webHack/tomcat/webapps/host-manager]에 대한 배치가 [830] 밀리초에 완료되었습니다.
23-May-2025 11:04:24.210 정보 [main] org.apache.catalina.startup.HostConfig.deployDirectory 웹 애플리케이션 디렉토리 [/root/project/webHack/tomcat/webapps/manager]을(를) 배치합니다.
23-May-2025 11:04:24.876 정보 [main] org.apache.jasper.servlet.TldScanner.scanJars 적어도 하나의 JAR가 TLD들을 찾기 위해 스캔되었으나 아무 것도 찾지 못했습니다. 스캔했으나 TLD가 없는 JAR들의 전체 목록을 보시려면, 로그 레벨을 디버그 레벨로 설정하십시오. 스캔 과정에서 불필요한 JAR들을 건너뛰면, 시스템 시작 시간과 JSP 컴파일 시간을 단축시킬 수 있습니다.
23-May-2025 11:04:24.880 정보 [main] org.apache.catalina.startup.HostConfig.deployDirectory 웹 애플리케이션 디렉토리 [/root/project/webHack/tomcat/webapps/manager]에 대한 배치가 [670] 밀리초에 완료되었습니다.
23-May-2025 11:04:24.897 정보 [main] org.apache.coyote.AbstractProtocol.start 프로토콜 핸들러 ["http-nio-8080"]을(를) 시작합니다.
23-May-2025 11:04:24.935 정보 [main] org.apache.catalina.startup.Catalina.start 서버가 [5506] 밀리초 내에 시작되었습니다.
23-May-2025 11:06:50.317 정보 [main] org.apache.catalina.core.StandardServer.await 셧다운 포트를 통해 유효한 셧다운 명령을 받았습니다. 서버 인스턴스를 중지시킵니다.
23-May-2025 11:06:50.318 정보 [main] org.apache.coyote.AbstractProtocol.pause 프로토콜 핸들러 ["http-nio-8080"]을(를) 일시 정지 중
23-May-2025 11:06:50.321 정보 [main] org.apache.catalina.core.StandardService.stopInternal 서비스 [Catalina]을(를) 중지시킵니다.
23-May-2025 11:06:50.380 정보 [main] org.apache.coyote.AbstractProtocol.stop 프로토콜 핸들러 ["http-nio-8080"]을(를) 중지시킵니다.
23-May-2025 11:06:50.397 정보 [main] org.apache.coyote.AbstractProtocol.destroy 프로토콜 핸들러 ["http-nio-8080"]을(를) 소멸시킵니다.
23-May-2025 11:06:52.552 정보 [main] org.apache.catalina.startup.VersionLoggerListener.log 서버 버전 이름:    Apache Tomcat/9.0.100
23-May-2025 11:06:52.564 정보 [main] org.apache.catalina.startup.VersionLoggerListener.log Server 빌드 시각:  Feb 13 2025 11:29:56 UTC
23-May-2025 11:06:52.565 정보 [main] org.apache.catalina.startup.VersionLoggerListener.log Server 버전 번호:  9.0.100.0
23-May-2025 11:06:52.566 정보 [main] org.apache.catalina.startup.VersionLoggerListener.log 운영체제 이름:     Linux
23-May-2025 11:06:52.566 정보 [main] org.apache.catalina.startup.VersionLoggerListener.log 운영체제 버전:     5.14.0-582.el9.x86_64
23-May-2025 11:06:52.567 정보 [main] org.apache.catalina.startup.VersionLoggerListener.log 아키텍처:          amd64
23-May-2025 11:06:52.567 정보 [main] org.apache.catalina.startup.VersionLoggerListener.log 자바 홈:           /usr/lib/jvm/java-11-openjdk-11.0.20.1.1-2.el9.x86_64
23-May-2025 11:06:52.568 정보 [main] org.apache.catalina.startup.VersionLoggerListener.log JVM 버전:          11.0.20.1+1-LTS
23-May-2025 11:06:52.568 정보 [main] org.apache.catalina.startup.VersionLoggerListener.log JVM 벤더:          Red Hat, Inc.
23-May-2025 11:06:52.568 정보 [main] org.apache.catalina.startup.VersionLoggerListener.log CATALINA_BASE:     /root/project/webHack/tomcat
23-May-2025 11:06:52.569 정보 [main] org.apache.catalina.startup.VersionLoggerListener.log CATALINA_HOME:     /root/project/webHack/tomcat
23-May-2025 11:06:52.593 정보 [main] org.apache.catalina.startup.VersionLoggerListener.log 명령 행 아규먼트:  --add-opens=java.base/java.lang=ALL-UNNAMED
23-May-2025 11:06:52.595 정보 [main] org.apache.catalina.startup.VersionLoggerListener.log 명령 행 아규먼트:  --add-opens=java.base/java.io=ALL-UNNAMED
23-May-2025 11:06:52.595 정보 [main] org.apache.catalina.startup.VersionLoggerListener.log 명령 행 아규먼트:  --add-opens=java.base/java.util=ALL-UNNAMED
23-May-2025 11:06:52.595 정보 [main] org.apache.catalina.startup.VersionLoggerListener.log 명령 행 아규먼트:  --add-opens=java.base/java.util.concurrent=ALL-UNNAMED
23-May-2025 11:06:52.596 정보 [main] org.apache.catalina.startup.VersionLoggerListener.log 명령 행 아규먼트:  --add-opens=java.rmi/sun.rmi.transport=ALL-UNNAMED
23-May-2025 11:06:52.597 정보 [main] org.apache.catalina.startup.VersionLoggerListener.log 명령 행 아규먼트:  -Djava.util.logging.config.file=/root/project/webHack/tomcat/conf/logging.properties
23-May-2025 11:06:52.597 정보 [main] org.apache.catalina.startup.VersionLoggerListener.log 명령 행 아규먼트:  -Djava.util.logging.manager=org.apache.juli.ClassLoaderLogManager
23-May-2025 11:06:52.598 정보 [main] org.apache.catalina.startup.VersionLoggerListener.log 명령 행 아규먼트:  -Duser.timezone=Asia/Seoul
23-May-2025 11:06:52.598 정보 [main] org.apache.catalina.startup.VersionLoggerListener.log 명령 행 아규먼트:  -Djdk.tls.ephemeralDHKeySize=2048
23-May-2025 11:06:52.599 정보 [main] org.apache.catalina.startup.VersionLoggerListener.log 명령 행 아규먼트:  -Djava.protocol.handler.pkgs=org.apache.catalina.webresources
23-May-2025 11:06:52.599 정보 [main] org.apache.catalina.startup.VersionLoggerListener.log 명령 행 아규먼트:  -Dsun.io.useCanonCaches=false
23-May-2025 11:06:52.599 정보 [main] org.apache.catalina.startup.VersionLoggerListener.log 명령 행 아규먼트:  -Dorg.apache.catalina.security.SecurityListener.UMASK=0027
23-May-2025 11:06:52.600 정보 [main] org.apache.catalina.startup.VersionLoggerListener.log 명령 행 아규먼트:  -Dignore.endorsed.dirs=
23-May-2025 11:06:52.600 정보 [main] org.apache.catalina.startup.VersionLoggerListener.log 명령 행 아규먼트:  -Dcatalina.base=/root/project/webHack/tomcat
23-May-2025 11:06:52.600 정보 [main] org.apache.catalina.startup.VersionLoggerListener.log 명령 행 아규먼트:  -Dcatalina.home=/root/project/webHack/tomcat
23-May-2025 11:06:52.600 정보 [main] org.apache.catalina.startup.VersionLoggerListener.log 명령 행 아규먼트:  -Djava.io.tmpdir=/root/project/webHack/tomcat/temp
23-May-2025 11:06:52.606 정보 [main] org.apache.catalina.core.AprLifecycleListener.lifecycleEvent 프로덕션 환경들에서 최적의 성능을 제공하는, APR 기반 Apache Tomcat Native 라이브러리가, 다음 java.library.path에서 발견되지 않습니다: [/usr/java/packages/lib:/usr/lib64:/lib64:/lib:/usr/lib]
23-May-2025 11:06:53.283 정보 [main] org.apache.coyote.AbstractProtocol.init 프로토콜 핸들러 ["http-nio-8080"]을(를) 초기화합니다.
23-May-2025 11:06:53.339 정보 [main] org.apache.catalina.startup.Catalina.load [1239] 밀리초 내에 서버가 초기화되었습니다.
23-May-2025 11:06:53.456 정보 [main] org.apache.catalina.core.StandardService.startInternal 서비스 [Catalina]을(를) 시작합니다.
23-May-2025 11:06:53.456 정보 [main] org.apache.catalina.core.StandardEngine.startInternal 서버 엔진을 시작합니다: [Apache Tomcat/9.0.100]
23-May-2025 11:06:53.469 정보 [main] org.apache.catalina.startup.HostConfig.deployDirectory 웹 애플리케이션 디렉토리 [/root/project/webHack/tomcat/webapps/ROOT]을(를) 배치합니다.
23-May-2025 11:06:54.951 정보 [main] org.apache.jasper.servlet.TldScanner.scanJars 적어도 하나의 JAR가 TLD들을 찾기 위해 스캔되었으나 아무 것도 찾지 못했습니다. 스캔했으나 TLD가 없는 JAR들의 전체 목록을 보시려면, 로그 레벨을 디버그 레벨로 설정하십시오. 스캔 과정에서 불필요한 JAR들을 건너뛰면, 시스템 시작 시간과 JSP 컴파일 시간을 단축시킬 수 있습니다.
23-May-2025 11:06:55.210 정보 [main] org.apache.catalina.startup.HostConfig.deployDirectory 웹 애플리케이션 디렉토리 [/root/project/webHack/tomcat/webapps/ROOT]에 대한 배치가 [1,737] 밀리초에 완료되었습니다.
23-May-2025 11:06:55.211 정보 [main] org.apache.catalina.startup.HostConfig.deployDirectory 웹 애플리케이션 디렉토리 [/root/project/webHack/tomcat/webapps/docs]을(를) 배치합니다.
23-May-2025 11:06:56.039 정보 [main] org.apache.jasper.servlet.TldScanner.scanJars 적어도 하나의 JAR가 TLD들을 찾기 위해 스캔되었으나 아무 것도 찾지 못했습니다. 스캔했으나 TLD가 없는 JAR들의 전체 목록을 보시려면, 로그 레벨을 디버그 레벨로 설정하십시오. 스캔 과정에서 불필요한 JAR들을 건너뛰면, 시스템 시작 시간과 JSP 컴파일 시간을 단축시킬 수 있습니다.
23-May-2025 11:06:56.043 정보 [main] org.apache.catalina.startup.HostConfig.deployDirectory 웹 애플리케이션 디렉토리 [/root/project/webHack/tomcat/webapps/docs]에 대한 배치가 [833] 밀리초에 완료되었습니다.
23-May-2025 11:06:56.044 정보 [main] org.apache.catalina.startup.HostConfig.deployDirectory 웹 애플리케이션 디렉토리 [/root/project/webHack/tomcat/webapps/examples]을(를) 배치합니다.
23-May-2025 11:06:57.099 정보 [main] org.apache.jasper.servlet.TldScanner.scanJars 적어도 하나의 JAR가 TLD들을 찾기 위해 스캔되었으나 아무 것도 찾지 못했습니다. 스캔했으나 TLD가 없는 JAR들의 전체 목록을 보시려면, 로그 레벨을 디버그 레벨로 설정하십시오. 스캔 과정에서 불필요한 JAR들을 건너뛰면, 시스템 시작 시간과 JSP 컴파일 시간을 단축시킬 수 있습니다.
23-May-2025 11:06:57.177 정보 [main] org.apache.catalina.startup.HostConfig.deployDirectory 웹 애플리케이션 디렉토리 [/root/project/webHack/tomcat/webapps/examples]에 대한 배치가 [1,132] 밀리초에 완료되었습니다.
23-May-2025 11:06:57.177 정보 [main] org.apache.catalina.startup.HostConfig.deployDirectory 웹 애플리케이션 디렉토리 [/root/project/webHack/tomcat/webapps/host-manager]을(를) 배치합니다.
23-May-2025 11:06:57.910 정보 [main] org.apache.jasper.servlet.TldScanner.scanJars 적어도 하나의 JAR가 TLD들을 찾기 위해 스캔되었으나 아무 것도 찾지 못했습니다. 스캔했으나 TLD가 없는 JAR들의 전체 목록을 보시려면, 로그 레벨을 디버그 레벨로 설정하십시오. 스캔 과정에서 불필요한 JAR들을 건너뛰면, 시스템 시작 시간과 JSP 컴파일 시간을 단축시킬 수 있습니다.
23-May-2025 11:06:57.918 정보 [main] org.apache.catalina.startup.HostConfig.deployDirectory 웹 애플리케이션 디렉토리 [/root/project/webHack/tomcat/webapps/host-manager]에 대한 배치가 [741] 밀리초에 완료되었습니다.
23-May-2025 11:06:57.919 정보 [main] org.apache.catalina.startup.HostConfig.deployDirectory 웹 애플리케이션 디렉토리 [/root/project/webHack/tomcat/webapps/manager]을(를) 배치합니다.
23-May-2025 11:06:58.653 정보 [main] org.apache.jasper.servlet.TldScanner.scanJars 적어도 하나의 JAR가 TLD들을 찾기 위해 스캔되었으나 아무 것도 찾지 못했습니다. 스캔했으나 TLD가 없는 JAR들의 전체 목록을 보시려면, 로그 레벨을 디버그 레벨로 설정하십시오. 스캔 과정에서 불필요한 JAR들을 건너뛰면, 시스템 시작 시간과 JSP 컴파일 시간을 단축시킬 수 있습니다.
23-May-2025 11:06:58.659 정보 [main] org.apache.catalina.startup.HostConfig.deployDirectory 웹 애플리케이션 디렉토리 [/root/project/webHack/tomcat/webapps/manager]에 대한 배치가 [739] 밀리초에 완료되었습니다.
23-May-2025 11:06:58.669 정보 [main] org.apache.coyote.AbstractProtocol.start 프로토콜 핸들러 ["http-nio-8080"]을(를) 시작합니다.
23-May-2025 11:06:58.699 정보 [main] org.apache.catalina.startup.Catalina.start 서버가 [5359] 밀리초 내에 시작되었습니다.
23-May-2025 13:13:21.402 정보 [Catalina-utility-1] org.apache.catalina.startup.HostConfig.reload 컨텍스트 []을(를) 다시 로드합니다.
23-May-2025 13:13:21.408 정보 [Catalina-utility-1] org.apache.catalina.core.StandardContext.reload 이름이 []인 컨텍스트를 다시 로드하는 작업이 시작되었습니다.
23-May-2025 13:13:22.943 정보 [Catalina-utility-1] org.apache.jasper.servlet.TldScanner.scanJars 적어도 하나의 JAR가 TLD들을 찾기 위해 스캔되었으나 아무 것도 찾지 못했습니다. 스캔했으나 TLD가 없는 JAR들의 전체 목록을 보시려면, 로그 레벨을 디버그 레벨로 설정하십시오. 스캔 과정에서 불필요한 JAR들을 건너뛰면, 시스템 시작 시간과 JSP 컴파일 시간을 단축시킬 수 있습니다.
23-May-2025 13:13:22.972 정보 [Catalina-utility-1] org.apache.catalina.core.StandardContext.reload 이름이 []인 컨텍스트를 다시 로드하는 것을 완료했습니다.
23-May-2025 13:13:24.720 정보 [main] org.apache.catalina.core.StandardServer.await 셧다운 포트를 통해 유효한 셧다운 명령을 받았습니다. 서버 인스턴스를 중지시킵니다.
23-May-2025 13:13:24.723 정보 [main] org.apache.coyote.AbstractProtocol.pause 프로토콜 핸들러 ["http-nio-8080"]을(를) 일시 정지 중
23-May-2025 13:13:24.738 정보 [main] org.apache.catalina.core.StandardService.stopInternal 서비스 [Catalina]을(를) 중지시킵니다.
23-May-2025 13:13:24.843 정보 [main] org.apache.coyote.AbstractProtocol.stop 프로토콜 핸들러 ["http-nio-8080"]을(를) 중지시킵니다.
23-May-2025 13:13:24.885 정보 [main] org.apache.coyote.AbstractProtocol.destroy 프로토콜 핸들러 ["http-nio-8080"]을(를) 소멸시킵니다.
23-May-2025 13:13:28.958 정보 [main] org.apache.catalina.startup.VersionLoggerListener.log 서버 버전 이름:    Apache Tomcat/9.0.100
23-May-2025 13:13:28.970 정보 [main] org.apache.catalina.startup.VersionLoggerListener.log Server 빌드 시각:  Feb 13 2025 11:29:56 UTC
23-May-2025 13:13:28.971 정보 [main] org.apache.catalina.startup.VersionLoggerListener.log Server 버전 번호:  9.0.100.0
23-May-2025 13:13:28.971 정보 [main] org.apache.catalina.startup.VersionLoggerListener.log 운영체제 이름:     Linux
23-May-2025 13:13:28.971 정보 [main] org.apache.catalina.startup.VersionLoggerListener.log 운영체제 버전:     5.14.0-582.el9.x86_64
23-May-2025 13:13:28.972 정보 [main] org.apache.catalina.startup.VersionLoggerListener.log 아키텍처:          amd64
23-May-2025 13:13:28.972 정보 [main] org.apache.catalina.startup.VersionLoggerListener.log 자바 홈:           /usr/lib/jvm/java-11-openjdk-11.0.20.1.1-2.el9.x86_64
23-May-2025 13:13:28.973 정보 [main] org.apache.catalina.startup.VersionLoggerListener.log JVM 버전:          11.0.20.1+1-LTS
23-May-2025 13:13:28.973 정보 [main] org.apache.catalina.startup.VersionLoggerListener.log JVM 벤더:          Red Hat, Inc.
23-May-2025 13:13:28.974 정보 [main] org.apache.catalina.startup.VersionLoggerListener.log CATALINA_BASE:     /root/project/webHack/tomcat
23-May-2025 13:13:28.974 정보 [main] org.apache.catalina.startup.VersionLoggerListener.log CATALINA_HOME:     /root/project/webHack/tomcat
23-May-2025 13:13:29.021 정보 [main] org.apache.catalina.startup.VersionLoggerListener.log 명령 행 아규먼트:  --add-opens=java.base/java.lang=ALL-UNNAMED
23-May-2025 13:13:29.022 정보 [main] org.apache.catalina.startup.VersionLoggerListener.log 명령 행 아규먼트:  --add-opens=java.base/java.io=ALL-UNNAMED
23-May-2025 13:13:29.023 정보 [main] org.apache.catalina.startup.VersionLoggerListener.log 명령 행 아규먼트:  --add-opens=java.base/java.util=ALL-UNNAMED
23-May-2025 13:13:29.023 정보 [main] org.apache.catalina.startup.VersionLoggerListener.log 명령 행 아규먼트:  --add-opens=java.base/java.util.concurrent=ALL-UNNAMED
23-May-2025 13:13:29.023 정보 [main] org.apache.catalina.startup.VersionLoggerListener.log 명령 행 아규먼트:  --add-opens=java.rmi/sun.rmi.transport=ALL-UNNAMED
23-May-2025 13:13:29.023 정보 [main] org.apache.catalina.startup.VersionLoggerListener.log 명령 행 아규먼트:  -Djava.util.logging.config.file=/root/project/webHack/tomcat/conf/logging.properties
23-May-2025 13:13:29.024 정보 [main] org.apache.catalina.startup.VersionLoggerListener.log 명령 행 아규먼트:  -Djava.util.logging.manager=org.apache.juli.ClassLoaderLogManager
23-May-2025 13:13:29.024 정보 [main] org.apache.catalina.startup.VersionLoggerListener.log 명령 행 아규먼트:  -Duser.timezone=Asia/Seoul
23-May-2025 13:13:29.024 정보 [main] org.apache.catalina.startup.VersionLoggerListener.log 명령 행 아규먼트:  -Djdk.tls.ephemeralDHKeySize=2048
23-May-2025 13:13:29.024 정보 [main] org.apache.catalina.startup.VersionLoggerListener.log 명령 행 아규먼트:  -Djava.protocol.handler.pkgs=org.apache.catalina.webresources
23-May-2025 13:13:29.025 정보 [main] org.apache.catalina.startup.VersionLoggerListener.log 명령 행 아규먼트:  -Dsun.io.useCanonCaches=false
23-May-2025 13:13:29.025 정보 [main] org.apache.catalina.startup.VersionLoggerListener.log 명령 행 아규먼트:  -Dorg.apache.catalina.security.SecurityListener.UMASK=0027
23-May-2025 13:13:29.025 정보 [main] org.apache.catalina.startup.VersionLoggerListener.log 명령 행 아규먼트:  -Dignore.endorsed.dirs=
23-May-2025 13:13:29.025 정보 [main] org.apache.catalina.startup.VersionLoggerListener.log 명령 행 아규먼트:  -Dcatalina.base=/root/project/webHack/tomcat
23-May-2025 13:13:29.025 정보 [main] org.apache.catalina.startup.VersionLoggerListener.log 명령 행 아규먼트:  -Dcatalina.home=/root/project/webHack/tomcat
23-May-2025 13:13:29.026 정보 [main] org.apache.catalina.startup.VersionLoggerListener.log 명령 행 아규먼트:  -Djava.io.tmpdir=/root/project/webHack/tomcat/temp
23-May-2025 13:13:29.031 정보 [main] org.apache.catalina.core.AprLifecycleListener.lifecycleEvent 프로덕션 환경들에서 최적의 성능을 제공하는, APR 기반 Apache Tomcat Native 라이브러리가, 다음 java.library.path에서 발견되지 않습니다: [/usr/java/packages/lib:/usr/lib64:/lib64:/lib:/usr/lib]
23-May-2025 13:13:29.849 정보 [main] org.apache.coyote.AbstractProtocol.init 프로토콜 핸들러 ["http-nio-8080"]을(를) 초기화합니다.
23-May-2025 13:13:29.921 정보 [main] org.apache.catalina.startup.Catalina.load [1524] 밀리초 내에 서버가 초기화되었습니다.
23-May-2025 13:13:30.145 정보 [main] org.apache.catalina.core.StandardService.startInternal 서비스 [Catalina]을(를) 시작합니다.
23-May-2025 13:13:30.146 정보 [main] org.apache.catalina.core.StandardEngine.startInternal 서버 엔진을 시작합니다: [Apache Tomcat/9.0.100]
23-May-2025 13:13:30.166 정보 [main] org.apache.catalina.startup.HostConfig.deployDirectory 웹 애플리케이션 디렉토리 [/root/project/webHack/tomcat/webapps/ROOT]을(를) 배치합니다.
23-May-2025 13:13:32.034 정보 [main] org.apache.jasper.servlet.TldScanner.scanJars 적어도 하나의 JAR가 TLD들을 찾기 위해 스캔되었으나 아무 것도 찾지 못했습니다. 스캔했으나 TLD가 없는 JAR들의 전체 목록을 보시려면, 로그 레벨을 디버그 레벨로 설정하십시오. 스캔 과정에서 불필요한 JAR들을 건너뛰면, 시스템 시작 시간과 JSP 컴파일 시간을 단축시킬 수 있습니다.
23-May-2025 13:13:32.527 정보 [main] org.apache.catalina.startup.HostConfig.deployDirectory 웹 애플리케이션 디렉토리 [/root/project/webHack/tomcat/webapps/ROOT]에 대한 배치가 [2,354] 밀리초에 완료되었습니다.
23-May-2025 13:13:32.528 정보 [main] org.apache.catalina.startup.HostConfig.deployDirectory 웹 애플리케이션 디렉토리 [/root/project/webHack/tomcat/webapps/docs]을(를) 배치합니다.
23-May-2025 13:13:33.383 정보 [main] org.apache.jasper.servlet.TldScanner.scanJars 적어도 하나의 JAR가 TLD들을 찾기 위해 스캔되었으나 아무 것도 찾지 못했습니다. 스캔했으나 TLD가 없는 JAR들의 전체 목록을 보시려면, 로그 레벨을 디버그 레벨로 설정하십시오. 스캔 과정에서 불필요한 JAR들을 건너뛰면, 시스템 시작 시간과 JSP 컴파일 시간을 단축시킬 수 있습니다.
23-May-2025 13:13:33.387 정보 [main] org.apache.catalina.startup.HostConfig.deployDirectory 웹 애플리케이션 디렉토리 [/root/project/webHack/tomcat/webapps/docs]에 대한 배치가 [858] 밀리초에 완료되었습니다.
23-May-2025 13:13:33.388 정보 [main] org.apache.catalina.startup.HostConfig.deployDirectory 웹 애플리케이션 디렉토리 [/root/project/webHack/tomcat/webapps/examples]을(를) 배치합니다.
23-May-2025 13:13:34.467 정보 [main] org.apache.jasper.servlet.TldScanner.scanJars 적어도 하나의 JAR가 TLD들을 찾기 위해 스캔되었으나 아무 것도 찾지 못했습니다. 스캔했으나 TLD가 없는 JAR들의 전체 목록을 보시려면, 로그 레벨을 디버그 레벨로 설정하십시오. 스캔 과정에서 불필요한 JAR들을 건너뛰면, 시스템 시작 시간과 JSP 컴파일 시간을 단축시킬 수 있습니다.
23-May-2025 13:13:34.545 정보 [main] org.apache.catalina.startup.HostConfig.deployDirectory 웹 애플리케이션 디렉토리 [/root/project/webHack/tomcat/webapps/examples]에 대한 배치가 [1,157] 밀리초에 완료되었습니다.
23-May-2025 13:13:34.546 정보 [main] org.apache.catalina.startup.HostConfig.deployDirectory 웹 애플리케이션 디렉토리 [/root/project/webHack/tomcat/webapps/host-manager]을(를) 배치합니다.
23-May-2025 13:13:35.952 정보 [main] org.apache.jasper.servlet.TldScanner.scanJars 적어도 하나의 JAR가 TLD들을 찾기 위해 스캔되었으나 아무 것도 찾지 못했습니다. 스캔했으나 TLD가 없는 JAR들의 전체 목록을 보시려면, 로그 레벨을 디버그 레벨로 설정하십시오. 스캔 과정에서 불필요한 JAR들을 건너뛰면, 시스템 시작 시간과 JSP 컴파일 시간을 단축시킬 수 있습니다.
23-May-2025 13:13:35.962 정보 [main] org.apache.catalina.startup.HostConfig.deployDirectory 웹 애플리케이션 디렉토리 [/root/project/webHack/tomcat/webapps/host-manager]에 대한 배치가 [1,415] 밀리초에 완료되었습니다.
23-May-2025 13:13:35.962 정보 [main] org.apache.catalina.startup.HostConfig.deployDirectory 웹 애플리케이션 디렉토리 [/root/project/webHack/tomcat/webapps/manager]을(를) 배치합니다.
23-May-2025 13:13:36.688 정보 [main] org.apache.jasper.servlet.TldScanner.scanJars 적어도 하나의 JAR가 TLD들을 찾기 위해 스캔되었으나 아무 것도 찾지 못했습니다. 스캔했으나 TLD가 없는 JAR들의 전체 목록을 보시려면, 로그 레벨을 디버그 레벨로 설정하십시오. 스캔 과정에서 불필요한 JAR들을 건너뛰면, 시스템 시작 시간과 JSP 컴파일 시간을 단축시킬 수 있습니다.
23-May-2025 13:13:36.693 정보 [main] org.apache.catalina.startup.HostConfig.deployDirectory 웹 애플리케이션 디렉토리 [/root/project/webHack/tomcat/webapps/manager]에 대한 배치가 [731] 밀리초에 완료되었습니다.
23-May-2025 13:13:36.719 정보 [main] org.apache.coyote.AbstractProtocol.start 프로토콜 핸들러 ["http-nio-8080"]을(를) 시작합니다.
23-May-2025 13:13:36.766 정보 [main] org.apache.catalina.startup.Catalina.start 서버가 [6844] 밀리초 내에 시작되었습니다.
23-May-2025 13:43:27.271 정보 [Catalina-utility-2] org.apache.catalina.startup.HostConfig.deployDirectory 웹 애플리케이션 디렉토리 [/root/project/webHack/tomcat/webapps/.git]을(를) 배치합니다.
23-May-2025 13:43:28.317 정보 [Catalina-utility-2] org.apache.jasper.servlet.TldScanner.scanJars 적어도 하나의 JAR가 TLD들을 찾기 위해 스캔되었으나 아무 것도 찾지 못했습니다. 스캔했으나 TLD가 없는 JAR들의 전체 목록을 보시려면, 로그 레벨을 디버그 레벨로 설정하십시오. 스캔 과정에서 불필요한 JAR들을 건너뛰면, 시스템 시작 시간과 JSP 컴파일 시간을 단축시킬 수 있습니다.
23-May-2025 13:43:28.340 정보 [Catalina-utility-2] org.apache.catalina.startup.HostConfig.deployDirectory 웹 애플리케이션 디렉토리 [/root/project/webHack/tomcat/webapps/.git]에 대한 배치가 [1,069] 밀리초에 완료되었습니다.
23-May-2025 13:46:18.876 정보 [Catalina-utility-1] org.apache.catalina.startup.HostConfig.undeploy 컨텍스트 [/.git]의 배치를 제거합니다.
