14-May-2025 00:01:53.751 심각 [http-nio-8080-exec-2] org.apache.catalina.core.StandardWrapperValve.invoke 경로 []의 컨텍스트 내의 서블릿 [jsp]을(를) 위한 Servlet.service() 호출이, 근본 원인(root cause)과 함께, 예외 [JSP를 위한 클래스를 컴파일할 수 없습니다.: 

JSP 파일 [/mypage/edit.jsp]의 [69] 행에서 오류가 발생했습니다.
Duplicate local variable isLoggedIn
66: <%
67:     request.setCharacterEncoding("UTF-8");
68: 
69:     boolean isLoggedIn = false;
70:     String username = "";
71:     String intro = request.getParameter("intro");
72: 


JSP 파일 [/mypage/edit.jsp]의 [70] 행에서 오류가 발생했습니다.
Duplicate local variable username
67:     request.setCharacterEncoding("UTF-8");
68: 
69:     boolean isLoggedIn = false;
70:     String username = "";
71:     String intro = request.getParameter("intro");
72: 
73:     Cookie[] cookies = request.getCookies();


JSP 파일 [/mypage/edit.jsp]의 [71] 행에서 오류가 발생했습니다.
Duplicate local variable intro
68: 
69:     boolean isLoggedIn = false;
70:     String username = "";
71:     String intro = request.getParameter("intro");
72: 
73:     Cookie[] cookies = request.getCookies();
74:     String token = null;


JSP 파일 [/mypage/edit.jsp]의 [73] 행에서 오류가 발생했습니다.
Duplicate local variable cookies
70:     String username = "";
71:     String intro = request.getParameter("intro");
72: 
73:     Cookie[] cookies = request.getCookies();
74:     String token = null;
75: 
76:     if (cookies != null) {


JSP 파일 [/mypage/edit.jsp]의 [74] 행에서 오류가 발생했습니다.
Duplicate local variable token
71:     String intro = request.getParameter("intro");
72: 
73:     Cookie[] cookies = request.getCookies();
74:     String token = null;
75: 
76:     if (cookies != null) {
77:         for (Cookie cookie : cookies) {


Stacktrace:]을(를) 발생시켰습니다.
	org.apache.jasper.JasperException: JSP를 위한 클래스를 컴파일할 수 없습니다.: 

JSP 파일 [/mypage/edit.jsp]의 [69] 행에서 오류가 발생했습니다.
Duplicate local variable isLoggedIn
66: <%
67:     request.setCharacterEncoding("UTF-8");
68: 
69:     boolean isLoggedIn = false;
70:     String username = "";
71:     String intro = request.getParameter("intro");
72: 


JSP 파일 [/mypage/edit.jsp]의 [70] 행에서 오류가 발생했습니다.
Duplicate local variable username
67:     request.setCharacterEncoding("UTF-8");
68: 
69:     boolean isLoggedIn = false;
70:     String username = "";
71:     String intro = request.getParameter("intro");
72: 
73:     Cookie[] cookies = request.getCookies();


JSP 파일 [/mypage/edit.jsp]의 [71] 행에서 오류가 발생했습니다.
Duplicate local variable intro
68: 
69:     boolean isLoggedIn = false;
70:     String username = "";
71:     String intro = request.getParameter("intro");
72: 
73:     Cookie[] cookies = request.getCookies();
74:     String token = null;


JSP 파일 [/mypage/edit.jsp]의 [73] 행에서 오류가 발생했습니다.
Duplicate local variable cookies
70:     String username = "";
71:     String intro = request.getParameter("intro");
72: 
73:     Cookie[] cookies = request.getCookies();
74:     String token = null;
75: 
76:     if (cookies != null) {


JSP 파일 [/mypage/edit.jsp]의 [74] 행에서 오류가 발생했습니다.
Duplicate local variable token
71:     String intro = request.getParameter("intro");
72: 
73:     Cookie[] cookies = request.getCookies();
74:     String token = null;
75: 
76:     if (cookies != null) {
77:         for (Cookie cookie : cookies) {


Stacktrace:
		at org.apache.jasper.compiler.DefaultErrorHandler.javacError(DefaultErrorHandler.java:72)
		at org.apache.jasper.compiler.ErrorDispatcher.javacError(ErrorDispatcher.java:192)
		at org.apache.jasper.compiler.JDTCompiler.generateClass(JDTCompiler.java:542)
		at org.apache.jasper.compiler.Compiler.compile(Compiler.java:371)
		at org.apache.jasper.compiler.Compiler.compile(Compiler.java:343)
		at org.apache.jasper.compiler.Compiler.compile(Compiler.java:329)
		at org.apache.jasper.JspCompilationContext.compile(JspCompilationContext.java:603)
		at org.apache.jasper.servlet.JspServletWrapper.service(JspServletWrapper.java:399)
		at org.apache.jasper.servlet.JspServlet.serviceJspFile(JspServlet.java:376)
		at org.apache.jasper.servlet.JspServlet.service(JspServlet.java:324)
		at javax.servlet.http.HttpServlet.service(HttpServlet.java:623)
		at org.apache.catalina.core.ApplicationFilterChain.internalDoFilter(ApplicationFilterChain.java:199)
		at org.apache.catalina.core.ApplicationFilterChain.doFilter(ApplicationFilterChain.java:144)
		at org.apache.tomcat.websocket.server.WsFilter.doFilter(WsFilter.java:51)
		at org.apache.catalina.core.ApplicationFilterChain.internalDoFilter(ApplicationFilterChain.java:168)
		at org.apache.catalina.core.ApplicationFilterChain.doFilter(ApplicationFilterChain.java:144)
		at org.apache.catalina.core.StandardWrapperValve.invoke(StandardWrapperValve.java:168)
		at org.apache.catalina.core.StandardContextValve.invoke(StandardContextValve.java:90)
		at org.apache.catalina.authenticator.AuthenticatorBase.invoke(AuthenticatorBase.java:482)
		at org.apache.catalina.core.StandardHostValve.invoke(StandardHostValve.java:130)
		at org.apache.catalina.valves.ErrorReportValve.invoke(ErrorReportValve.java:93)
		at org.apache.catalina.valves.AbstractAccessLogValve.invoke(AbstractAccessLogValve.java:660)
		at org.apache.catalina.core.StandardEngineValve.invoke(StandardEngineValve.java:74)
		at org.apache.catalina.connector.CoyoteAdapter.service(CoyoteAdapter.java:346)
		at org.apache.coyote.http11.Http11Processor.service(Http11Processor.java:396)
		at org.apache.coyote.AbstractProcessorLight.process(AbstractProcessorLight.java:63)
		at org.apache.coyote.AbstractProtocol$ConnectionHandler.process(AbstractProtocol.java:937)
		at org.apache.tomcat.util.net.NioEndpoint$SocketProcessor.doRun(NioEndpoint.java:1793)
		at org.apache.tomcat.util.net.SocketProcessorBase.run(SocketProcessorBase.java:52)
		at org.apache.tomcat.util.threads.ThreadPoolExecutor.runWorker(ThreadPoolExecutor.java:1190)
		at org.apache.tomcat.util.threads.ThreadPoolExecutor$Worker.run(ThreadPoolExecutor.java:659)
		at org.apache.tomcat.util.threads.TaskThread$WrappingRunnable.run(TaskThread.java:63)
		at java.base/java.lang.Thread.run(Thread.java:829)
