22-May-2025 10:45:18.395 정보 [main] org.apache.catalina.core.ApplicationContext.log ContextListener: contextInitialized()
22-May-2025 10:45:18.395 정보 [main] org.apache.catalina.core.ApplicationContext.log SessionListener: contextInitialized()
22-May-2025 10:45:18.397 정보 [main] org.apache.catalina.core.ApplicationContext.log ContextListener: attributeAdded('StockTicker', 'async.Stockticker@14eaab92')
22-May-2025 13:03:54.549 정보 [main] org.apache.catalina.core.ApplicationContext.log SessionListener: contextDestroyed()
22-May-2025 13:03:54.550 정보 [main] org.apache.catalina.core.ApplicationContext.log ContextListener: contextDestroyed()
22-May-2025 13:04:04.322 정보 [main] org.apache.catalina.core.ApplicationContext.log ContextListener: contextInitialized()
22-May-2025 13:04:04.323 정보 [main] org.apache.catalina.core.ApplicationContext.log SessionListener: contextInitialized()
22-May-2025 13:04:04.326 정보 [main] org.apache.catalina.core.ApplicationContext.log ContextListener: attributeAdded('StockTicker', 'async.Stockticker@50aa5826')
22-May-2025 13:12:46.353 심각 [http-nio-8080-exec-10] org.apache.catalina.core.StandardWrapperValve.invoke 경로 []의 컨텍스트 내의 서블릿 [jsp]을(를) 위한 Servlet.service() 호출이, 근본 원인(root cause)과 함께, 예외 [행 [44]에서 [login/processLogin.jsp]을(를) 처리하는 중 예외 발생

41: }
42: 
43: if (isValidUser) {
44:     byte[] keyBytes = System.getenv("JWT_SECRET").getBytes("UTF-8");  // 하드코딩 제거
45:     Key signingKey = new SecretKeySpec(keyBytes, SignatureAlgorithm.HS256.getJcaName());
46: 
47:     String jwtToken = Jwts.builder()


Stacktrace:]을(를) 발생시켰습니다.
	java.lang.NullPointerException
		at org.apache.jsp.login.processLogin_jsp._jspService(processLogin_jsp.java:169)
		at org.apache.jasper.runtime.HttpJspBase.service(HttpJspBase.java:67)
		at javax.servlet.http.HttpServlet.service(HttpServlet.java:623)
		at org.apache.jasper.servlet.JspServletWrapper.service(JspServletWrapper.java:466)
		at org.apache.jasper.servlet.JspServlet.serviceJspFile(JspServlet.java:376)
		at org.apache.jasper.servlet.JspServlet.service(JspServlet.java:324)
		at javax.servlet.http.HttpServlet.service(HttpServlet.java:623)
		at org.apache.catalina.core.ApplicationFilterChain.internalDoFilter(ApplicationFilterChain.java:199)
		at org.apache.catalina.core.ApplicationFilterChain.doFilter(ApplicationFilterChain.java:144)
		at org.apache.tomcat.websocket.server.WsFilter.doFilter(WsFilter.java:51)
		at org.apache.catalina.core.ApplicationFilterChain.internalDoFilter(ApplicationFilterChain.java:168)
		at org.apache.catalina.core.ApplicationFilterChain.doFilter(ApplicationFilterChain.java:144)
		at org.apache.catalina.core.StandardWrapperValve.invoke(StandardWrapperValve.java:168)
		at org.apache.catalina.core.StandardContextValve.invoke(StandardContextValve.java:90)
		at org.apache.catalina.authenticator.AuthenticatorBase.invoke(AuthenticatorBase.java:482)
		at org.apache.catalina.core.StandardHostValve.invoke(StandardHostValve.java:130)
		at org.apache.catalina.valves.ErrorReportValve.invoke(ErrorReportValve.java:93)
		at org.apache.catalina.valves.AbstractAccessLogValve.invoke(AbstractAccessLogValve.java:660)
		at org.apache.catalina.core.StandardEngineValve.invoke(StandardEngineValve.java:74)
		at org.apache.catalina.connector.CoyoteAdapter.service(CoyoteAdapter.java:346)
		at org.apache.coyote.http11.Http11Processor.service(Http11Processor.java:396)
		at org.apache.coyote.AbstractProcessorLight.process(AbstractProcessorLight.java:63)
		at org.apache.coyote.AbstractProtocol$ConnectionHandler.process(AbstractProtocol.java:937)
		at org.apache.tomcat.util.net.NioEndpoint$SocketProcessor.doRun(NioEndpoint.java:1793)
		at org.apache.tomcat.util.net.SocketProcessorBase.run(SocketProcessorBase.java:52)
		at org.apache.tomcat.util.threads.ThreadPoolExecutor.runWorker(ThreadPoolExecutor.java:1190)
		at org.apache.tomcat.util.threads.ThreadPoolExecutor$Worker.run(ThreadPoolExecutor.java:659)
		at org.apache.tomcat.util.threads.TaskThread$WrappingRunnable.run(TaskThread.java:63)
		at java.base/java.lang.Thread.run(Thread.java:829)
22-May-2025 13:13:55.047 정보 [main] org.apache.catalina.core.ApplicationContext.log SessionListener: contextDestroyed()
22-May-2025 13:13:55.047 정보 [main] org.apache.catalina.core.ApplicationContext.log ContextListener: contextDestroyed()
22-May-2025 13:14:03.695 정보 [main] org.apache.catalina.core.ApplicationContext.log ContextListener: contextInitialized()
22-May-2025 13:14:03.696 정보 [main] org.apache.catalina.core.ApplicationContext.log SessionListener: contextInitialized()
22-May-2025 13:14:03.699 정보 [main] org.apache.catalina.core.ApplicationContext.log ContextListener: attributeAdded('StockTicker', 'async.Stockticker@71e740c6')
22-May-2025 13:14:06.014 심각 [http-nio-8080-exec-1] org.apache.catalina.core.StandardWrapperValve.invoke 경로 []의 컨텍스트 내의 서블릿 [jsp]을(를) 위한 Servlet.service() 호출이, 근본 원인(root cause)과 함께, 예외 [행 [44]에서 [login/processLogin.jsp]을(를) 처리하는 중 예외 발생

41: }
42: 
43: if (isValidUser) {
44:     byte[] keyBytes = System.getenv("JWT_SECRET").getBytes("UTF-8");  // 하드코딩 제거
45:     Key signingKey = new SecretKeySpec(keyBytes, SignatureAlgorithm.HS256.getJcaName());
46: 
47:     String jwtToken = Jwts.builder()


Stacktrace:]을(를) 발생시켰습니다.
	java.lang.NullPointerException
		at org.apache.jsp.login.processLogin_jsp._jspService(processLogin_jsp.java:169)
		at org.apache.jasper.runtime.HttpJspBase.service(HttpJspBase.java:67)
		at javax.servlet.http.HttpServlet.service(HttpServlet.java:623)
		at org.apache.jasper.servlet.JspServletWrapper.service(JspServletWrapper.java:466)
		at org.apache.jasper.servlet.JspServlet.serviceJspFile(JspServlet.java:376)
		at org.apache.jasper.servlet.JspServlet.service(JspServlet.java:324)
		at javax.servlet.http.HttpServlet.service(HttpServlet.java:623)
		at org.apache.catalina.core.ApplicationFilterChain.internalDoFilter(ApplicationFilterChain.java:199)
		at org.apache.catalina.core.ApplicationFilterChain.doFilter(ApplicationFilterChain.java:144)
		at org.apache.tomcat.websocket.server.WsFilter.doFilter(WsFilter.java:51)
		at org.apache.catalina.core.ApplicationFilterChain.internalDoFilter(ApplicationFilterChain.java:168)
		at org.apache.catalina.core.ApplicationFilterChain.doFilter(ApplicationFilterChain.java:144)
		at org.apache.catalina.core.StandardWrapperValve.invoke(StandardWrapperValve.java:168)
		at org.apache.catalina.core.StandardContextValve.invoke(StandardContextValve.java:90)
		at org.apache.catalina.authenticator.AuthenticatorBase.invoke(AuthenticatorBase.java:482)
		at org.apache.catalina.core.StandardHostValve.invoke(StandardHostValve.java:130)
		at org.apache.catalina.valves.ErrorReportValve.invoke(ErrorReportValve.java:93)
		at org.apache.catalina.valves.AbstractAccessLogValve.invoke(AbstractAccessLogValve.java:660)
		at org.apache.catalina.core.StandardEngineValve.invoke(StandardEngineValve.java:74)
		at org.apache.catalina.connector.CoyoteAdapter.service(CoyoteAdapter.java:346)
		at org.apache.coyote.http11.Http11Processor.service(Http11Processor.java:396)
		at org.apache.coyote.AbstractProcessorLight.process(AbstractProcessorLight.java:63)
		at org.apache.coyote.AbstractProtocol$ConnectionHandler.process(AbstractProtocol.java:937)
		at org.apache.tomcat.util.net.NioEndpoint$SocketProcessor.doRun(NioEndpoint.java:1793)
		at org.apache.tomcat.util.net.SocketProcessorBase.run(SocketProcessorBase.java:52)
		at org.apache.tomcat.util.threads.ThreadPoolExecutor.runWorker(ThreadPoolExecutor.java:1190)
		at org.apache.tomcat.util.threads.ThreadPoolExecutor$Worker.run(ThreadPoolExecutor.java:659)
		at org.apache.tomcat.util.threads.TaskThread$WrappingRunnable.run(TaskThread.java:63)
		at java.base/java.lang.Thread.run(Thread.java:829)
22-May-2025 13:14:10.938 심각 [http-nio-8080-exec-2] org.apache.catalina.core.StandardWrapperValve.invoke 경로 []의 컨텍스트 내의 서블릿 [jsp]을(를) 위한 Servlet.service() 호출이, 근본 원인(root cause)과 함께, 예외 [행 [44]에서 [login/processLogin.jsp]을(를) 처리하는 중 예외 발생

41: }
42: 
43: if (isValidUser) {
44:     byte[] keyBytes = System.getenv("JWT_SECRET").getBytes("UTF-8");  // 하드코딩 제거
45:     Key signingKey = new SecretKeySpec(keyBytes, SignatureAlgorithm.HS256.getJcaName());
46: 
47:     String jwtToken = Jwts.builder()


Stacktrace:]을(를) 발생시켰습니다.
	java.lang.NullPointerException
		at org.apache.jsp.login.processLogin_jsp._jspService(processLogin_jsp.java:169)
		at org.apache.jasper.runtime.HttpJspBase.service(HttpJspBase.java:67)
		at javax.servlet.http.HttpServlet.service(HttpServlet.java:623)
		at org.apache.jasper.servlet.JspServletWrapper.service(JspServletWrapper.java:466)
		at org.apache.jasper.servlet.JspServlet.serviceJspFile(JspServlet.java:376)
		at org.apache.jasper.servlet.JspServlet.service(JspServlet.java:324)
		at javax.servlet.http.HttpServlet.service(HttpServlet.java:623)
		at org.apache.catalina.core.ApplicationFilterChain.internalDoFilter(ApplicationFilterChain.java:199)
		at org.apache.catalina.core.ApplicationFilterChain.doFilter(ApplicationFilterChain.java:144)
		at org.apache.tomcat.websocket.server.WsFilter.doFilter(WsFilter.java:51)
		at org.apache.catalina.core.ApplicationFilterChain.internalDoFilter(ApplicationFilterChain.java:168)
		at org.apache.catalina.core.ApplicationFilterChain.doFilter(ApplicationFilterChain.java:144)
		at org.apache.catalina.core.StandardWrapperValve.invoke(StandardWrapperValve.java:168)
		at org.apache.catalina.core.StandardContextValve.invoke(StandardContextValve.java:90)
		at org.apache.catalina.authenticator.AuthenticatorBase.invoke(AuthenticatorBase.java:482)
		at org.apache.catalina.core.StandardHostValve.invoke(StandardHostValve.java:130)
		at org.apache.catalina.valves.ErrorReportValve.invoke(ErrorReportValve.java:93)
		at org.apache.catalina.valves.AbstractAccessLogValve.invoke(AbstractAccessLogValve.java:660)
		at org.apache.catalina.core.StandardEngineValve.invoke(StandardEngineValve.java:74)
		at org.apache.catalina.connector.CoyoteAdapter.service(CoyoteAdapter.java:346)
		at org.apache.coyote.http11.Http11Processor.service(Http11Processor.java:396)
		at org.apache.coyote.AbstractProcessorLight.process(AbstractProcessorLight.java:63)
		at org.apache.coyote.AbstractProtocol$ConnectionHandler.process(AbstractProtocol.java:937)
		at org.apache.tomcat.util.net.NioEndpoint$SocketProcessor.doRun(NioEndpoint.java:1793)
		at org.apache.tomcat.util.net.SocketProcessorBase.run(SocketProcessorBase.java:52)
		at org.apache.tomcat.util.threads.ThreadPoolExecutor.runWorker(ThreadPoolExecutor.java:1190)
		at org.apache.tomcat.util.threads.ThreadPoolExecutor$Worker.run(ThreadPoolExecutor.java:659)
		at org.apache.tomcat.util.threads.TaskThread$WrappingRunnable.run(TaskThread.java:63)
		at java.base/java.lang.Thread.run(Thread.java:829)
22-May-2025 13:14:56.034 정보 [main] org.apache.catalina.core.ApplicationContext.log SessionListener: contextDestroyed()
22-May-2025 13:14:56.035 정보 [main] org.apache.catalina.core.ApplicationContext.log ContextListener: contextDestroyed()
22-May-2025 13:15:02.636 정보 [main] org.apache.catalina.core.ApplicationContext.log ContextListener: contextInitialized()
22-May-2025 13:15:02.636 정보 [main] org.apache.catalina.core.ApplicationContext.log SessionListener: contextInitialized()
22-May-2025 13:15:02.640 정보 [main] org.apache.catalina.core.ApplicationContext.log ContextListener: attributeAdded('StockTicker', 'async.Stockticker@28a821f9')
22-May-2025 13:15:08.898 심각 [http-nio-8080-exec-4] org.apache.catalina.core.StandardWrapperValve.invoke 경로 []의 컨텍스트 내의 서블릿 [jsp]을(를) 위한 Servlet.service() 호출이, 근본 원인(root cause)과 함께, 예외 [행 [44]에서 [login/processLogin.jsp]을(를) 처리하는 중 예외 발생

41: }
42: 
43: if (isValidUser) {
44:     byte[] keyBytes = System.getenv("JWT_SECRET").getBytes("UTF-8");  // 하드코딩 제거
45:     Key signingKey = new SecretKeySpec(keyBytes, SignatureAlgorithm.HS256.getJcaName());
46: 
47:     String jwtToken = Jwts.builder()


Stacktrace:]을(를) 발생시켰습니다.
	java.lang.NullPointerException
		at org.apache.jsp.login.processLogin_jsp._jspService(processLogin_jsp.java:169)
		at org.apache.jasper.runtime.HttpJspBase.service(HttpJspBase.java:67)
		at javax.servlet.http.HttpServlet.service(HttpServlet.java:623)
		at org.apache.jasper.servlet.JspServletWrapper.service(JspServletWrapper.java:466)
		at org.apache.jasper.servlet.JspServlet.serviceJspFile(JspServlet.java:376)
		at org.apache.jasper.servlet.JspServlet.service(JspServlet.java:324)
		at javax.servlet.http.HttpServlet.service(HttpServlet.java:623)
		at org.apache.catalina.core.ApplicationFilterChain.internalDoFilter(ApplicationFilterChain.java:199)
		at org.apache.catalina.core.ApplicationFilterChain.doFilter(ApplicationFilterChain.java:144)
		at org.apache.tomcat.websocket.server.WsFilter.doFilter(WsFilter.java:51)
		at org.apache.catalina.core.ApplicationFilterChain.internalDoFilter(ApplicationFilterChain.java:168)
		at org.apache.catalina.core.ApplicationFilterChain.doFilter(ApplicationFilterChain.java:144)
		at org.apache.catalina.core.StandardWrapperValve.invoke(StandardWrapperValve.java:168)
		at org.apache.catalina.core.StandardContextValve.invoke(StandardContextValve.java:90)
		at org.apache.catalina.authenticator.AuthenticatorBase.invoke(AuthenticatorBase.java:482)
		at org.apache.catalina.core.StandardHostValve.invoke(StandardHostValve.java:130)
		at org.apache.catalina.valves.ErrorReportValve.invoke(ErrorReportValve.java:93)
		at org.apache.catalina.valves.AbstractAccessLogValve.invoke(AbstractAccessLogValve.java:660)
		at org.apache.catalina.core.StandardEngineValve.invoke(StandardEngineValve.java:74)
		at org.apache.catalina.connector.CoyoteAdapter.service(CoyoteAdapter.java:346)
		at org.apache.coyote.http11.Http11Processor.service(Http11Processor.java:396)
		at org.apache.coyote.AbstractProcessorLight.process(AbstractProcessorLight.java:63)
		at org.apache.coyote.AbstractProtocol$ConnectionHandler.process(AbstractProtocol.java:937)
		at org.apache.tomcat.util.net.NioEndpoint$SocketProcessor.doRun(NioEndpoint.java:1793)
		at org.apache.tomcat.util.net.SocketProcessorBase.run(SocketProcessorBase.java:52)
		at org.apache.tomcat.util.threads.ThreadPoolExecutor.runWorker(ThreadPoolExecutor.java:1190)
		at org.apache.tomcat.util.threads.ThreadPoolExecutor$Worker.run(ThreadPoolExecutor.java:659)
		at org.apache.tomcat.util.threads.TaskThread$WrappingRunnable.run(TaskThread.java:63)
		at java.base/java.lang.Thread.run(Thread.java:829)
22-May-2025 13:16:46.897 정보 [main] org.apache.catalina.core.ApplicationContext.log SessionListener: contextDestroyed()
22-May-2025 13:16:46.897 정보 [main] org.apache.catalina.core.ApplicationContext.log ContextListener: contextDestroyed()
22-May-2025 13:16:53.663 정보 [main] org.apache.catalina.core.ApplicationContext.log ContextListener: contextInitialized()
22-May-2025 13:16:53.663 정보 [main] org.apache.catalina.core.ApplicationContext.log SessionListener: contextInitialized()
22-May-2025 13:16:53.666 정보 [main] org.apache.catalina.core.ApplicationContext.log ContextListener: attributeAdded('StockTicker', 'async.Stockticker@5d12fa92')
22-May-2025 13:17:18.514 정보 [main] org.apache.catalina.core.ApplicationContext.log SessionListener: contextDestroyed()
22-May-2025 13:17:18.514 정보 [main] org.apache.catalina.core.ApplicationContext.log ContextListener: contextDestroyed()
22-May-2025 13:17:25.836 정보 [main] org.apache.catalina.core.ApplicationContext.log ContextListener: contextInitialized()
22-May-2025 13:17:25.837 정보 [main] org.apache.catalina.core.ApplicationContext.log SessionListener: contextInitialized()
22-May-2025 13:17:25.840 정보 [main] org.apache.catalina.core.ApplicationContext.log ContextListener: attributeAdded('StockTicker', 'async.Stockticker@50aa5826')
22-May-2025 13:20:02.320 심각 [http-nio-8080-exec-7] org.apache.catalina.core.StandardWrapperValve.invoke 경로 []의 컨텍스트 내의 서블릿 [jsp]을(를) 위한 Servlet.service() 호출이, 근본 원인(root cause)과 함께, 예외 [JSP를 위한 클래스를 컴파일할 수 없습니다.: 

JSP 파일 [/index.jsp]의 [22] 행에서 오류가 발생했습니다.
Key cannot be resolved to a type
19:             String jwtSecret = System.getenv("JWT_SECRET");
20:             if (jwtSecret != null) {
21:                 byte[] keyBytes = jwtSecret.getBytes("UTF-8");
22:                 Key signingKey = new SecretKeySpec(keyBytes, SignatureAlgorithm.HS256.getJcaName());
23: 
24:                 Claims claims = Jwts.parserBuilder()
25:                     .setSigningKey(signingKey)


JSP 파일 [/index.jsp]의 [22] 행에서 오류가 발생했습니다.
SecretKeySpec cannot be resolved to a type
19:             String jwtSecret = System.getenv("JWT_SECRET");
20:             if (jwtSecret != null) {
21:                 byte[] keyBytes = jwtSecret.getBytes("UTF-8");
22:                 Key signingKey = new SecretKeySpec(keyBytes, SignatureAlgorithm.HS256.getJcaName());
23: 
24:                 Claims claims = Jwts.parserBuilder()
25:                     .setSigningKey(signingKey)


JSP 파일 [/index.jsp]의 [22] 행에서 오류가 발생했습니다.
SignatureAlgorithm.HS256 cannot be resolved to a type
19:             String jwtSecret = System.getenv("JWT_SECRET");
20:             if (jwtSecret != null) {
21:                 byte[] keyBytes = jwtSecret.getBytes("UTF-8");
22:                 Key signingKey = new SecretKeySpec(keyBytes, SignatureAlgorithm.HS256.getJcaName());
23: 
24:                 Claims claims = Jwts.parserBuilder()
25:                     .setSigningKey(signingKey)


JSP 파일 [/index.jsp]의 [24] 행에서 오류가 발생했습니다.
Claims cannot be resolved to a type
21:                 byte[] keyBytes = jwtSecret.getBytes("UTF-8");
22:                 Key signingKey = new SecretKeySpec(keyBytes, SignatureAlgorithm.HS256.getJcaName());
23: 
24:                 Claims claims = Jwts.parserBuilder()
25:                     .setSigningKey(signingKey)
26:                     .build()
27:                     .parseClaimsJws(token)


JSP 파일 [/index.jsp]의 [24] 행에서 오류가 발생했습니다.
Jwts cannot be resolved
21:                 byte[] keyBytes = jwtSecret.getBytes("UTF-8");
22:                 Key signingKey = new SecretKeySpec(keyBytes, SignatureAlgorithm.HS256.getJcaName());
23: 
24:                 Claims claims = Jwts.parserBuilder()
25:                     .setSigningKey(signingKey)
26:                     .build()
27:                     .parseClaimsJws(token)


Stacktrace:]을(를) 발생시켰습니다.
	org.apache.jasper.JasperException: JSP를 위한 클래스를 컴파일할 수 없습니다.: 

JSP 파일 [/index.jsp]의 [22] 행에서 오류가 발생했습니다.
Key cannot be resolved to a type
19:             String jwtSecret = System.getenv("JWT_SECRET");
20:             if (jwtSecret != null) {
21:                 byte[] keyBytes = jwtSecret.getBytes("UTF-8");
22:                 Key signingKey = new SecretKeySpec(keyBytes, SignatureAlgorithm.HS256.getJcaName());
23: 
24:                 Claims claims = Jwts.parserBuilder()
25:                     .setSigningKey(signingKey)


JSP 파일 [/index.jsp]의 [22] 행에서 오류가 발생했습니다.
SecretKeySpec cannot be resolved to a type
19:             String jwtSecret = System.getenv("JWT_SECRET");
20:             if (jwtSecret != null) {
21:                 byte[] keyBytes = jwtSecret.getBytes("UTF-8");
22:                 Key signingKey = new SecretKeySpec(keyBytes, SignatureAlgorithm.HS256.getJcaName());
23: 
24:                 Claims claims = Jwts.parserBuilder()
25:                     .setSigningKey(signingKey)


JSP 파일 [/index.jsp]의 [22] 행에서 오류가 발생했습니다.
SignatureAlgorithm.HS256 cannot be resolved to a type
19:             String jwtSecret = System.getenv("JWT_SECRET");
20:             if (jwtSecret != null) {
21:                 byte[] keyBytes = jwtSecret.getBytes("UTF-8");
22:                 Key signingKey = new SecretKeySpec(keyBytes, SignatureAlgorithm.HS256.getJcaName());
23: 
24:                 Claims claims = Jwts.parserBuilder()
25:                     .setSigningKey(signingKey)


JSP 파일 [/index.jsp]의 [24] 행에서 오류가 발생했습니다.
Claims cannot be resolved to a type
21:                 byte[] keyBytes = jwtSecret.getBytes("UTF-8");
22:                 Key signingKey = new SecretKeySpec(keyBytes, SignatureAlgorithm.HS256.getJcaName());
23: 
24:                 Claims claims = Jwts.parserBuilder()
25:                     .setSigningKey(signingKey)
26:                     .build()
27:                     .parseClaimsJws(token)


JSP 파일 [/index.jsp]의 [24] 행에서 오류가 발생했습니다.
Jwts cannot be resolved
21:                 byte[] keyBytes = jwtSecret.getBytes("UTF-8");
22:                 Key signingKey = new SecretKeySpec(keyBytes, SignatureAlgorithm.HS256.getJcaName());
23: 
24:                 Claims claims = Jwts.parserBuilder()
25:                     .setSigningKey(signingKey)
26:                     .build()
27:                     .parseClaimsJws(token)


Stacktrace:
		at org.apache.jasper.compiler.DefaultErrorHandler.javacError(DefaultErrorHandler.java:72)
		at org.apache.jasper.compiler.ErrorDispatcher.javacError(ErrorDispatcher.java:192)
		at org.apache.jasper.compiler.JDTCompiler.generateClass(JDTCompiler.java:542)
		at org.apache.jasper.compiler.Compiler.compile(Compiler.java:371)
		at org.apache.jasper.compiler.Compiler.compile(Compiler.java:343)
		at org.apache.jasper.compiler.Compiler.compile(Compiler.java:329)
		at org.apache.jasper.JspCompilationContext.compile(JspCompilationContext.java:603)
		at org.apache.jasper.servlet.JspServletWrapper.service(JspServletWrapper.java:399)
		at org.apache.jasper.servlet.JspServlet.serviceJspFile(JspServlet.java:376)
		at org.apache.jasper.servlet.JspServlet.service(JspServlet.java:324)
		at javax.servlet.http.HttpServlet.service(HttpServlet.java:623)
		at org.apache.catalina.core.ApplicationFilterChain.internalDoFilter(ApplicationFilterChain.java:199)
		at org.apache.catalina.core.ApplicationFilterChain.doFilter(ApplicationFilterChain.java:144)
		at org.apache.tomcat.websocket.server.WsFilter.doFilter(WsFilter.java:51)
		at org.apache.catalina.core.ApplicationFilterChain.internalDoFilter(ApplicationFilterChain.java:168)
		at org.apache.catalina.core.ApplicationFilterChain.doFilter(ApplicationFilterChain.java:144)
		at org.apache.catalina.core.StandardWrapperValve.invoke(StandardWrapperValve.java:168)
		at org.apache.catalina.core.StandardContextValve.invoke(StandardContextValve.java:90)
		at org.apache.catalina.authenticator.AuthenticatorBase.invoke(AuthenticatorBase.java:482)
		at org.apache.catalina.core.StandardHostValve.invoke(StandardHostValve.java:130)
		at org.apache.catalina.valves.ErrorReportValve.invoke(ErrorReportValve.java:93)
		at org.apache.catalina.valves.AbstractAccessLogValve.invoke(AbstractAccessLogValve.java:660)
		at org.apache.catalina.core.StandardEngineValve.invoke(StandardEngineValve.java:74)
		at org.apache.catalina.connector.CoyoteAdapter.service(CoyoteAdapter.java:346)
		at org.apache.coyote.http11.Http11Processor.service(Http11Processor.java:396)
		at org.apache.coyote.AbstractProcessorLight.process(AbstractProcessorLight.java:63)
		at org.apache.coyote.AbstractProtocol$ConnectionHandler.process(AbstractProtocol.java:937)
		at org.apache.tomcat.util.net.NioEndpoint$SocketProcessor.doRun(NioEndpoint.java:1793)
		at org.apache.tomcat.util.net.SocketProcessorBase.run(SocketProcessorBase.java:52)
		at org.apache.tomcat.util.threads.ThreadPoolExecutor.runWorker(ThreadPoolExecutor.java:1190)
		at org.apache.tomcat.util.threads.ThreadPoolExecutor$Worker.run(ThreadPoolExecutor.java:659)
		at org.apache.tomcat.util.threads.TaskThread$WrappingRunnable.run(TaskThread.java:63)
		at java.base/java.lang.Thread.run(Thread.java:829)
22-May-2025 13:32:26.305 정보 [http-nio-8080-exec-17] org.apache.catalina.core.ApplicationContext.log ContextListener: attributeReplaced('org.apache.jasper.runtime.JspApplicationContextImpl', 'org.apache.jasper.runtime.JspApplicationContextImpl@40e1ce57')
22-May-2025 13:32:26.286 정보 [http-nio-8080-exec-22] org.apache.catalina.core.ApplicationContext.log ContextListener: attributeAdded('org.apache.jasper.runtime.JspApplicationContextImpl', 'org.apache.jasper.runtime.JspApplicationContextImpl@40e1ce57')
